[1.112s] Invoking command in '/home/mohamad/Inmind/Robotics-Session6-Assignment/Session6_ros2_ws/src/session6_assignment': PYTHONPATH=/home/mohamad/Inmind/Robotics-Session6-Assignment/Session6_ros2_ws/build/session6_assignment/prefix_override:/home/mohamad/Inmind/Robotics-Session6-Assignment/Session6_ros2_ws/install/session6_assignment/lib/python3.10/site-packages:${PYTHONPATH} /usr/bin/python3 -W ignore:setup.py install is deprecated setup.py egg_info --egg-base ../../build/session6_assignment build --build-base /home/mohamad/Inmind/Robotics-Session6-Assignment/Session6_ros2_ws/build/session6_assignment/build install --record /home/mohamad/Inmind/Robotics-Session6-Assignment/Session6_ros2_ws/build/session6_assignment/install.log --single-version-externally-managed install_data
[1.406s] running egg_info
[1.407s] writing ../../build/session6_assignment/session6_assignment.egg-info/PKG-INFO
[1.407s] writing dependency_links to ../../build/session6_assignment/session6_assignment.egg-info/dependency_links.txt
[1.409s] writing entry points to ../../build/session6_assignment/session6_assignment.egg-info/entry_points.txt
[1.409s] writing requirements to ../../build/session6_assignment/session6_assignment.egg-info/requires.txt
[1.409s] writing top-level names to ../../build/session6_assignment/session6_assignment.egg-info/top_level.txt
[1.411s] reading manifest file '../../build/session6_assignment/session6_assignment.egg-info/SOURCES.txt'
[1.412s] writing manifest file '../../build/session6_assignment/session6_assignment.egg-info/SOURCES.txt'
[1.412s] running build
[1.412s] running build_py
[1.412s] copying session6_assignment/deliver_item_action.py -> /home/mohamad/Inmind/Robotics-Session6-Assignment/Session6_ros2_ws/build/session6_assignment/build/lib/session6_assignment
[1.413s] running install
[1.413s] running install_lib
[1.414s] copying /home/mohamad/Inmind/Robotics-Session6-Assignment/Session6_ros2_ws/build/session6_assignment/build/lib/session6_assignment/deliver_item_action.py -> /home/mohamad/Inmind/Robotics-Session6-Assignment/Session6_ros2_ws/install/session6_assignment/lib/python3.10/site-packages/session6_assignment
[1.417s] byte-compiling /home/mohamad/Inmind/Robotics-Session6-Assignment/Session6_ros2_ws/install/session6_assignment/lib/python3.10/site-packages/session6_assignment/deliver_item_action.py to deliver_item_action.cpython-310.pyc
[1.417s] running install_data
[1.417s] running install_egg_info
[1.434s] removing '/home/mohamad/Inmind/Robotics-Session6-Assignment/Session6_ros2_ws/install/session6_assignment/lib/python3.10/site-packages/session6_assignment-0.0.0-py3.10.egg-info' (and everything under it)
[1.435s] Copying ../../build/session6_assignment/session6_assignment.egg-info to /home/mohamad/Inmind/Robotics-Session6-Assignment/Session6_ros2_ws/install/session6_assignment/lib/python3.10/site-packages/session6_assignment-0.0.0-py3.10.egg-info
[1.435s] running install_scripts
[1.462s] Installing check_stock_client script to /home/mohamad/Inmind/Robotics-Session6-Assignment/Session6_ros2_ws/install/session6_assignment/lib/session6_assignment
[1.462s] Installing check_stock_service script to /home/mohamad/Inmind/Robotics-Session6-Assignment/Session6_ros2_ws/install/session6_assignment/lib/session6_assignment
[1.463s] Installing deliver_item_action script to /home/mohamad/Inmind/Robotics-Session6-Assignment/Session6_ros2_ws/install/session6_assignment/lib/session6_assignment
[1.463s] Installing deliver_item_client script to /home/mohamad/Inmind/Robotics-Session6-Assignment/Session6_ros2_ws/install/session6_assignment/lib/session6_assignment
[1.464s] writing list of installed files to '/home/mohamad/Inmind/Robotics-Session6-Assignment/Session6_ros2_ws/build/session6_assignment/install.log'
[1.488s] Invoked command in '/home/mohamad/Inmind/Robotics-Session6-Assignment/Session6_ros2_ws/src/session6_assignment' returned '0': PYTHONPATH=/home/mohamad/Inmind/Robotics-Session6-Assignment/Session6_ros2_ws/build/session6_assignment/prefix_override:/home/mohamad/Inmind/Robotics-Session6-Assignment/Session6_ros2_ws/install/session6_assignment/lib/python3.10/site-packages:${PYTHONPATH} /usr/bin/python3 -W ignore:setup.py install is deprecated setup.py egg_info --egg-base ../../build/session6_assignment build --build-base /home/mohamad/Inmind/Robotics-Session6-Assignment/Session6_ros2_ws/build/session6_assignment/build install --record /home/mohamad/Inmind/Robotics-Session6-Assignment/Session6_ros2_ws/build/session6_assignment/install.log --single-version-externally-managed install_data
