[0.079s] Invoking command in '/home/mohamad/Inmind/Robotics-Session6-Assignment/Session6_ros2_ws/build/custom_interfaces': CMAKE_PREFIX_PATH=/home/mohamad/Inmind/Robotics-Session6-Assignment/Session6_ros2_ws/install/session6_assignment:/home/mohamad/Inmind/ros2_ws/install/session5_academy:/home/mohamad/Inmind/Robotics-Session5-Ros2/session5_ros2_ws/install/session5_assignment:/home/mohamad/ros2_ws/install/my_robot_controller:/opt/ros/humble /usr/bin/cmake /home/mohamad/Inmind/Robotics-Session6-Assignment/Session6_ros2_ws/src/custom_interfaces -DCMAKE_INSTALL_PREFIX=/home/mohamad/Inmind/Robotics-Session6-Assignment/Session6_ros2_ws/install/custom_interfaces
[2.454s] -- The C compiler identification is GNU 11.4.0
[3.116s] -- The CXX compiler identification is GNU 11.4.0
[3.202s] -- Detecting C compiler ABI info
[3.492s] -- Detecting C compiler ABI info - done
[3.499s] -- Check for working C compiler: /usr/bin/cc - skipped
[3.501s] -- Detecting C compile features
[3.514s] -- Detecting C compile features - done
[3.521s] -- Detecting CXX compiler ABI info
[3.709s] -- Detecting CXX compiler ABI info - done
[3.718s] -- Check for working CXX compiler: /usr/bin/c++ - skipped
[3.718s] -- Detecting CXX compile features
[3.719s] -- Detecting CXX compile features - done
[4.008s] -- Found ament_cmake: 1.3.9 (/opt/ros/humble/share/ament_cmake/cmake)
[4.537s] -- Found Python3: /usr/bin/python3 (found version "3.10.12") found components: Interpreter 
[5.019s] -- Found ament_lint_auto: 0.12.11 (/opt/ros/humble/share/ament_lint_auto/cmake)
[5.207s] -- Added test 'lint_cmake' to check CMake code style
[5.245s] -- Added test 'xmllint' to check XML markup files
[5.273s] -- Found rosidl_default_generators: 1.2.0 (/opt/ros/humble/share/rosidl_default_generators/cmake)
[5.328s] -- Using all available rosidl_typesupport_c: rosidl_typesupport_fastrtps_c;rosidl_typesupport_introspection_c
[5.371s] -- Found rosidl_adapter: 3.1.5 (/opt/ros/humble/share/rosidl_adapter/cmake)
[5.672s] -- Using all available rosidl_typesupport_cpp: rosidl_typesupport_fastrtps_cpp;rosidl_typesupport_introspection_cpp
[5.833s] [31mCMake Error at /opt/ros/humble/share/rosidl_cmake/cmake/rosidl_generate_interfaces.cmake:64 (message):
[5.833s]   rosidl_generate_interfaces() must be called before ament_package()
[5.836s] Call Stack (most recent call first):
[5.837s]   CMakeLists.txt:31 (rosidl_generate_interfaces)
[5.837s] 
[5.837s] [0m
[5.837s] -- Configuring incomplete, errors occurred!
[5.837s] See also "/home/mohamad/Inmind/Robotics-Session6-Assignment/Session6_ros2_ws/build/custom_interfaces/CMakeFiles/CMakeOutput.log".
[5.852s] Invoked command in '/home/mohamad/Inmind/Robotics-Session6-Assignment/Session6_ros2_ws/build/custom_interfaces' returned '1': CMAKE_PREFIX_PATH=/home/mohamad/Inmind/Robotics-Session6-Assignment/Session6_ros2_ws/install/session6_assignment:/home/mohamad/Inmind/ros2_ws/install/session5_academy:/home/mohamad/Inmind/Robotics-Session5-Ros2/session5_ros2_ws/install/session5_assignment:/home/mohamad/ros2_ws/install/my_robot_controller:/opt/ros/humble /usr/bin/cmake /home/mohamad/Inmind/Robotics-Session6-Assignment/Session6_ros2_ws/src/custom_interfaces -DCMAKE_INSTALL_PREFIX=/home/mohamad/Inmind/Robotics-Session6-Assignment/Session6_ros2_ws/install/custom_interfaces
