[2.197s] Invoking command in '/home/mohamad/Inmind/Robotics-Session6-Assignment/Session6_ros2_ws/src/session6_assignment': PYTHONPATH=/home/mohamad/Inmind/Robotics-Session6-Assignment/Session6_ros2_ws/build/session6_assignment/prefix_override:/home/mohamad/Inmind/Robotics-Session6-Assignment/Session6_ros2_ws/install/session6_assignment/lib/python3.10/site-packages:${PYTHONPATH} /usr/bin/python3 -W ignore:setup.py install is deprecated setup.py egg_info --egg-base ../../build/session6_assignment build --build-base /home/mohamad/Inmind/Robotics-Session6-Assignment/Session6_ros2_ws/build/session6_assignment/build install --record /home/mohamad/Inmind/Robotics-Session6-Assignment/Session6_ros2_ws/build/session6_assignment/install.log --single-version-externally-managed install_data
[2.521s] running egg_info
[2.526s] writing ../../build/session6_assignment/session6_assignment.egg-info/PKG-INFO
[2.526s] writing dependency_links to ../../build/session6_assignment/session6_assignment.egg-info/dependency_links.txt
[2.526s] writing entry points to ../../build/session6_assignment/session6_assignment.egg-info/entry_points.txt
[2.528s] writing requirements to ../../build/session6_assignment/session6_assignment.egg-info/requires.txt
[2.528s] writing top-level names to ../../build/session6_assignment/session6_assignment.egg-info/top_level.txt
[2.532s] reading manifest file '../../build/session6_assignment/session6_assignment.egg-info/SOURCES.txt'
[2.537s] writing manifest file '../../build/session6_assignment/session6_assignment.egg-info/SOURCES.txt'
[2.541s] running build
[2.541s] running build_py
[2.541s] copying session6_assignment/check_stock_client.py -> /home/mohamad/Inmind/Robotics-Session6-Assignment/Session6_ros2_ws/build/session6_assignment/build/lib/session6_assignment
[2.545s] running install
[2.547s] running install_lib
[2.616s] copying /home/mohamad/Inmind/Robotics-Session6-Assignment/Session6_ros2_ws/build/session6_assignment/build/lib/session6_assignment/check_stock_client.py -> /home/mohamad/Inmind/Robotics-Session6-Assignment/Session6_ros2_ws/install/session6_assignment/lib/python3.10/site-packages/session6_assignment
[2.618s] byte-compiling /home/mohamad/Inmind/Robotics-Session6-Assignment/Session6_ros2_ws/install/session6_assignment/lib/python3.10/site-packages/session6_assignment/check_stock_client.py to check_stock_client.cpython-310.pyc
[2.620s] running install_data
[2.620s] running install_egg_info
[2.624s] removing '/home/mohamad/Inmind/Robotics-Session6-Assignment/Session6_ros2_ws/install/session6_assignment/lib/python3.10/site-packages/session6_assignment-0.0.0-py3.10.egg-info' (and everything under it)
[2.624s] Copying ../../build/session6_assignment/session6_assignment.egg-info to /home/mohamad/Inmind/Robotics-Session6-Assignment/Session6_ros2_ws/install/session6_assignment/lib/python3.10/site-packages/session6_assignment-0.0.0-py3.10.egg-info
[2.629s] running install_scripts
[2.675s] Installing check_stock_client script to /home/mohamad/Inmind/Robotics-Session6-Assignment/Session6_ros2_ws/install/session6_assignment/lib/session6_assignment
[2.678s] Installing check_stock_service script to /home/mohamad/Inmind/Robotics-Session6-Assignment/Session6_ros2_ws/install/session6_assignment/lib/session6_assignment
[2.678s] Installing deliver_item_action script to /home/mohamad/Inmind/Robotics-Session6-Assignment/Session6_ros2_ws/install/session6_assignment/lib/session6_assignment
[2.678s] Installing deliver_item_client script to /home/mohamad/Inmind/Robotics-Session6-Assignment/Session6_ros2_ws/install/session6_assignment/lib/session6_assignment
[2.679s] writing list of installed files to '/home/mohamad/Inmind/Robotics-Session6-Assignment/Session6_ros2_ws/build/session6_assignment/install.log'
[2.731s] Invoked command in '/home/mohamad/Inmind/Robotics-Session6-Assignment/Session6_ros2_ws/src/session6_assignment' returned '0': PYTHONPATH=/home/mohamad/Inmind/Robotics-Session6-Assignment/Session6_ros2_ws/build/session6_assignment/prefix_override:/home/mohamad/Inmind/Robotics-Session6-Assignment/Session6_ros2_ws/install/session6_assignment/lib/python3.10/site-packages:${PYTHONPATH} /usr/bin/python3 -W ignore:setup.py install is deprecated setup.py egg_info --egg-base ../../build/session6_assignment build --build-base /home/mohamad/Inmind/Robotics-Session6-Assignment/Session6_ros2_ws/build/session6_assignment/build install --record /home/mohamad/Inmind/Robotics-Session6-Assignment/Session6_ros2_ws/build/session6_assignment/install.log --single-version-externally-managed install_data
