[0.049s] Invoking command in '/home/mohamad/Inmind/Robotics-Session6-Assignment/Session6_ros2_ws/build/custom_interfaces': CMAKE_PREFIX_PATH=${CMAKE_PREFIX_PATH}:/home/mohamad/Inmind/Robotics-Session6-Assignment/Session6_ros2_ws/install/session6_assignment:/home/mohamad/Inmind/ros2_ws/install/session5_academy:/home/mohamad/Inmind/Robotics-Session5-Ros2/session5_ros2_ws/install/session5_assignment:/home/mohamad/ros2_ws/install/my_robot_controller:/opt/ros/humble /usr/bin/cmake --build /home/mohamad/Inmind/Robotics-Session6-Assignment/Session6_ros2_ws/build/custom_interfaces -- -j4 -l4
[0.114s] -- Found ament_cmake: 1.3.9 (/opt/ros/humble/share/ament_cmake/cmake)
[0.302s] -- Found ament_lint_auto: 0.12.11 (/opt/ros/humble/share/ament_lint_auto/cmake)
[0.392s] -- Found rosidl_default_generators: 1.2.0 (/opt/ros/humble/share/rosidl_default_generators/cmake)
[0.394s] -- Using all available rosidl_typesupport_c: rosidl_typesupport_fastrtps_c;rosidl_typesupport_introspection_c
[0.397s] -- Found rosidl_adapter: 3.1.5 (/opt/ros/humble/share/rosidl_adapter/cmake)
[0.425s] -- Using all available rosidl_typesupport_cpp: rosidl_typesupport_fastrtps_cpp;rosidl_typesupport_introspection_cpp
[0.452s] -- Found action_msgs: 1.2.1 (/opt/ros/humble/share/action_msgs/cmake)
[1.032s] -- Found ament_cmake_ros: 0.10.0 (/opt/ros/humble/share/ament_cmake_ros/cmake)
[1.358s] -- Using all available rosidl_typesupport_c: rosidl_typesupport_fastrtps_c;rosidl_typesupport_introspection_c
[1.815s] -- Using all available rosidl_typesupport_cpp: rosidl_typesupport_fastrtps_cpp;rosidl_typesupport_introspection_cpp
[1.860s] -- Found python_cmake_module: 0.10.0 (/opt/ros/humble/share/python_cmake_module/cmake)
[1.915s] -- Using PYTHON_EXECUTABLE: /usr/bin/python3
[1.915s] -- Using PYTHON_INCLUDE_DIRS: /usr/include/python3.10
[1.915s] -- Using PYTHON_LIBRARIES: /usr/lib/x86_64-linux-gnu/libpython3.10.so
[2.014s] -- Added test 'lint_cmake' to check CMake code style
[2.024s] -- Added test 'xmllint' to check XML markup files
[2.072s] -- Configuring done
[2.379s] -- Generating done
[2.421s] -- Build files have been written to: /home/mohamad/Inmind/Robotics-Session6-Assignment/Session6_ros2_ws/build/custom_interfaces
[2.477s] [  2%] [34m[1mGenerating C code for ROS interfaces[0m
[2.528s] [  5%] [34m[1mGenerating C++ code for ROS interfaces[0m
[2.551s] [  5%] Built target ament_cmake_python_copy_custom_interfaces
[2.956s] running egg_info
[2.961s] writing custom_interfaces.egg-info/PKG-INFO
[2.961s] writing dependency_links to custom_interfaces.egg-info/dependency_links.txt
[2.961s] writing top-level names to custom_interfaces.egg-info/top_level.txt
[2.968s] reading manifest file 'custom_interfaces.egg-info/SOURCES.txt'
[2.968s] writing manifest file 'custom_interfaces.egg-info/SOURCES.txt'
[3.034s] [  5%] Built target ament_cmake_python_build_custom_interfaces_egg
[3.415s] [35m[1mConsolidate compiler generated dependencies of target custom_interfaces__rosidl_generator_c[0m
[3.440s] [  7%] [32mBuilding C object CMakeFiles/custom_interfaces__rosidl_generator_c.dir/rosidl_generator_c/custom_interfaces/srv/detail/check_stock__functions.c.o[0m
[3.441s] [ 10%] [32mBuilding C object CMakeFiles/custom_interfaces__rosidl_generator_c.dir/rosidl_generator_c/custom_interfaces/action/detail/deliver_item__functions.c.o[0m
[3.473s] [ 10%] Built target custom_interfaces__cpp
[3.497s] [ 12%] [34m[1mGenerating C++ type support dispatch for ROS interfaces[0m
[3.499s] [ 15%] [34m[1mGenerating C++ type support for eProsima Fast-RTPS[0m
[4.101s] [35m[1mConsolidate compiler generated dependencies of target custom_interfaces__rosidl_typesupport_cpp[0m
[4.124s] [ 17%] [32mBuilding CXX object CMakeFiles/custom_interfaces__rosidl_typesupport_cpp.dir/rosidl_typesupport_cpp/custom_interfaces/srv/check_stock__type_support.cpp.o[0m
[4.319s] [35m[1mConsolidate compiler generated dependencies of target custom_interfaces__rosidl_typesupport_fastrtps_cpp[0m
[4.349s] [ 20%] [32mBuilding CXX object CMakeFiles/custom_interfaces__rosidl_typesupport_fastrtps_cpp.dir/rosidl_typesupport_fastrtps_cpp/custom_interfaces/srv/detail/dds_fastrtps/check_stock__type_support.cpp.o[0m
[4.830s] [ 23%] [32mBuilding CXX object CMakeFiles/custom_interfaces__rosidl_typesupport_fastrtps_cpp.dir/rosidl_typesupport_fastrtps_cpp/custom_interfaces/action/detail/dds_fastrtps/deliver_item__type_support.cpp.o[0m
[4.850s] [ 25%] [32m[1mLinking C shared library libcustom_interfaces__rosidl_generator_c.so[0m
[5.255s] [ 25%] Built target custom_interfaces__rosidl_generator_c
[5.276s] [ 28%] [34m[1mGenerating C++ introspection for ROS interfaces[0m
[6.084s] [35m[1mConsolidate compiler generated dependencies of target custom_interfaces__rosidl_typesupport_introspection_cpp[0m
[6.127s] [ 30%] [32mBuilding CXX object CMakeFiles/custom_interfaces__rosidl_typesupport_introspection_cpp.dir/rosidl_typesupport_introspection_cpp/custom_interfaces/srv/detail/check_stock__type_support.cpp.o[0m
[6.155s] [ 33%] [32mBuilding CXX object CMakeFiles/custom_interfaces__rosidl_typesupport_cpp.dir/rosidl_typesupport_cpp/custom_interfaces/action/deliver_item__type_support.cpp.o[0m
[6.280s] [ 35%] [32mBuilding CXX object CMakeFiles/custom_interfaces__rosidl_typesupport_introspection_cpp.dir/rosidl_typesupport_introspection_cpp/custom_interfaces/action/detail/deliver_item__type_support.cpp.o[0m
[6.365s] [ 38%] [32m[1mLinking CXX shared library libcustom_interfaces__rosidl_typesupport_fastrtps_cpp.so[0m
[6.754s] [ 41%] [32m[1mLinking CXX shared library libcustom_interfaces__rosidl_typesupport_cpp.so[0m
[6.833s] [ 41%] Built target custom_interfaces__rosidl_typesupport_cpp
[6.855s] [ 43%] [34m[1mGenerating C type support for eProsima Fast-RTPS[0m
[6.863s] [ 46%] [34m[1mGenerating C introspection for ROS interfaces[0m
[6.897s] [ 46%] Built target custom_interfaces__rosidl_typesupport_fastrtps_cpp
[6.939s] [ 48%] [34m[1mGenerating C type support dispatch for ROS interfaces[0m
[6.954s] [ 51%] [32m[1mLinking CXX shared library libcustom_interfaces__rosidl_typesupport_introspection_cpp.so[0m
[7.082s] [ 51%] Built target custom_interfaces__rosidl_typesupport_introspection_cpp
[7.413s] [35m[1mConsolidate compiler generated dependencies of target custom_interfaces__rosidl_typesupport_c[0m
[7.445s] [ 53%] [32mBuilding CXX object CMakeFiles/custom_interfaces__rosidl_typesupport_c.dir/rosidl_typesupport_c/custom_interfaces/srv/check_stock__type_support.cpp.o[0m
[7.449s] [35m[1mConsolidate compiler generated dependencies of target custom_interfaces__rosidl_typesupport_introspection_c[0m
[7.457s] [ 56%] [32mBuilding CXX object CMakeFiles/custom_interfaces__rosidl_typesupport_c.dir/rosidl_typesupport_c/custom_interfaces/action/deliver_item__type_support.cpp.o[0m
[7.473s] [ 58%] [32mBuilding C object CMakeFiles/custom_interfaces__rosidl_typesupport_introspection_c.dir/rosidl_typesupport_introspection_c/custom_interfaces/srv/detail/check_stock__type_support.c.o[0m
[7.562s] [ 61%] [32mBuilding C object CMakeFiles/custom_interfaces__rosidl_typesupport_introspection_c.dir/rosidl_typesupport_introspection_c/custom_interfaces/action/detail/deliver_item__type_support.c.o[0m
[7.563s] [35m[1mConsolidate compiler generated dependencies of target custom_interfaces__rosidl_typesupport_fastrtps_c[0m
[7.572s] [ 64%] [32m[1mLinking CXX shared library libcustom_interfaces__rosidl_typesupport_c.so[0m
[7.585s] [ 66%] [32mBuilding CXX object CMakeFiles/custom_interfaces__rosidl_typesupport_fastrtps_c.dir/rosidl_typesupport_fastrtps_c/custom_interfaces/srv/detail/check_stock__type_support_c.cpp.o[0m
[7.585s] [ 69%] [32mBuilding CXX object CMakeFiles/custom_interfaces__rosidl_typesupport_fastrtps_c.dir/rosidl_typesupport_fastrtps_c/custom_interfaces/action/detail/deliver_item__type_support_c.cpp.o[0m
[7.665s] [ 71%] [32m[1mLinking C shared library libcustom_interfaces__rosidl_typesupport_introspection_c.so[0m
[7.680s] [ 71%] Built target custom_interfaces__rosidl_typesupport_c
[7.751s] [ 71%] Built target custom_interfaces__rosidl_typesupport_introspection_c
[8.039s] [ 74%] [32m[1mLinking CXX shared library libcustom_interfaces__rosidl_typesupport_fastrtps_c.so[0m
[8.175s] [ 74%] Built target custom_interfaces__rosidl_typesupport_fastrtps_c
[8.209s] [ 74%] Built target custom_interfaces
[8.273s] [ 76%] [34m[1mGenerating Python code for ROS interfaces[0m
[9.352s] [ 76%] Built target custom_interfaces__py
[9.390s] [35m[1mConsolidate compiler generated dependencies of target custom_interfaces__rosidl_generator_py[0m
[9.414s] [ 82%] [32mBuilding C object CMakeFiles/custom_interfaces__rosidl_generator_py.dir/rosidl_generator_py/custom_interfaces/srv/_check_stock_s.c.o[0m
[9.414s] [ 82%] [32mBuilding C object CMakeFiles/custom_interfaces__rosidl_generator_py.dir/rosidl_generator_py/custom_interfaces/action/_deliver_item_s.c.o[0m
[10.232s] [ 84%] [32m[1mLinking C shared library rosidl_generator_py/custom_interfaces/libcustom_interfaces__rosidl_generator_py.so[0m
[10.298s] [ 84%] Built target custom_interfaces__rosidl_generator_py
[10.332s] [35m[1mConsolidate compiler generated dependencies of target custom_interfaces__rosidl_typesupport_fastrtps_c__pyext[0m
[10.333s] [35m[1mConsolidate compiler generated dependencies of target custom_interfaces__rosidl_typesupport_introspection_c__pyext[0m
[10.337s] [35m[1mConsolidate compiler generated dependencies of target custom_interfaces__rosidl_typesupport_c__pyext[0m
[10.422s] [ 87%] [32mBuilding C object CMakeFiles/custom_interfaces__rosidl_typesupport_fastrtps_c__pyext.dir/rosidl_generator_py/custom_interfaces/_custom_interfaces_s.ep.rosidl_typesupport_fastrtps_c.c.o[0m
[10.448s] [ 92%] [32mBuilding C object CMakeFiles/custom_interfaces__rosidl_typesupport_introspection_c__pyext.dir/rosidl_generator_py/custom_interfaces/_custom_interfaces_s.ep.rosidl_typesupport_introspection_c.c.o[0m
[10.453s] [ 92%] [32mBuilding C object CMakeFiles/custom_interfaces__rosidl_typesupport_c__pyext.dir/rosidl_generator_py/custom_interfaces/_custom_interfaces_s.ep.rosidl_typesupport_c.c.o[0m
[10.517s] [ 94%] [32m[1mLinking C shared library rosidl_generator_py/custom_interfaces/custom_interfaces_s__rosidl_typesupport_fastrtps_c.cpython-310-x86_64-linux-gnu.so[0m
[10.579s] [ 94%] Built target custom_interfaces__rosidl_typesupport_fastrtps_c__pyext
[10.617s] [ 97%] [32m[1mLinking C shared library rosidl_generator_py/custom_interfaces/custom_interfaces_s__rosidl_typesupport_c.cpython-310-x86_64-linux-gnu.so[0m
[10.624s] [100%] [32m[1mLinking C shared library rosidl_generator_py/custom_interfaces/custom_interfaces_s__rosidl_typesupport_introspection_c.cpython-310-x86_64-linux-gnu.so[0m
[10.680s] [100%] Built target custom_interfaces__rosidl_typesupport_c__pyext
[10.687s] [100%] Built target custom_interfaces__rosidl_typesupport_introspection_c__pyext
[10.716s] Invoked command in '/home/mohamad/Inmind/Robotics-Session6-Assignment/Session6_ros2_ws/build/custom_interfaces' returned '0': CMAKE_PREFIX_PATH=${CMAKE_PREFIX_PATH}:/home/mohamad/Inmind/Robotics-Session6-Assignment/Session6_ros2_ws/install/session6_assignment:/home/mohamad/Inmind/ros2_ws/install/session5_academy:/home/mohamad/Inmind/Robotics-Session5-Ros2/session5_ros2_ws/install/session5_assignment:/home/mohamad/ros2_ws/install/my_robot_controller:/opt/ros/humble /usr/bin/cmake --build /home/mohamad/Inmind/Robotics-Session6-Assignment/Session6_ros2_ws/build/custom_interfaces -- -j4 -l4
[11.036s] Invoking command in '/home/mohamad/Inmind/Robotics-Session6-Assignment/Session6_ros2_ws/build/custom_interfaces': CMAKE_PREFIX_PATH=${CMAKE_PREFIX_PATH}:/home/mohamad/Inmind/Robotics-Session6-Assignment/Session6_ros2_ws/install/session6_assignment:/home/mohamad/Inmind/ros2_ws/install/session5_academy:/home/mohamad/Inmind/Robotics-Session5-Ros2/session5_ros2_ws/install/session5_assignment:/home/mohamad/ros2_ws/install/my_robot_controller:/opt/ros/humble /usr/bin/cmake --install /home/mohamad/Inmind/Robotics-Session6-Assignment/Session6_ros2_ws/build/custom_interfaces
[11.049s] -- Install configuration: ""
[11.050s] -- Installing: /home/mohamad/Inmind/Robotics-Session6-Assignment/Session6_ros2_ws/install/custom_interfaces/share/ament_index/resource_index/rosidl_interfaces/custom_interfaces
[11.160s] -- Up-to-date: /home/mohamad/Inmind/Robotics-Session6-Assignment/Session6_ros2_ws/install/custom_interfaces/include/custom_interfaces/custom_interfaces
[11.160s] -- Installing: /home/mohamad/Inmind/Robotics-Session6-Assignment/Session6_ros2_ws/install/custom_interfaces/include/custom_interfaces/custom_interfaces/action
[11.160s] -- Installing: /home/mohamad/Inmind/Robotics-Session6-Assignment/Session6_ros2_ws/install/custom_interfaces/include/custom_interfaces/custom_interfaces/action/detail
[11.160s] -- Installing: /home/mohamad/Inmind/Robotics-Session6-Assignment/Session6_ros2_ws/install/custom_interfaces/include/custom_interfaces/custom_interfaces/action/detail/deliver_item__struct.h
[11.160s] -- Installing: /home/mohamad/Inmind/Robotics-Session6-Assignment/Session6_ros2_ws/install/custom_interfaces/include/custom_interfaces/custom_interfaces/action/detail/deliver_item__functions.c
[11.160s] -- Installing: /home/mohamad/Inmind/Robotics-Session6-Assignment/Session6_ros2_ws/install/custom_interfaces/include/custom_interfaces/custom_interfaces/action/detail/deliver_item__type_support.h
[11.160s] -- Installing: /home/mohamad/Inmind/Robotics-Session6-Assignment/Session6_ros2_ws/install/custom_interfaces/include/custom_interfaces/custom_interfaces/action/detail/deliver_item__functions.h
[11.160s] -- Installing: /home/mohamad/Inmind/Robotics-Session6-Assignment/Session6_ros2_ws/install/custom_interfaces/include/custom_interfaces/custom_interfaces/action/deliver_item.h
[11.160s] -- Up-to-date: /home/mohamad/Inmind/Robotics-Session6-Assignment/Session6_ros2_ws/install/custom_interfaces/include/custom_interfaces/custom_interfaces/srv
[11.161s] -- Up-to-date: /home/mohamad/Inmind/Robotics-Session6-Assignment/Session6_ros2_ws/install/custom_interfaces/include/custom_interfaces/custom_interfaces/srv/detail
[11.161s] -- Installing: /home/mohamad/Inmind/Robotics-Session6-Assignment/Session6_ros2_ws/install/custom_interfaces/include/custom_interfaces/custom_interfaces/srv/detail/check_stock__functions.c
[11.161s] -- Installing: /home/mohamad/Inmind/Robotics-Session6-Assignment/Session6_ros2_ws/install/custom_interfaces/include/custom_interfaces/custom_interfaces/srv/detail/check_stock__type_support.h
[11.161s] -- Installing: /home/mohamad/Inmind/Robotics-Session6-Assignment/Session6_ros2_ws/install/custom_interfaces/include/custom_interfaces/custom_interfaces/srv/detail/check_stock__functions.h
[11.161s] -- Installing: /home/mohamad/Inmind/Robotics-Session6-Assignment/Session6_ros2_ws/install/custom_interfaces/include/custom_interfaces/custom_interfaces/srv/detail/check_stock__struct.h
[11.161s] -- Installing: /home/mohamad/Inmind/Robotics-Session6-Assignment/Session6_ros2_ws/install/custom_interfaces/include/custom_interfaces/custom_interfaces/srv/check_stock.h
[11.161s] -- Up-to-date: /home/mohamad/Inmind/Robotics-Session6-Assignment/Session6_ros2_ws/install/custom_interfaces/include/custom_interfaces/custom_interfaces/msg
[11.161s] -- Up-to-date: /home/mohamad/Inmind/Robotics-Session6-Assignment/Session6_ros2_ws/install/custom_interfaces/include/custom_interfaces/custom_interfaces/msg/rosidl_generator_c__visibility_control.h
[11.161s] -- Up-to-date: /home/mohamad/Inmind/Robotics-Session6-Assignment/Session6_ros2_ws/install/custom_interfaces/share/custom_interfaces/environment/library_path.sh
[11.161s] -- Installing: /home/mohamad/Inmind/Robotics-Session6-Assignment/Session6_ros2_ws/install/custom_interfaces/share/custom_interfaces/environment/library_path.dsv
[11.161s] -- Installing: /home/mohamad/Inmind/Robotics-Session6-Assignment/Session6_ros2_ws/install/custom_interfaces/lib/libcustom_interfaces__rosidl_generator_c.so
[11.162s] -- Set runtime path of "/home/mohamad/Inmind/Robotics-Session6-Assignment/Session6_ros2_ws/install/custom_interfaces/lib/libcustom_interfaces__rosidl_generator_c.so" to ""
[11.162s] -- Up-to-date: /home/mohamad/Inmind/Robotics-Session6-Assignment/Session6_ros2_ws/install/custom_interfaces/include/custom_interfaces/custom_interfaces
[11.166s] -- Up-to-date: /home/mohamad/Inmind/Robotics-Session6-Assignment/Session6_ros2_ws/install/custom_interfaces/include/custom_interfaces/custom_interfaces/action
[11.166s] -- Up-to-date: /home/mohamad/Inmind/Robotics-Session6-Assignment/Session6_ros2_ws/install/custom_interfaces/include/custom_interfaces/custom_interfaces/action/detail
[11.167s] -- Installing: /home/mohamad/Inmind/Robotics-Session6-Assignment/Session6_ros2_ws/install/custom_interfaces/include/custom_interfaces/custom_interfaces/action/detail/deliver_item__rosidl_typesupport_fastrtps_c.h
[11.167s] -- Up-to-date: /home/mohamad/Inmind/Robotics-Session6-Assignment/Session6_ros2_ws/install/custom_interfaces/include/custom_interfaces/custom_interfaces/srv
[11.167s] -- Up-to-date: /home/mohamad/Inmind/Robotics-Session6-Assignment/Session6_ros2_ws/install/custom_interfaces/include/custom_interfaces/custom_interfaces/srv/detail
[11.167s] -- Installing: /home/mohamad/Inmind/Robotics-Session6-Assignment/Session6_ros2_ws/install/custom_interfaces/include/custom_interfaces/custom_interfaces/srv/detail/check_stock__rosidl_typesupport_fastrtps_c.h
[11.167s] -- Up-to-date: /home/mohamad/Inmind/Robotics-Session6-Assignment/Session6_ros2_ws/install/custom_interfaces/include/custom_interfaces/custom_interfaces/msg
[11.168s] -- Up-to-date: /home/mohamad/Inmind/Robotics-Session6-Assignment/Session6_ros2_ws/install/custom_interfaces/include/custom_interfaces/custom_interfaces/msg/rosidl_typesupport_fastrtps_c__visibility_control.h
[11.168s] -- Installing: /home/mohamad/Inmind/Robotics-Session6-Assignment/Session6_ros2_ws/install/custom_interfaces/lib/libcustom_interfaces__rosidl_typesupport_fastrtps_c.so
[11.168s] -- Set runtime path of "/home/mohamad/Inmind/Robotics-Session6-Assignment/Session6_ros2_ws/install/custom_interfaces/lib/libcustom_interfaces__rosidl_typesupport_fastrtps_c.so" to ""
[11.168s] -- Up-to-date: /home/mohamad/Inmind/Robotics-Session6-Assignment/Session6_ros2_ws/install/custom_interfaces/include/custom_interfaces/custom_interfaces
[11.168s] -- Up-to-date: /home/mohamad/Inmind/Robotics-Session6-Assignment/Session6_ros2_ws/install/custom_interfaces/include/custom_interfaces/custom_interfaces/action
[11.169s] -- Up-to-date: /home/mohamad/Inmind/Robotics-Session6-Assignment/Session6_ros2_ws/install/custom_interfaces/include/custom_interfaces/custom_interfaces/action/detail
[11.169s] -- Installing: /home/mohamad/Inmind/Robotics-Session6-Assignment/Session6_ros2_ws/install/custom_interfaces/include/custom_interfaces/custom_interfaces/action/detail/deliver_item__rosidl_typesupport_introspection_c.h
[11.170s] -- Installing: /home/mohamad/Inmind/Robotics-Session6-Assignment/Session6_ros2_ws/install/custom_interfaces/include/custom_interfaces/custom_interfaces/action/detail/deliver_item__type_support.c
[11.170s] -- Up-to-date: /home/mohamad/Inmind/Robotics-Session6-Assignment/Session6_ros2_ws/install/custom_interfaces/include/custom_interfaces/custom_interfaces/srv
[11.170s] -- Up-to-date: /home/mohamad/Inmind/Robotics-Session6-Assignment/Session6_ros2_ws/install/custom_interfaces/include/custom_interfaces/custom_interfaces/srv/detail
[11.170s] -- Installing: /home/mohamad/Inmind/Robotics-Session6-Assignment/Session6_ros2_ws/install/custom_interfaces/include/custom_interfaces/custom_interfaces/srv/detail/check_stock__type_support.c
[11.170s] -- Installing: /home/mohamad/Inmind/Robotics-Session6-Assignment/Session6_ros2_ws/install/custom_interfaces/include/custom_interfaces/custom_interfaces/srv/detail/check_stock__rosidl_typesupport_introspection_c.h
[11.170s] -- Up-to-date: /home/mohamad/Inmind/Robotics-Session6-Assignment/Session6_ros2_ws/install/custom_interfaces/include/custom_interfaces/custom_interfaces/msg
[11.171s] -- Up-to-date: /home/mohamad/Inmind/Robotics-Session6-Assignment/Session6_ros2_ws/install/custom_interfaces/include/custom_interfaces/custom_interfaces/msg/rosidl_typesupport_introspection_c__visibility_control.h
[11.171s] -- Installing: /home/mohamad/Inmind/Robotics-Session6-Assignment/Session6_ros2_ws/install/custom_interfaces/lib/libcustom_interfaces__rosidl_typesupport_introspection_c.so
[11.171s] -- Set runtime path of "/home/mohamad/Inmind/Robotics-Session6-Assignment/Session6_ros2_ws/install/custom_interfaces/lib/libcustom_interfaces__rosidl_typesupport_introspection_c.so" to ""
[11.171s] -- Installing: /home/mohamad/Inmind/Robotics-Session6-Assignment/Session6_ros2_ws/install/custom_interfaces/lib/libcustom_interfaces__rosidl_typesupport_c.so
[11.171s] -- Set runtime path of "/home/mohamad/Inmind/Robotics-Session6-Assignment/Session6_ros2_ws/install/custom_interfaces/lib/libcustom_interfaces__rosidl_typesupport_c.so" to ""
[11.171s] -- Up-to-date: /home/mohamad/Inmind/Robotics-Session6-Assignment/Session6_ros2_ws/install/custom_interfaces/include/custom_interfaces/custom_interfaces
[11.171s] -- Up-to-date: /home/mohamad/Inmind/Robotics-Session6-Assignment/Session6_ros2_ws/install/custom_interfaces/include/custom_interfaces/custom_interfaces/action
[11.171s] -- Up-to-date: /home/mohamad/Inmind/Robotics-Session6-Assignment/Session6_ros2_ws/install/custom_interfaces/include/custom_interfaces/custom_interfaces/action/detail
[11.171s] -- Installing: /home/mohamad/Inmind/Robotics-Session6-Assignment/Session6_ros2_ws/install/custom_interfaces/include/custom_interfaces/custom_interfaces/action/detail/deliver_item__struct.hpp
[11.171s] -- Installing: /home/mohamad/Inmind/Robotics-Session6-Assignment/Session6_ros2_ws/install/custom_interfaces/include/custom_interfaces/custom_interfaces/action/detail/deliver_item__traits.hpp
[11.172s] -- Installing: /home/mohamad/Inmind/Robotics-Session6-Assignment/Session6_ros2_ws/install/custom_interfaces/include/custom_interfaces/custom_interfaces/action/detail/deliver_item__builder.hpp
[11.172s] -- Installing: /home/mohamad/Inmind/Robotics-Session6-Assignment/Session6_ros2_ws/install/custom_interfaces/include/custom_interfaces/custom_interfaces/action/deliver_item.hpp
[11.172s] -- Up-to-date: /home/mohamad/Inmind/Robotics-Session6-Assignment/Session6_ros2_ws/install/custom_interfaces/include/custom_interfaces/custom_interfaces/srv
[11.172s] -- Installing: /home/mohamad/Inmind/Robotics-Session6-Assignment/Session6_ros2_ws/install/custom_interfaces/include/custom_interfaces/custom_interfaces/srv/check_stock.hpp
[11.172s] -- Up-to-date: /home/mohamad/Inmind/Robotics-Session6-Assignment/Session6_ros2_ws/install/custom_interfaces/include/custom_interfaces/custom_interfaces/srv/detail
[11.173s] -- Installing: /home/mohamad/Inmind/Robotics-Session6-Assignment/Session6_ros2_ws/install/custom_interfaces/include/custom_interfaces/custom_interfaces/srv/detail/check_stock__traits.hpp
[11.173s] -- Installing: /home/mohamad/Inmind/Robotics-Session6-Assignment/Session6_ros2_ws/install/custom_interfaces/include/custom_interfaces/custom_interfaces/srv/detail/check_stock__struct.hpp
[11.173s] -- Installing: /home/mohamad/Inmind/Robotics-Session6-Assignment/Session6_ros2_ws/install/custom_interfaces/include/custom_interfaces/custom_interfaces/srv/detail/check_stock__builder.hpp
[11.173s] -- Up-to-date: /home/mohamad/Inmind/Robotics-Session6-Assignment/Session6_ros2_ws/install/custom_interfaces/include/custom_interfaces/custom_interfaces
[11.173s] -- Up-to-date: /home/mohamad/Inmind/Robotics-Session6-Assignment/Session6_ros2_ws/install/custom_interfaces/include/custom_interfaces/custom_interfaces/action
[11.174s] -- Up-to-date: /home/mohamad/Inmind/Robotics-Session6-Assignment/Session6_ros2_ws/install/custom_interfaces/include/custom_interfaces/custom_interfaces/action/detail
[11.174s] -- Installing: /home/mohamad/Inmind/Robotics-Session6-Assignment/Session6_ros2_ws/install/custom_interfaces/include/custom_interfaces/custom_interfaces/action/detail/dds_fastrtps
[11.174s] -- Installing: /home/mohamad/Inmind/Robotics-Session6-Assignment/Session6_ros2_ws/install/custom_interfaces/include/custom_interfaces/custom_interfaces/action/detail/deliver_item__rosidl_typesupport_fastrtps_cpp.hpp
[11.175s] -- Up-to-date: /home/mohamad/Inmind/Robotics-Session6-Assignment/Session6_ros2_ws/install/custom_interfaces/include/custom_interfaces/custom_interfaces/srv
[11.175s] -- Up-to-date: /home/mohamad/Inmind/Robotics-Session6-Assignment/Session6_ros2_ws/install/custom_interfaces/include/custom_interfaces/custom_interfaces/srv/detail
[11.175s] -- Up-to-date: /home/mohamad/Inmind/Robotics-Session6-Assignment/Session6_ros2_ws/install/custom_interfaces/include/custom_interfaces/custom_interfaces/srv/detail/dds_fastrtps
[11.175s] -- Installing: /home/mohamad/Inmind/Robotics-Session6-Assignment/Session6_ros2_ws/install/custom_interfaces/include/custom_interfaces/custom_interfaces/srv/detail/check_stock__rosidl_typesupport_fastrtps_cpp.hpp
[11.175s] -- Up-to-date: /home/mohamad/Inmind/Robotics-Session6-Assignment/Session6_ros2_ws/install/custom_interfaces/include/custom_interfaces/custom_interfaces/msg
[11.175s] -- Up-to-date: /home/mohamad/Inmind/Robotics-Session6-Assignment/Session6_ros2_ws/install/custom_interfaces/include/custom_interfaces/custom_interfaces/msg/rosidl_typesupport_fastrtps_cpp__visibility_control.h
[11.175s] -- Installing: /home/mohamad/Inmind/Robotics-Session6-Assignment/Session6_ros2_ws/install/custom_interfaces/lib/libcustom_interfaces__rosidl_typesupport_fastrtps_cpp.so
[11.175s] -- Set runtime path of "/home/mohamad/Inmind/Robotics-Session6-Assignment/Session6_ros2_ws/install/custom_interfaces/lib/libcustom_interfaces__rosidl_typesupport_fastrtps_cpp.so" to ""
[11.175s] -- Up-to-date: /home/mohamad/Inmind/Robotics-Session6-Assignment/Session6_ros2_ws/install/custom_interfaces/include/custom_interfaces/custom_interfaces
[11.175s] -- Up-to-date: /home/mohamad/Inmind/Robotics-Session6-Assignment/Session6_ros2_ws/install/custom_interfaces/include/custom_interfaces/custom_interfaces/action
[11.175s] -- Up-to-date: /home/mohamad/Inmind/Robotics-Session6-Assignment/Session6_ros2_ws/install/custom_interfaces/include/custom_interfaces/custom_interfaces/action/detail
[11.176s] -- Installing: /home/mohamad/Inmind/Robotics-Session6-Assignment/Session6_ros2_ws/install/custom_interfaces/include/custom_interfaces/custom_interfaces/action/detail/deliver_item__rosidl_typesupport_introspection_cpp.hpp
[11.176s] -- Installing: /home/mohamad/Inmind/Robotics-Session6-Assignment/Session6_ros2_ws/install/custom_interfaces/include/custom_interfaces/custom_interfaces/action/detail/deliver_item__type_support.cpp
[11.176s] -- Up-to-date: /home/mohamad/Inmind/Robotics-Session6-Assignment/Session6_ros2_ws/install/custom_interfaces/include/custom_interfaces/custom_interfaces/srv
[11.176s] -- Up-to-date: /home/mohamad/Inmind/Robotics-Session6-Assignment/Session6_ros2_ws/install/custom_interfaces/include/custom_interfaces/custom_interfaces/srv/detail
[11.176s] -- Installing: /home/mohamad/Inmind/Robotics-Session6-Assignment/Session6_ros2_ws/install/custom_interfaces/include/custom_interfaces/custom_interfaces/srv/detail/check_stock__type_support.cpp
[11.176s] -- Installing: /home/mohamad/Inmind/Robotics-Session6-Assignment/Session6_ros2_ws/install/custom_interfaces/include/custom_interfaces/custom_interfaces/srv/detail/check_stock__rosidl_typesupport_introspection_cpp.hpp
[11.177s] -- Installing: /home/mohamad/Inmind/Robotics-Session6-Assignment/Session6_ros2_ws/install/custom_interfaces/lib/libcustom_interfaces__rosidl_typesupport_introspection_cpp.so
[11.177s] -- Set runtime path of "/home/mohamad/Inmind/Robotics-Session6-Assignment/Session6_ros2_ws/install/custom_interfaces/lib/libcustom_interfaces__rosidl_typesupport_introspection_cpp.so" to ""
[11.177s] -- Installing: /home/mohamad/Inmind/Robotics-Session6-Assignment/Session6_ros2_ws/install/custom_interfaces/lib/libcustom_interfaces__rosidl_typesupport_cpp.so
[11.177s] -- Set runtime path of "/home/mohamad/Inmind/Robotics-Session6-Assignment/Session6_ros2_ws/install/custom_interfaces/lib/libcustom_interfaces__rosidl_typesupport_cpp.so" to ""
[11.177s] -- Up-to-date: /home/mohamad/Inmind/Robotics-Session6-Assignment/Session6_ros2_ws/install/custom_interfaces/share/custom_interfaces/environment/pythonpath.sh
[11.177s] -- Installing: /home/mohamad/Inmind/Robotics-Session6-Assignment/Session6_ros2_ws/install/custom_interfaces/share/custom_interfaces/environment/pythonpath.dsv
[11.177s] -- Up-to-date: /home/mohamad/Inmind/Robotics-Session6-Assignment/Session6_ros2_ws/install/custom_interfaces/local/lib/python3.10/dist-packages/custom_interfaces-0.0.0-py3.10.egg-info
[11.178s] -- Installing: /home/mohamad/Inmind/Robotics-Session6-Assignment/Session6_ros2_ws/install/custom_interfaces/local/lib/python3.10/dist-packages/custom_interfaces-0.0.0-py3.10.egg-info/top_level.txt
[11.178s] -- Installing: /home/mohamad/Inmind/Robotics-Session6-Assignment/Session6_ros2_ws/install/custom_interfaces/local/lib/python3.10/dist-packages/custom_interfaces-0.0.0-py3.10.egg-info/dependency_links.txt
[11.178s] -- Installing: /home/mohamad/Inmind/Robotics-Session6-Assignment/Session6_ros2_ws/install/custom_interfaces/local/lib/python3.10/dist-packages/custom_interfaces-0.0.0-py3.10.egg-info/PKG-INFO
[11.178s] -- Installing: /home/mohamad/Inmind/Robotics-Session6-Assignment/Session6_ros2_ws/install/custom_interfaces/local/lib/python3.10/dist-packages/custom_interfaces-0.0.0-py3.10.egg-info/SOURCES.txt
[11.178s] -- Up-to-date: /home/mohamad/Inmind/Robotics-Session6-Assignment/Session6_ros2_ws/install/custom_interfaces/local/lib/python3.10/dist-packages/custom_interfaces
[11.179s] -- Installing: /home/mohamad/Inmind/Robotics-Session6-Assignment/Session6_ros2_ws/install/custom_interfaces/local/lib/python3.10/dist-packages/custom_interfaces/action
[11.179s] -- Installing: /home/mohamad/Inmind/Robotics-Session6-Assignment/Session6_ros2_ws/install/custom_interfaces/local/lib/python3.10/dist-packages/custom_interfaces/action/_deliver_item_s.c
[11.179s] -- Installing: /home/mohamad/Inmind/Robotics-Session6-Assignment/Session6_ros2_ws/install/custom_interfaces/local/lib/python3.10/dist-packages/custom_interfaces/action/__init__.py
[11.179s] -- Installing: /home/mohamad/Inmind/Robotics-Session6-Assignment/Session6_ros2_ws/install/custom_interfaces/local/lib/python3.10/dist-packages/custom_interfaces/action/_deliver_item.py
[11.179s] -- Installing: /home/mohamad/Inmind/Robotics-Session6-Assignment/Session6_ros2_ws/install/custom_interfaces/local/lib/python3.10/dist-packages/custom_interfaces/custom_interfaces_s__rosidl_typesupport_fastrtps_c.cpython-310-x86_64-linux-gnu.so
[11.179s] -- Installing: /home/mohamad/Inmind/Robotics-Session6-Assignment/Session6_ros2_ws/install/custom_interfaces/local/lib/python3.10/dist-packages/custom_interfaces/custom_interfaces_s__rosidl_typesupport_introspection_c.cpython-310-x86_64-linux-gnu.so
[11.180s] -- Installing: /home/mohamad/Inmind/Robotics-Session6-Assignment/Session6_ros2_ws/install/custom_interfaces/local/lib/python3.10/dist-packages/custom_interfaces/libcustom_interfaces__rosidl_generator_py.so
[11.180s] -- Installing: /home/mohamad/Inmind/Robotics-Session6-Assignment/Session6_ros2_ws/install/custom_interfaces/local/lib/python3.10/dist-packages/custom_interfaces/_custom_interfaces_s.ep.rosidl_typesupport_introspection_c.c
[11.180s] -- Up-to-date: /home/mohamad/Inmind/Robotics-Session6-Assignment/Session6_ros2_ws/install/custom_interfaces/local/lib/python3.10/dist-packages/custom_interfaces/srv
[11.180s] -- Installing: /home/mohamad/Inmind/Robotics-Session6-Assignment/Session6_ros2_ws/install/custom_interfaces/local/lib/python3.10/dist-packages/custom_interfaces/srv/_check_stock.py
[11.180s] -- Installing: /home/mohamad/Inmind/Robotics-Session6-Assignment/Session6_ros2_ws/install/custom_interfaces/local/lib/python3.10/dist-packages/custom_interfaces/srv/__init__.py
[11.180s] -- Installing: /home/mohamad/Inmind/Robotics-Session6-Assignment/Session6_ros2_ws/install/custom_interfaces/local/lib/python3.10/dist-packages/custom_interfaces/srv/_check_stock_s.c
[11.180s] -- Installing: /home/mohamad/Inmind/Robotics-Session6-Assignment/Session6_ros2_ws/install/custom_interfaces/local/lib/python3.10/dist-packages/custom_interfaces/_custom_interfaces_s.ep.rosidl_typesupport_c.c
[11.180s] -- Installing: /home/mohamad/Inmind/Robotics-Session6-Assignment/Session6_ros2_ws/install/custom_interfaces/local/lib/python3.10/dist-packages/custom_interfaces/__init__.py
[11.180s] -- Installing: /home/mohamad/Inmind/Robotics-Session6-Assignment/Session6_ros2_ws/install/custom_interfaces/local/lib/python3.10/dist-packages/custom_interfaces/_custom_interfaces_s.ep.rosidl_typesupport_fastrtps_c.c
[11.180s] -- Installing: /home/mohamad/Inmind/Robotics-Session6-Assignment/Session6_ros2_ws/install/custom_interfaces/local/lib/python3.10/dist-packages/custom_interfaces/custom_interfaces_s__rosidl_typesupport_c.cpython-310-x86_64-linux-gnu.so
[11.228s] Listing '/home/mohamad/Inmind/Robotics-Session6-Assignment/Session6_ros2_ws/install/custom_interfaces/local/lib/python3.10/dist-packages/custom_interfaces'...
[11.228s] Compiling '/home/mohamad/Inmind/Robotics-Session6-Assignment/Session6_ros2_ws/install/custom_interfaces/local/lib/python3.10/dist-packages/custom_interfaces/__init__.py'...
[11.228s] Listing '/home/mohamad/Inmind/Robotics-Session6-Assignment/Session6_ros2_ws/install/custom_interfaces/local/lib/python3.10/dist-packages/custom_interfaces/action'...
[11.228s] Compiling '/home/mohamad/Inmind/Robotics-Session6-Assignment/Session6_ros2_ws/install/custom_interfaces/local/lib/python3.10/dist-packages/custom_interfaces/action/__init__.py'...
[11.228s] Compiling '/home/mohamad/Inmind/Robotics-Session6-Assignment/Session6_ros2_ws/install/custom_interfaces/local/lib/python3.10/dist-packages/custom_interfaces/action/_deliver_item.py'...
[11.228s] Listing '/home/mohamad/Inmind/Robotics-Session6-Assignment/Session6_ros2_ws/install/custom_interfaces/local/lib/python3.10/dist-packages/custom_interfaces/srv'...
[11.228s] Compiling '/home/mohamad/Inmind/Robotics-Session6-Assignment/Session6_ros2_ws/install/custom_interfaces/local/lib/python3.10/dist-packages/custom_interfaces/srv/__init__.py'...
[11.228s] Compiling '/home/mohamad/Inmind/Robotics-Session6-Assignment/Session6_ros2_ws/install/custom_interfaces/local/lib/python3.10/dist-packages/custom_interfaces/srv/_check_stock.py'...
[11.234s] -- Installing: /home/mohamad/Inmind/Robotics-Session6-Assignment/Session6_ros2_ws/install/custom_interfaces/local/lib/python3.10/dist-packages/custom_interfaces/custom_interfaces_s__rosidl_typesupport_fastrtps_c.cpython-310-x86_64-linux-gnu.so
[11.234s] -- Set runtime path of "/home/mohamad/Inmind/Robotics-Session6-Assignment/Session6_ros2_ws/install/custom_interfaces/local/lib/python3.10/dist-packages/custom_interfaces/custom_interfaces_s__rosidl_typesupport_fastrtps_c.cpython-310-x86_64-linux-gnu.so" to ""
[11.234s] -- Installing: /home/mohamad/Inmind/Robotics-Session6-Assignment/Session6_ros2_ws/install/custom_interfaces/local/lib/python3.10/dist-packages/custom_interfaces/custom_interfaces_s__rosidl_typesupport_introspection_c.cpython-310-x86_64-linux-gnu.so
[11.234s] -- Set runtime path of "/home/mohamad/Inmind/Robotics-Session6-Assignment/Session6_ros2_ws/install/custom_interfaces/local/lib/python3.10/dist-packages/custom_interfaces/custom_interfaces_s__rosidl_typesupport_introspection_c.cpython-310-x86_64-linux-gnu.so" to ""
[11.235s] -- Installing: /home/mohamad/Inmind/Robotics-Session6-Assignment/Session6_ros2_ws/install/custom_interfaces/local/lib/python3.10/dist-packages/custom_interfaces/custom_interfaces_s__rosidl_typesupport_c.cpython-310-x86_64-linux-gnu.so
[11.235s] -- Set runtime path of "/home/mohamad/Inmind/Robotics-Session6-Assignment/Session6_ros2_ws/install/custom_interfaces/local/lib/python3.10/dist-packages/custom_interfaces/custom_interfaces_s__rosidl_typesupport_c.cpython-310-x86_64-linux-gnu.so" to ""
[11.236s] -- Installing: /home/mohamad/Inmind/Robotics-Session6-Assignment/Session6_ros2_ws/install/custom_interfaces/lib/libcustom_interfaces__rosidl_generator_py.so
[11.236s] -- Set runtime path of "/home/mohamad/Inmind/Robotics-Session6-Assignment/Session6_ros2_ws/install/custom_interfaces/lib/libcustom_interfaces__rosidl_generator_py.so" to ""
[11.236s] -- Up-to-date: /home/mohamad/Inmind/Robotics-Session6-Assignment/Session6_ros2_ws/install/custom_interfaces/share/custom_interfaces/srv/CheckStock.idl
[11.236s] -- Installing: /home/mohamad/Inmind/Robotics-Session6-Assignment/Session6_ros2_ws/install/custom_interfaces/share/custom_interfaces/action/DeliverItem.idl
[11.237s] -- Up-to-date: /home/mohamad/Inmind/Robotics-Session6-Assignment/Session6_ros2_ws/install/custom_interfaces/share/custom_interfaces/srv/CheckStock.srv
[11.237s] -- Up-to-date: /home/mohamad/Inmind/Robotics-Session6-Assignment/Session6_ros2_ws/install/custom_interfaces/share/custom_interfaces/srv/CheckStock_Request.msg
[11.237s] -- Up-to-date: /home/mohamad/Inmind/Robotics-Session6-Assignment/Session6_ros2_ws/install/custom_interfaces/share/custom_interfaces/srv/CheckStock_Response.msg
[11.237s] -- Installing: /home/mohamad/Inmind/Robotics-Session6-Assignment/Session6_ros2_ws/install/custom_interfaces/share/custom_interfaces/action/DeliverItem.action
[11.238s] -- Installing: /home/mohamad/Inmind/Robotics-Session6-Assignment/Session6_ros2_ws/install/custom_interfaces/share/ament_index/resource_index/package_run_dependencies/custom_interfaces
[11.238s] -- Installing: /home/mohamad/Inmind/Robotics-Session6-Assignment/Session6_ros2_ws/install/custom_interfaces/share/ament_index/resource_index/parent_prefix_path/custom_interfaces
[11.238s] -- Up-to-date: /home/mohamad/Inmind/Robotics-Session6-Assignment/Session6_ros2_ws/install/custom_interfaces/share/custom_interfaces/environment/ament_prefix_path.sh
[11.238s] -- Installing: /home/mohamad/Inmind/Robotics-Session6-Assignment/Session6_ros2_ws/install/custom_interfaces/share/custom_interfaces/environment/ament_prefix_path.dsv
[11.238s] -- Up-to-date: /home/mohamad/Inmind/Robotics-Session6-Assignment/Session6_ros2_ws/install/custom_interfaces/share/custom_interfaces/environment/path.sh
[11.238s] -- Installing: /home/mohamad/Inmind/Robotics-Session6-Assignment/Session6_ros2_ws/install/custom_interfaces/share/custom_interfaces/environment/path.dsv
[11.238s] -- Up-to-date: /home/mohamad/Inmind/Robotics-Session6-Assignment/Session6_ros2_ws/install/custom_interfaces/share/custom_interfaces/local_setup.bash
[11.238s] -- Up-to-date: /home/mohamad/Inmind/Robotics-Session6-Assignment/Session6_ros2_ws/install/custom_interfaces/share/custom_interfaces/local_setup.sh
[11.238s] -- Up-to-date: /home/mohamad/Inmind/Robotics-Session6-Assignment/Session6_ros2_ws/install/custom_interfaces/share/custom_interfaces/local_setup.zsh
[11.239s] -- Installing: /home/mohamad/Inmind/Robotics-Session6-Assignment/Session6_ros2_ws/install/custom_interfaces/share/custom_interfaces/local_setup.dsv
[11.239s] -- Installing: /home/mohamad/Inmind/Robotics-Session6-Assignment/Session6_ros2_ws/install/custom_interfaces/share/custom_interfaces/package.dsv
[11.239s] -- Up-to-date: /home/mohamad/Inmind/Robotics-Session6-Assignment/Session6_ros2_ws/install/custom_interfaces/share/ament_index/resource_index/packages/custom_interfaces
[11.239s] -- Old export file "/home/mohamad/Inmind/Robotics-Session6-Assignment/Session6_ros2_ws/install/custom_interfaces/share/custom_interfaces/cmake/export_custom_interfaces__rosidl_generator_cExport.cmake" will be replaced.  Removing files [/home/mohamad/Inmind/Robotics-Session6-Assignment/Session6_ros2_ws/install/custom_interfaces/share/custom_interfaces/cmake/export_custom_interfaces__rosidl_generator_cExport-noconfig.cmake].
[11.239s] -- Installing: /home/mohamad/Inmind/Robotics-Session6-Assignment/Session6_ros2_ws/install/custom_interfaces/share/custom_interfaces/cmake/export_custom_interfaces__rosidl_generator_cExport.cmake
[11.240s] -- Installing: /home/mohamad/Inmind/Robotics-Session6-Assignment/Session6_ros2_ws/install/custom_interfaces/share/custom_interfaces/cmake/export_custom_interfaces__rosidl_generator_cExport-noconfig.cmake
[11.240s] -- Old export file "/home/mohamad/Inmind/Robotics-Session6-Assignment/Session6_ros2_ws/install/custom_interfaces/share/custom_interfaces/cmake/export_custom_interfaces__rosidl_typesupport_fastrtps_cExport.cmake" will be replaced.  Removing files [/home/mohamad/Inmind/Robotics-Session6-Assignment/Session6_ros2_ws/install/custom_interfaces/share/custom_interfaces/cmake/export_custom_interfaces__rosidl_typesupport_fastrtps_cExport-noconfig.cmake].
[11.240s] -- Installing: /home/mohamad/Inmind/Robotics-Session6-Assignment/Session6_ros2_ws/install/custom_interfaces/share/custom_interfaces/cmake/export_custom_interfaces__rosidl_typesupport_fastrtps_cExport.cmake
[11.240s] -- Installing: /home/mohamad/Inmind/Robotics-Session6-Assignment/Session6_ros2_ws/install/custom_interfaces/share/custom_interfaces/cmake/export_custom_interfaces__rosidl_typesupport_fastrtps_cExport-noconfig.cmake
[11.241s] -- Old export file "/home/mohamad/Inmind/Robotics-Session6-Assignment/Session6_ros2_ws/install/custom_interfaces/share/custom_interfaces/cmake/custom_interfaces__rosidl_typesupport_introspection_cExport.cmake" will be replaced.  Removing files [/home/mohamad/Inmind/Robotics-Session6-Assignment/Session6_ros2_ws/install/custom_interfaces/share/custom_interfaces/cmake/custom_interfaces__rosidl_typesupport_introspection_cExport-noconfig.cmake].
[11.241s] -- Installing: /home/mohamad/Inmind/Robotics-Session6-Assignment/Session6_ros2_ws/install/custom_interfaces/share/custom_interfaces/cmake/custom_interfaces__rosidl_typesupport_introspection_cExport.cmake
[11.241s] -- Installing: /home/mohamad/Inmind/Robotics-Session6-Assignment/Session6_ros2_ws/install/custom_interfaces/share/custom_interfaces/cmake/custom_interfaces__rosidl_typesupport_introspection_cExport-noconfig.cmake
[11.241s] -- Old export file "/home/mohamad/Inmind/Robotics-Session6-Assignment/Session6_ros2_ws/install/custom_interfaces/share/custom_interfaces/cmake/custom_interfaces__rosidl_typesupport_cExport.cmake" will be replaced.  Removing files [/home/mohamad/Inmind/Robotics-Session6-Assignment/Session6_ros2_ws/install/custom_interfaces/share/custom_interfaces/cmake/custom_interfaces__rosidl_typesupport_cExport-noconfig.cmake].
[11.242s] -- Installing: /home/mohamad/Inmind/Robotics-Session6-Assignment/Session6_ros2_ws/install/custom_interfaces/share/custom_interfaces/cmake/custom_interfaces__rosidl_typesupport_cExport.cmake
[11.242s] -- Installing: /home/mohamad/Inmind/Robotics-Session6-Assignment/Session6_ros2_ws/install/custom_interfaces/share/custom_interfaces/cmake/custom_interfaces__rosidl_typesupport_cExport-noconfig.cmake
[11.242s] -- Installing: /home/mohamad/Inmind/Robotics-Session6-Assignment/Session6_ros2_ws/install/custom_interfaces/share/custom_interfaces/cmake/export_custom_interfaces__rosidl_generator_cppExport.cmake
[11.242s] -- Old export file "/home/mohamad/Inmind/Robotics-Session6-Assignment/Session6_ros2_ws/install/custom_interfaces/share/custom_interfaces/cmake/export_custom_interfaces__rosidl_typesupport_fastrtps_cppExport.cmake" will be replaced.  Removing files [/home/mohamad/Inmind/Robotics-Session6-Assignment/Session6_ros2_ws/install/custom_interfaces/share/custom_interfaces/cmake/export_custom_interfaces__rosidl_typesupport_fastrtps_cppExport-noconfig.cmake].
[11.242s] -- Installing: /home/mohamad/Inmind/Robotics-Session6-Assignment/Session6_ros2_ws/install/custom_interfaces/share/custom_interfaces/cmake/export_custom_interfaces__rosidl_typesupport_fastrtps_cppExport.cmake
[11.244s] -- Installing: /home/mohamad/Inmind/Robotics-Session6-Assignment/Session6_ros2_ws/install/custom_interfaces/share/custom_interfaces/cmake/export_custom_interfaces__rosidl_typesupport_fastrtps_cppExport-noconfig.cmake
[11.245s] -- Old export file "/home/mohamad/Inmind/Robotics-Session6-Assignment/Session6_ros2_ws/install/custom_interfaces/share/custom_interfaces/cmake/custom_interfaces__rosidl_typesupport_introspection_cppExport.cmake" will be replaced.  Removing files [/home/mohamad/Inmind/Robotics-Session6-Assignment/Session6_ros2_ws/install/custom_interfaces/share/custom_interfaces/cmake/custom_interfaces__rosidl_typesupport_introspection_cppExport-noconfig.cmake].
[11.245s] -- Installing: /home/mohamad/Inmind/Robotics-Session6-Assignment/Session6_ros2_ws/install/custom_interfaces/share/custom_interfaces/cmake/custom_interfaces__rosidl_typesupport_introspection_cppExport.cmake
[11.245s] -- Installing: /home/mohamad/Inmind/Robotics-Session6-Assignment/Session6_ros2_ws/install/custom_interfaces/share/custom_interfaces/cmake/custom_interfaces__rosidl_typesupport_introspection_cppExport-noconfig.cmake
[11.245s] -- Old export file "/home/mohamad/Inmind/Robotics-Session6-Assignment/Session6_ros2_ws/install/custom_interfaces/share/custom_interfaces/cmake/custom_interfaces__rosidl_typesupport_cppExport.cmake" will be replaced.  Removing files [/home/mohamad/Inmind/Robotics-Session6-Assignment/Session6_ros2_ws/install/custom_interfaces/share/custom_interfaces/cmake/custom_interfaces__rosidl_typesupport_cppExport-noconfig.cmake].
[11.246s] -- Installing: /home/mohamad/Inmind/Robotics-Session6-Assignment/Session6_ros2_ws/install/custom_interfaces/share/custom_interfaces/cmake/custom_interfaces__rosidl_typesupport_cppExport.cmake
[11.246s] -- Installing: /home/mohamad/Inmind/Robotics-Session6-Assignment/Session6_ros2_ws/install/custom_interfaces/share/custom_interfaces/cmake/custom_interfaces__rosidl_typesupport_cppExport-noconfig.cmake
[11.246s] -- Old export file "/home/mohamad/Inmind/Robotics-Session6-Assignment/Session6_ros2_ws/install/custom_interfaces/share/custom_interfaces/cmake/export_custom_interfaces__rosidl_generator_pyExport.cmake" will be replaced.  Removing files [/home/mohamad/Inmind/Robotics-Session6-Assignment/Session6_ros2_ws/install/custom_interfaces/share/custom_interfaces/cmake/export_custom_interfaces__rosidl_generator_pyExport-noconfig.cmake].
[11.246s] -- Installing: /home/mohamad/Inmind/Robotics-Session6-Assignment/Session6_ros2_ws/install/custom_interfaces/share/custom_interfaces/cmake/export_custom_interfaces__rosidl_generator_pyExport.cmake
[11.247s] -- Installing: /home/mohamad/Inmind/Robotics-Session6-Assignment/Session6_ros2_ws/install/custom_interfaces/share/custom_interfaces/cmake/export_custom_interfaces__rosidl_generator_pyExport-noconfig.cmake
[11.247s] -- Installing: /home/mohamad/Inmind/Robotics-Session6-Assignment/Session6_ros2_ws/install/custom_interfaces/share/custom_interfaces/cmake/rosidl_cmake-extras.cmake
[11.247s] -- Installing: /home/mohamad/Inmind/Robotics-Session6-Assignment/Session6_ros2_ws/install/custom_interfaces/share/custom_interfaces/cmake/ament_cmake_export_dependencies-extras.cmake
[11.248s] -- Up-to-date: /home/mohamad/Inmind/Robotics-Session6-Assignment/Session6_ros2_ws/install/custom_interfaces/share/custom_interfaces/cmake/ament_cmake_export_include_directories-extras.cmake
[11.248s] -- Up-to-date: /home/mohamad/Inmind/Robotics-Session6-Assignment/Session6_ros2_ws/install/custom_interfaces/share/custom_interfaces/cmake/ament_cmake_export_libraries-extras.cmake
[11.248s] -- Up-to-date: /home/mohamad/Inmind/Robotics-Session6-Assignment/Session6_ros2_ws/install/custom_interfaces/share/custom_interfaces/cmake/ament_cmake_export_targets-extras.cmake
[11.248s] -- Up-to-date: /home/mohamad/Inmind/Robotics-Session6-Assignment/Session6_ros2_ws/install/custom_interfaces/share/custom_interfaces/cmake/rosidl_cmake_export_typesupport_targets-extras.cmake
[11.248s] -- Up-to-date: /home/mohamad/Inmind/Robotics-Session6-Assignment/Session6_ros2_ws/install/custom_interfaces/share/custom_interfaces/cmake/rosidl_cmake_export_typesupport_libraries-extras.cmake
[11.248s] -- Installing: /home/mohamad/Inmind/Robotics-Session6-Assignment/Session6_ros2_ws/install/custom_interfaces/share/custom_interfaces/cmake/custom_interfacesConfig.cmake
[11.248s] -- Up-to-date: /home/mohamad/Inmind/Robotics-Session6-Assignment/Session6_ros2_ws/install/custom_interfaces/share/custom_interfaces/cmake/custom_interfacesConfig-version.cmake
[11.248s] -- Installing: /home/mohamad/Inmind/Robotics-Session6-Assignment/Session6_ros2_ws/install/custom_interfaces/share/custom_interfaces/package.xml
[11.253s] Invoked command in '/home/mohamad/Inmind/Robotics-Session6-Assignment/Session6_ros2_ws/build/custom_interfaces' returned '0': CMAKE_PREFIX_PATH=${CMAKE_PREFIX_PATH}:/home/mohamad/Inmind/Robotics-Session6-Assignment/Session6_ros2_ws/install/session6_assignment:/home/mohamad/Inmind/ros2_ws/install/session5_academy:/home/mohamad/Inmind/Robotics-Session5-Ros2/session5_ros2_ws/install/session5_assignment:/home/mohamad/ros2_ws/install/my_robot_controller:/opt/ros/humble /usr/bin/cmake --install /home/mohamad/Inmind/Robotics-Session6-Assignment/Session6_ros2_ws/build/custom_interfaces
