[0.066s] Invoking command in '/home/mohamad/Inmind/Robotics-Session6-Assignment/Session6_ros2_ws/build/custom_interfaces': CMAKE_PREFIX_PATH=${CMAKE_PREFIX_PATH}:/home/mohamad/Inmind/Robotics-Session6-Assignment/Session6_ros2_ws/install/session6_assignment:/home/mohamad/Inmind/ros2_ws/install/session5_academy:/home/mohamad/Inmind/Robotics-Session5-Ros2/session5_ros2_ws/install/session5_assignment:/home/mohamad/ros2_ws/install/my_robot_controller:/opt/ros/humble /usr/bin/cmake --build /home/mohamad/Inmind/Robotics-Session6-Assignment/Session6_ros2_ws/build/custom_interfaces -- -j4 -l4
[0.542s] [ 10%] Built target custom_interfaces__rosidl_generator_c
[0.545s] [ 12%] Built target custom_interfaces__cpp
[0.545s] [ 12%] Built target ament_cmake_python_copy_custom_interfaces
[0.545s] [ 23%] Built target custom_interfaces__rosidl_typesupport_fastrtps_c
[0.545s] [ 33%] Built target custom_interfaces__rosidl_typesupport_introspection_c
[0.545s] [ 43%] Built target custom_interfaces__rosidl_typesupport_c
[0.546s] [ 53%] Built target custom_interfaces__rosidl_typesupport_introspection_cpp
[0.629s] [ 64%] Built target custom_interfaces__rosidl_typesupport_fastrtps_cpp
[0.687s] [ 74%] Built target custom_interfaces__rosidl_typesupport_cpp
[0.725s] [ 74%] Built target custom_interfaces
[0.762s] running egg_info
[0.762s] writing custom_interfaces.egg-info/PKG-INFO
[0.762s] [ 76%] Built target custom_interfaces__py
[0.762s] writing dependency_links to custom_interfaces.egg-info/dependency_links.txt
[0.763s] writing top-level names to custom_interfaces.egg-info/top_level.txt
[0.766s] reading manifest file 'custom_interfaces.egg-info/SOURCES.txt'
[0.767s] writing manifest file 'custom_interfaces.egg-info/SOURCES.txt'
[0.813s] [ 76%] Built target ament_cmake_python_build_custom_interfaces_egg
[0.854s] [ 84%] Built target custom_interfaces__rosidl_generator_py
[0.900s] [ 89%] Built target custom_interfaces__rosidl_typesupport_fastrtps_c__pyext
[0.913s] [ 94%] Built target custom_interfaces__rosidl_typesupport_c__pyext
[0.923s] [100%] Built target custom_interfaces__rosidl_typesupport_introspection_c__pyext
[0.942s] Invoked command in '/home/mohamad/Inmind/Robotics-Session6-Assignment/Session6_ros2_ws/build/custom_interfaces' returned '0': CMAKE_PREFIX_PATH=${CMAKE_PREFIX_PATH}:/home/mohamad/Inmind/Robotics-Session6-Assignment/Session6_ros2_ws/install/session6_assignment:/home/mohamad/Inmind/ros2_ws/install/session5_academy:/home/mohamad/Inmind/Robotics-Session5-Ros2/session5_ros2_ws/install/session5_assignment:/home/mohamad/ros2_ws/install/my_robot_controller:/opt/ros/humble /usr/bin/cmake --build /home/mohamad/Inmind/Robotics-Session6-Assignment/Session6_ros2_ws/build/custom_interfaces -- -j4 -l4
[1.310s] Invoking command in '/home/mohamad/Inmind/Robotics-Session6-Assignment/Session6_ros2_ws/build/custom_interfaces': CMAKE_PREFIX_PATH=${CMAKE_PREFIX_PATH}:/home/mohamad/Inmind/Robotics-Session6-Assignment/Session6_ros2_ws/install/session6_assignment:/home/mohamad/Inmind/ros2_ws/install/session5_academy:/home/mohamad/Inmind/Robotics-Session5-Ros2/session5_ros2_ws/install/session5_assignment:/home/mohamad/ros2_ws/install/my_robot_controller:/opt/ros/humble /usr/bin/cmake --install /home/mohamad/Inmind/Robotics-Session6-Assignment/Session6_ros2_ws/build/custom_interfaces
[1.326s] -- Install configuration: ""
[1.327s] -- Up-to-date: /home/mohamad/Inmind/Robotics-Session6-Assignment/Session6_ros2_ws/install/custom_interfaces/share/ament_index/resource_index/rosidl_interfaces/custom_interfaces
[1.328s] -- Up-to-date: /home/mohamad/Inmind/Robotics-Session6-Assignment/Session6_ros2_ws/install/custom_interfaces/include/custom_interfaces/custom_interfaces
[1.328s] -- Up-to-date: /home/mohamad/Inmind/Robotics-Session6-Assignment/Session6_ros2_ws/install/custom_interfaces/include/custom_interfaces/custom_interfaces/action
[1.328s] -- Up-to-date: /home/mohamad/Inmind/Robotics-Session6-Assignment/Session6_ros2_ws/install/custom_interfaces/include/custom_interfaces/custom_interfaces/action/detail
[1.328s] -- Up-to-date: /home/mohamad/Inmind/Robotics-Session6-Assignment/Session6_ros2_ws/install/custom_interfaces/include/custom_interfaces/custom_interfaces/action/detail/deliver_item__struct.h
[1.328s] -- Up-to-date: /home/mohamad/Inmind/Robotics-Session6-Assignment/Session6_ros2_ws/install/custom_interfaces/include/custom_interfaces/custom_interfaces/action/detail/deliver_item__functions.c
[1.328s] -- Up-to-date: /home/mohamad/Inmind/Robotics-Session6-Assignment/Session6_ros2_ws/install/custom_interfaces/include/custom_interfaces/custom_interfaces/action/detail/deliver_item__type_support.h
[1.328s] -- Up-to-date: /home/mohamad/Inmind/Robotics-Session6-Assignment/Session6_ros2_ws/install/custom_interfaces/include/custom_interfaces/custom_interfaces/action/detail/deliver_item__functions.h
[1.332s] -- Up-to-date: /home/mohamad/Inmind/Robotics-Session6-Assignment/Session6_ros2_ws/install/custom_interfaces/include/custom_interfaces/custom_interfaces/action/deliver_item.h
[1.333s] -- Up-to-date: /home/mohamad/Inmind/Robotics-Session6-Assignment/Session6_ros2_ws/install/custom_interfaces/include/custom_interfaces/custom_interfaces/srv
[1.333s] -- Up-to-date: /home/mohamad/Inmind/Robotics-Session6-Assignment/Session6_ros2_ws/install/custom_interfaces/include/custom_interfaces/custom_interfaces/srv/detail
[1.333s] -- Up-to-date: /home/mohamad/Inmind/Robotics-Session6-Assignment/Session6_ros2_ws/install/custom_interfaces/include/custom_interfaces/custom_interfaces/srv/detail/check_stock__functions.c
[1.335s] -- Up-to-date: /home/mohamad/Inmind/Robotics-Session6-Assignment/Session6_ros2_ws/install/custom_interfaces/include/custom_interfaces/custom_interfaces/srv/detail/check_stock__type_support.h
[1.335s] -- Up-to-date: /home/mohamad/Inmind/Robotics-Session6-Assignment/Session6_ros2_ws/install/custom_interfaces/include/custom_interfaces/custom_interfaces/srv/detail/check_stock__functions.h
[1.335s] -- Up-to-date: /home/mohamad/Inmind/Robotics-Session6-Assignment/Session6_ros2_ws/install/custom_interfaces/include/custom_interfaces/custom_interfaces/srv/detail/check_stock__struct.h
[1.335s] -- Up-to-date: /home/mohamad/Inmind/Robotics-Session6-Assignment/Session6_ros2_ws/install/custom_interfaces/include/custom_interfaces/custom_interfaces/srv/check_stock.h
[1.335s] -- Up-to-date: /home/mohamad/Inmind/Robotics-Session6-Assignment/Session6_ros2_ws/install/custom_interfaces/include/custom_interfaces/custom_interfaces/msg
[1.335s] -- Up-to-date: /home/mohamad/Inmind/Robotics-Session6-Assignment/Session6_ros2_ws/install/custom_interfaces/include/custom_interfaces/custom_interfaces/msg/rosidl_generator_c__visibility_control.h
[1.335s] -- Up-to-date: /home/mohamad/Inmind/Robotics-Session6-Assignment/Session6_ros2_ws/install/custom_interfaces/share/custom_interfaces/environment/library_path.sh
[1.336s] -- Up-to-date: /home/mohamad/Inmind/Robotics-Session6-Assignment/Session6_ros2_ws/install/custom_interfaces/share/custom_interfaces/environment/library_path.dsv
[1.336s] -- Up-to-date: /home/mohamad/Inmind/Robotics-Session6-Assignment/Session6_ros2_ws/install/custom_interfaces/lib/libcustom_interfaces__rosidl_generator_c.so
[1.336s] -- Up-to-date: /home/mohamad/Inmind/Robotics-Session6-Assignment/Session6_ros2_ws/install/custom_interfaces/include/custom_interfaces/custom_interfaces
[1.336s] -- Up-to-date: /home/mohamad/Inmind/Robotics-Session6-Assignment/Session6_ros2_ws/install/custom_interfaces/include/custom_interfaces/custom_interfaces/action
[1.336s] -- Up-to-date: /home/mohamad/Inmind/Robotics-Session6-Assignment/Session6_ros2_ws/install/custom_interfaces/include/custom_interfaces/custom_interfaces/action/detail
[1.336s] -- Up-to-date: /home/mohamad/Inmind/Robotics-Session6-Assignment/Session6_ros2_ws/install/custom_interfaces/include/custom_interfaces/custom_interfaces/action/detail/deliver_item__rosidl_typesupport_fastrtps_c.h
[1.336s] -- Up-to-date: /home/mohamad/Inmind/Robotics-Session6-Assignment/Session6_ros2_ws/install/custom_interfaces/include/custom_interfaces/custom_interfaces/srv
[1.336s] -- Up-to-date: /home/mohamad/Inmind/Robotics-Session6-Assignment/Session6_ros2_ws/install/custom_interfaces/include/custom_interfaces/custom_interfaces/srv/detail
[1.336s] -- Up-to-date: /home/mohamad/Inmind/Robotics-Session6-Assignment/Session6_ros2_ws/install/custom_interfaces/include/custom_interfaces/custom_interfaces/srv/detail/check_stock__rosidl_typesupport_fastrtps_c.h
[1.336s] -- Up-to-date: /home/mohamad/Inmind/Robotics-Session6-Assignment/Session6_ros2_ws/install/custom_interfaces/include/custom_interfaces/custom_interfaces/msg
[1.336s] -- Up-to-date: /home/mohamad/Inmind/Robotics-Session6-Assignment/Session6_ros2_ws/install/custom_interfaces/include/custom_interfaces/custom_interfaces/msg/rosidl_typesupport_fastrtps_c__visibility_control.h
[1.336s] -- Up-to-date: /home/mohamad/Inmind/Robotics-Session6-Assignment/Session6_ros2_ws/install/custom_interfaces/lib/libcustom_interfaces__rosidl_typesupport_fastrtps_c.so
[1.337s] -- Up-to-date: /home/mohamad/Inmind/Robotics-Session6-Assignment/Session6_ros2_ws/install/custom_interfaces/include/custom_interfaces/custom_interfaces
[1.337s] -- Up-to-date: /home/mohamad/Inmind/Robotics-Session6-Assignment/Session6_ros2_ws/install/custom_interfaces/include/custom_interfaces/custom_interfaces/action
[1.337s] -- Up-to-date: /home/mohamad/Inmind/Robotics-Session6-Assignment/Session6_ros2_ws/install/custom_interfaces/include/custom_interfaces/custom_interfaces/action/detail
[1.337s] -- Up-to-date: /home/mohamad/Inmind/Robotics-Session6-Assignment/Session6_ros2_ws/install/custom_interfaces/include/custom_interfaces/custom_interfaces/action/detail/deliver_item__rosidl_typesupport_introspection_c.h
[1.337s] -- Up-to-date: /home/mohamad/Inmind/Robotics-Session6-Assignment/Session6_ros2_ws/install/custom_interfaces/include/custom_interfaces/custom_interfaces/action/detail/deliver_item__type_support.c
[1.337s] -- Up-to-date: /home/mohamad/Inmind/Robotics-Session6-Assignment/Session6_ros2_ws/install/custom_interfaces/include/custom_interfaces/custom_interfaces/srv
[1.337s] -- Up-to-date: /home/mohamad/Inmind/Robotics-Session6-Assignment/Session6_ros2_ws/install/custom_interfaces/include/custom_interfaces/custom_interfaces/srv/detail
[1.337s] -- Up-to-date: /home/mohamad/Inmind/Robotics-Session6-Assignment/Session6_ros2_ws/install/custom_interfaces/include/custom_interfaces/custom_interfaces/srv/detail/check_stock__type_support.c
[1.337s] -- Up-to-date: /home/mohamad/Inmind/Robotics-Session6-Assignment/Session6_ros2_ws/install/custom_interfaces/include/custom_interfaces/custom_interfaces/srv/detail/check_stock__rosidl_typesupport_introspection_c.h
[1.337s] -- Up-to-date: /home/mohamad/Inmind/Robotics-Session6-Assignment/Session6_ros2_ws/install/custom_interfaces/include/custom_interfaces/custom_interfaces/msg
[1.337s] -- Up-to-date: /home/mohamad/Inmind/Robotics-Session6-Assignment/Session6_ros2_ws/install/custom_interfaces/include/custom_interfaces/custom_interfaces/msg/rosidl_typesupport_introspection_c__visibility_control.h
[1.338s] -- Up-to-date: /home/mohamad/Inmind/Robotics-Session6-Assignment/Session6_ros2_ws/install/custom_interfaces/lib/libcustom_interfaces__rosidl_typesupport_introspection_c.so
[1.338s] -- Up-to-date: /home/mohamad/Inmind/Robotics-Session6-Assignment/Session6_ros2_ws/install/custom_interfaces/lib/libcustom_interfaces__rosidl_typesupport_c.so
[1.338s] -- Up-to-date: /home/mohamad/Inmind/Robotics-Session6-Assignment/Session6_ros2_ws/install/custom_interfaces/include/custom_interfaces/custom_interfaces
[1.338s] -- Up-to-date: /home/mohamad/Inmind/Robotics-Session6-Assignment/Session6_ros2_ws/install/custom_interfaces/include/custom_interfaces/custom_interfaces/action
[1.338s] -- Up-to-date: /home/mohamad/Inmind/Robotics-Session6-Assignment/Session6_ros2_ws/install/custom_interfaces/include/custom_interfaces/custom_interfaces/action/detail
[1.338s] -- Up-to-date: /home/mohamad/Inmind/Robotics-Session6-Assignment/Session6_ros2_ws/install/custom_interfaces/include/custom_interfaces/custom_interfaces/action/detail/deliver_item__struct.hpp
[1.338s] -- Up-to-date: /home/mohamad/Inmind/Robotics-Session6-Assignment/Session6_ros2_ws/install/custom_interfaces/include/custom_interfaces/custom_interfaces/action/detail/deliver_item__traits.hpp
[1.338s] -- Up-to-date: /home/mohamad/Inmind/Robotics-Session6-Assignment/Session6_ros2_ws/install/custom_interfaces/include/custom_interfaces/custom_interfaces/action/detail/deliver_item__builder.hpp
[1.338s] -- Up-to-date: /home/mohamad/Inmind/Robotics-Session6-Assignment/Session6_ros2_ws/install/custom_interfaces/include/custom_interfaces/custom_interfaces/action/deliver_item.hpp
[1.338s] -- Up-to-date: /home/mohamad/Inmind/Robotics-Session6-Assignment/Session6_ros2_ws/install/custom_interfaces/include/custom_interfaces/custom_interfaces/srv
[1.338s] -- Up-to-date: /home/mohamad/Inmind/Robotics-Session6-Assignment/Session6_ros2_ws/install/custom_interfaces/include/custom_interfaces/custom_interfaces/srv/check_stock.hpp
[1.338s] -- Up-to-date: /home/mohamad/Inmind/Robotics-Session6-Assignment/Session6_ros2_ws/install/custom_interfaces/include/custom_interfaces/custom_interfaces/srv/detail
[1.338s] -- Up-to-date: /home/mohamad/Inmind/Robotics-Session6-Assignment/Session6_ros2_ws/install/custom_interfaces/include/custom_interfaces/custom_interfaces/srv/detail/check_stock__traits.hpp
[1.338s] -- Up-to-date: /home/mohamad/Inmind/Robotics-Session6-Assignment/Session6_ros2_ws/install/custom_interfaces/include/custom_interfaces/custom_interfaces/srv/detail/check_stock__struct.hpp
[1.338s] -- Up-to-date: /home/mohamad/Inmind/Robotics-Session6-Assignment/Session6_ros2_ws/install/custom_interfaces/include/custom_interfaces/custom_interfaces/srv/detail/check_stock__builder.hpp
[1.338s] -- Up-to-date: /home/mohamad/Inmind/Robotics-Session6-Assignment/Session6_ros2_ws/install/custom_interfaces/include/custom_interfaces/custom_interfaces
[1.339s] -- Up-to-date: /home/mohamad/Inmind/Robotics-Session6-Assignment/Session6_ros2_ws/install/custom_interfaces/include/custom_interfaces/custom_interfaces/action
[1.339s] -- Up-to-date: /home/mohamad/Inmind/Robotics-Session6-Assignment/Session6_ros2_ws/install/custom_interfaces/include/custom_interfaces/custom_interfaces/action/detail
[1.339s] -- Up-to-date: /home/mohamad/Inmind/Robotics-Session6-Assignment/Session6_ros2_ws/install/custom_interfaces/include/custom_interfaces/custom_interfaces/action/detail/dds_fastrtps
[1.339s] -- Up-to-date: /home/mohamad/Inmind/Robotics-Session6-Assignment/Session6_ros2_ws/install/custom_interfaces/include/custom_interfaces/custom_interfaces/action/detail/deliver_item__rosidl_typesupport_fastrtps_cpp.hpp
[1.339s] -- Up-to-date: /home/mohamad/Inmind/Robotics-Session6-Assignment/Session6_ros2_ws/install/custom_interfaces/include/custom_interfaces/custom_interfaces/srv
[1.339s] -- Up-to-date: /home/mohamad/Inmind/Robotics-Session6-Assignment/Session6_ros2_ws/install/custom_interfaces/include/custom_interfaces/custom_interfaces/srv/detail
[1.339s] -- Up-to-date: /home/mohamad/Inmind/Robotics-Session6-Assignment/Session6_ros2_ws/install/custom_interfaces/include/custom_interfaces/custom_interfaces/srv/detail/dds_fastrtps
[1.339s] -- Up-to-date: /home/mohamad/Inmind/Robotics-Session6-Assignment/Session6_ros2_ws/install/custom_interfaces/include/custom_interfaces/custom_interfaces/srv/detail/check_stock__rosidl_typesupport_fastrtps_cpp.hpp
[1.339s] -- Up-to-date: /home/mohamad/Inmind/Robotics-Session6-Assignment/Session6_ros2_ws/install/custom_interfaces/include/custom_interfaces/custom_interfaces/msg
[1.339s] -- Up-to-date: /home/mohamad/Inmind/Robotics-Session6-Assignment/Session6_ros2_ws/install/custom_interfaces/include/custom_interfaces/custom_interfaces/msg/rosidl_typesupport_fastrtps_cpp__visibility_control.h
[1.339s] -- Up-to-date: /home/mohamad/Inmind/Robotics-Session6-Assignment/Session6_ros2_ws/install/custom_interfaces/lib/libcustom_interfaces__rosidl_typesupport_fastrtps_cpp.so
[1.339s] -- Up-to-date: /home/mohamad/Inmind/Robotics-Session6-Assignment/Session6_ros2_ws/install/custom_interfaces/include/custom_interfaces/custom_interfaces
[1.339s] -- Up-to-date: /home/mohamad/Inmind/Robotics-Session6-Assignment/Session6_ros2_ws/install/custom_interfaces/include/custom_interfaces/custom_interfaces/action
[1.339s] -- Up-to-date: /home/mohamad/Inmind/Robotics-Session6-Assignment/Session6_ros2_ws/install/custom_interfaces/include/custom_interfaces/custom_interfaces/action/detail
[1.339s] -- Up-to-date: /home/mohamad/Inmind/Robotics-Session6-Assignment/Session6_ros2_ws/install/custom_interfaces/include/custom_interfaces/custom_interfaces/action/detail/deliver_item__rosidl_typesupport_introspection_cpp.hpp
[1.339s] -- Up-to-date: /home/mohamad/Inmind/Robotics-Session6-Assignment/Session6_ros2_ws/install/custom_interfaces/include/custom_interfaces/custom_interfaces/action/detail/deliver_item__type_support.cpp
[1.340s] -- Up-to-date: /home/mohamad/Inmind/Robotics-Session6-Assignment/Session6_ros2_ws/install/custom_interfaces/include/custom_interfaces/custom_interfaces/srv
[1.343s] -- Up-to-date: /home/mohamad/Inmind/Robotics-Session6-Assignment/Session6_ros2_ws/install/custom_interfaces/include/custom_interfaces/custom_interfaces/srv/detail
[1.343s] -- Up-to-date: /home/mohamad/Inmind/Robotics-Session6-Assignment/Session6_ros2_ws/install/custom_interfaces/include/custom_interfaces/custom_interfaces/srv/detail/check_stock__type_support.cpp
[1.343s] -- Up-to-date: /home/mohamad/Inmind/Robotics-Session6-Assignment/Session6_ros2_ws/install/custom_interfaces/include/custom_interfaces/custom_interfaces/srv/detail/check_stock__rosidl_typesupport_introspection_cpp.hpp
[1.343s] -- Up-to-date: /home/mohamad/Inmind/Robotics-Session6-Assignment/Session6_ros2_ws/install/custom_interfaces/lib/libcustom_interfaces__rosidl_typesupport_introspection_cpp.so
[1.343s] -- Up-to-date: /home/mohamad/Inmind/Robotics-Session6-Assignment/Session6_ros2_ws/install/custom_interfaces/lib/libcustom_interfaces__rosidl_typesupport_cpp.so
[1.343s] -- Up-to-date: /home/mohamad/Inmind/Robotics-Session6-Assignment/Session6_ros2_ws/install/custom_interfaces/share/custom_interfaces/environment/pythonpath.sh
[1.344s] -- Up-to-date: /home/mohamad/Inmind/Robotics-Session6-Assignment/Session6_ros2_ws/install/custom_interfaces/share/custom_interfaces/environment/pythonpath.dsv
[1.344s] -- Up-to-date: /home/mohamad/Inmind/Robotics-Session6-Assignment/Session6_ros2_ws/install/custom_interfaces/local/lib/python3.10/dist-packages/custom_interfaces-0.0.0-py3.10.egg-info
[1.347s] -- Installing: /home/mohamad/Inmind/Robotics-Session6-Assignment/Session6_ros2_ws/install/custom_interfaces/local/lib/python3.10/dist-packages/custom_interfaces-0.0.0-py3.10.egg-info/top_level.txt
[1.347s] -- Installing: /home/mohamad/Inmind/Robotics-Session6-Assignment/Session6_ros2_ws/install/custom_interfaces/local/lib/python3.10/dist-packages/custom_interfaces-0.0.0-py3.10.egg-info/dependency_links.txt
[1.347s] -- Installing: /home/mohamad/Inmind/Robotics-Session6-Assignment/Session6_ros2_ws/install/custom_interfaces/local/lib/python3.10/dist-packages/custom_interfaces-0.0.0-py3.10.egg-info/PKG-INFO
[1.347s] -- Installing: /home/mohamad/Inmind/Robotics-Session6-Assignment/Session6_ros2_ws/install/custom_interfaces/local/lib/python3.10/dist-packages/custom_interfaces-0.0.0-py3.10.egg-info/SOURCES.txt
[1.348s] -- Up-to-date: /home/mohamad/Inmind/Robotics-Session6-Assignment/Session6_ros2_ws/install/custom_interfaces/local/lib/python3.10/dist-packages/custom_interfaces
[1.348s] -- Up-to-date: /home/mohamad/Inmind/Robotics-Session6-Assignment/Session6_ros2_ws/install/custom_interfaces/local/lib/python3.10/dist-packages/custom_interfaces/action
[1.348s] -- Up-to-date: /home/mohamad/Inmind/Robotics-Session6-Assignment/Session6_ros2_ws/install/custom_interfaces/local/lib/python3.10/dist-packages/custom_interfaces/action/_deliver_item_s.c
[1.348s] -- Up-to-date: /home/mohamad/Inmind/Robotics-Session6-Assignment/Session6_ros2_ws/install/custom_interfaces/local/lib/python3.10/dist-packages/custom_interfaces/action/__init__.py
[1.348s] -- Up-to-date: /home/mohamad/Inmind/Robotics-Session6-Assignment/Session6_ros2_ws/install/custom_interfaces/local/lib/python3.10/dist-packages/custom_interfaces/action/_deliver_item.py
[1.348s] -- Up-to-date: /home/mohamad/Inmind/Robotics-Session6-Assignment/Session6_ros2_ws/install/custom_interfaces/local/lib/python3.10/dist-packages/custom_interfaces/custom_interfaces_s__rosidl_typesupport_fastrtps_c.cpython-310-x86_64-linux-gnu.so
[1.349s] -- Up-to-date: /home/mohamad/Inmind/Robotics-Session6-Assignment/Session6_ros2_ws/install/custom_interfaces/local/lib/python3.10/dist-packages/custom_interfaces/custom_interfaces_s__rosidl_typesupport_introspection_c.cpython-310-x86_64-linux-gnu.so
[1.349s] -- Up-to-date: /home/mohamad/Inmind/Robotics-Session6-Assignment/Session6_ros2_ws/install/custom_interfaces/local/lib/python3.10/dist-packages/custom_interfaces/libcustom_interfaces__rosidl_generator_py.so
[1.349s] -- Up-to-date: /home/mohamad/Inmind/Robotics-Session6-Assignment/Session6_ros2_ws/install/custom_interfaces/local/lib/python3.10/dist-packages/custom_interfaces/_custom_interfaces_s.ep.rosidl_typesupport_introspection_c.c
[1.349s] -- Up-to-date: /home/mohamad/Inmind/Robotics-Session6-Assignment/Session6_ros2_ws/install/custom_interfaces/local/lib/python3.10/dist-packages/custom_interfaces/srv
[1.350s] -- Up-to-date: /home/mohamad/Inmind/Robotics-Session6-Assignment/Session6_ros2_ws/install/custom_interfaces/local/lib/python3.10/dist-packages/custom_interfaces/srv/_check_stock.py
[1.350s] -- Up-to-date: /home/mohamad/Inmind/Robotics-Session6-Assignment/Session6_ros2_ws/install/custom_interfaces/local/lib/python3.10/dist-packages/custom_interfaces/srv/__init__.py
[1.350s] -- Up-to-date: /home/mohamad/Inmind/Robotics-Session6-Assignment/Session6_ros2_ws/install/custom_interfaces/local/lib/python3.10/dist-packages/custom_interfaces/srv/_check_stock_s.c
[1.350s] -- Up-to-date: /home/mohamad/Inmind/Robotics-Session6-Assignment/Session6_ros2_ws/install/custom_interfaces/local/lib/python3.10/dist-packages/custom_interfaces/_custom_interfaces_s.ep.rosidl_typesupport_c.c
[1.350s] -- Up-to-date: /home/mohamad/Inmind/Robotics-Session6-Assignment/Session6_ros2_ws/install/custom_interfaces/local/lib/python3.10/dist-packages/custom_interfaces/__init__.py
[1.351s] -- Up-to-date: /home/mohamad/Inmind/Robotics-Session6-Assignment/Session6_ros2_ws/install/custom_interfaces/local/lib/python3.10/dist-packages/custom_interfaces/_custom_interfaces_s.ep.rosidl_typesupport_fastrtps_c.c
[1.351s] -- Up-to-date: /home/mohamad/Inmind/Robotics-Session6-Assignment/Session6_ros2_ws/install/custom_interfaces/local/lib/python3.10/dist-packages/custom_interfaces/custom_interfaces_s__rosidl_typesupport_c.cpython-310-x86_64-linux-gnu.so
[1.416s] Listing '/home/mohamad/Inmind/Robotics-Session6-Assignment/Session6_ros2_ws/install/custom_interfaces/local/lib/python3.10/dist-packages/custom_interfaces'...
[1.416s] Listing '/home/mohamad/Inmind/Robotics-Session6-Assignment/Session6_ros2_ws/install/custom_interfaces/local/lib/python3.10/dist-packages/custom_interfaces/action'...
[1.416s] Listing '/home/mohamad/Inmind/Robotics-Session6-Assignment/Session6_ros2_ws/install/custom_interfaces/local/lib/python3.10/dist-packages/custom_interfaces/srv'...
[1.426s] -- Up-to-date: /home/mohamad/Inmind/Robotics-Session6-Assignment/Session6_ros2_ws/install/custom_interfaces/local/lib/python3.10/dist-packages/custom_interfaces/custom_interfaces_s__rosidl_typesupport_fastrtps_c.cpython-310-x86_64-linux-gnu.so
[1.427s] -- Up-to-date: /home/mohamad/Inmind/Robotics-Session6-Assignment/Session6_ros2_ws/install/custom_interfaces/local/lib/python3.10/dist-packages/custom_interfaces/custom_interfaces_s__rosidl_typesupport_introspection_c.cpython-310-x86_64-linux-gnu.so
[1.429s] -- Up-to-date: /home/mohamad/Inmind/Robotics-Session6-Assignment/Session6_ros2_ws/install/custom_interfaces/local/lib/python3.10/dist-packages/custom_interfaces/custom_interfaces_s__rosidl_typesupport_c.cpython-310-x86_64-linux-gnu.so
[1.431s] -- Up-to-date: /home/mohamad/Inmind/Robotics-Session6-Assignment/Session6_ros2_ws/install/custom_interfaces/lib/libcustom_interfaces__rosidl_generator_py.so
[1.431s] -- Up-to-date: /home/mohamad/Inmind/Robotics-Session6-Assignment/Session6_ros2_ws/install/custom_interfaces/share/custom_interfaces/srv/CheckStock.idl
[1.432s] -- Up-to-date: /home/mohamad/Inmind/Robotics-Session6-Assignment/Session6_ros2_ws/install/custom_interfaces/share/custom_interfaces/action/DeliverItem.idl
[1.433s] -- Up-to-date: /home/mohamad/Inmind/Robotics-Session6-Assignment/Session6_ros2_ws/install/custom_interfaces/share/custom_interfaces/srv/CheckStock.srv
[1.434s] -- Up-to-date: /home/mohamad/Inmind/Robotics-Session6-Assignment/Session6_ros2_ws/install/custom_interfaces/share/custom_interfaces/srv/CheckStock_Request.msg
[1.435s] -- Up-to-date: /home/mohamad/Inmind/Robotics-Session6-Assignment/Session6_ros2_ws/install/custom_interfaces/share/custom_interfaces/srv/CheckStock_Response.msg
[1.435s] -- Up-to-date: /home/mohamad/Inmind/Robotics-Session6-Assignment/Session6_ros2_ws/install/custom_interfaces/share/custom_interfaces/action/DeliverItem.action
[1.435s] -- Up-to-date: /home/mohamad/Inmind/Robotics-Session6-Assignment/Session6_ros2_ws/install/custom_interfaces/share/ament_index/resource_index/package_run_dependencies/custom_interfaces
[1.435s] -- Up-to-date: /home/mohamad/Inmind/Robotics-Session6-Assignment/Session6_ros2_ws/install/custom_interfaces/share/ament_index/resource_index/parent_prefix_path/custom_interfaces
[1.435s] -- Up-to-date: /home/mohamad/Inmind/Robotics-Session6-Assignment/Session6_ros2_ws/install/custom_interfaces/share/custom_interfaces/environment/ament_prefix_path.sh
[1.435s] -- Up-to-date: /home/mohamad/Inmind/Robotics-Session6-Assignment/Session6_ros2_ws/install/custom_interfaces/share/custom_interfaces/environment/ament_prefix_path.dsv
[1.442s] -- Up-to-date: /home/mohamad/Inmind/Robotics-Session6-Assignment/Session6_ros2_ws/install/custom_interfaces/share/custom_interfaces/environment/path.sh
[1.443s] -- Up-to-date: /home/mohamad/Inmind/Robotics-Session6-Assignment/Session6_ros2_ws/install/custom_interfaces/share/custom_interfaces/environment/path.dsv
[1.444s] -- Up-to-date: /home/mohamad/Inmind/Robotics-Session6-Assignment/Session6_ros2_ws/install/custom_interfaces/share/custom_interfaces/local_setup.bash
[1.445s] -- Up-to-date: /home/mohamad/Inmind/Robotics-Session6-Assignment/Session6_ros2_ws/install/custom_interfaces/share/custom_interfaces/local_setup.sh
[1.446s] -- Up-to-date: /home/mohamad/Inmind/Robotics-Session6-Assignment/Session6_ros2_ws/install/custom_interfaces/share/custom_interfaces/local_setup.zsh
[1.446s] -- Up-to-date: /home/mohamad/Inmind/Robotics-Session6-Assignment/Session6_ros2_ws/install/custom_interfaces/share/custom_interfaces/local_setup.dsv
[1.446s] -- Installing: /home/mohamad/Inmind/Robotics-Session6-Assignment/Session6_ros2_ws/install/custom_interfaces/share/custom_interfaces/package.dsv
[1.446s] -- Up-to-date: /home/mohamad/Inmind/Robotics-Session6-Assignment/Session6_ros2_ws/install/custom_interfaces/share/ament_index/resource_index/packages/custom_interfaces
[1.446s] -- Up-to-date: /home/mohamad/Inmind/Robotics-Session6-Assignment/Session6_ros2_ws/install/custom_interfaces/share/custom_interfaces/cmake/export_custom_interfaces__rosidl_generator_cExport.cmake
[1.447s] -- Up-to-date: /home/mohamad/Inmind/Robotics-Session6-Assignment/Session6_ros2_ws/install/custom_interfaces/share/custom_interfaces/cmake/export_custom_interfaces__rosidl_generator_cExport-noconfig.cmake
[1.447s] -- Up-to-date: /home/mohamad/Inmind/Robotics-Session6-Assignment/Session6_ros2_ws/install/custom_interfaces/share/custom_interfaces/cmake/export_custom_interfaces__rosidl_typesupport_fastrtps_cExport.cmake
[1.447s] -- Up-to-date: /home/mohamad/Inmind/Robotics-Session6-Assignment/Session6_ros2_ws/install/custom_interfaces/share/custom_interfaces/cmake/export_custom_interfaces__rosidl_typesupport_fastrtps_cExport-noconfig.cmake
[1.447s] -- Up-to-date: /home/mohamad/Inmind/Robotics-Session6-Assignment/Session6_ros2_ws/install/custom_interfaces/share/custom_interfaces/cmake/custom_interfaces__rosidl_typesupport_introspection_cExport.cmake
[1.448s] -- Up-to-date: /home/mohamad/Inmind/Robotics-Session6-Assignment/Session6_ros2_ws/install/custom_interfaces/share/custom_interfaces/cmake/custom_interfaces__rosidl_typesupport_introspection_cExport-noconfig.cmake
[1.448s] -- Up-to-date: /home/mohamad/Inmind/Robotics-Session6-Assignment/Session6_ros2_ws/install/custom_interfaces/share/custom_interfaces/cmake/custom_interfaces__rosidl_typesupport_cExport.cmake
[1.448s] -- Up-to-date: /home/mohamad/Inmind/Robotics-Session6-Assignment/Session6_ros2_ws/install/custom_interfaces/share/custom_interfaces/cmake/custom_interfaces__rosidl_typesupport_cExport-noconfig.cmake
[1.448s] -- Up-to-date: /home/mohamad/Inmind/Robotics-Session6-Assignment/Session6_ros2_ws/install/custom_interfaces/share/custom_interfaces/cmake/export_custom_interfaces__rosidl_generator_cppExport.cmake
[1.448s] -- Up-to-date: /home/mohamad/Inmind/Robotics-Session6-Assignment/Session6_ros2_ws/install/custom_interfaces/share/custom_interfaces/cmake/export_custom_interfaces__rosidl_typesupport_fastrtps_cppExport.cmake
[1.448s] -- Up-to-date: /home/mohamad/Inmind/Robotics-Session6-Assignment/Session6_ros2_ws/install/custom_interfaces/share/custom_interfaces/cmake/export_custom_interfaces__rosidl_typesupport_fastrtps_cppExport-noconfig.cmake
[1.448s] -- Up-to-date: /home/mohamad/Inmind/Robotics-Session6-Assignment/Session6_ros2_ws/install/custom_interfaces/share/custom_interfaces/cmake/custom_interfaces__rosidl_typesupport_introspection_cppExport.cmake
[1.449s] -- Up-to-date: /home/mohamad/Inmind/Robotics-Session6-Assignment/Session6_ros2_ws/install/custom_interfaces/share/custom_interfaces/cmake/custom_interfaces__rosidl_typesupport_introspection_cppExport-noconfig.cmake
[1.449s] -- Up-to-date: /home/mohamad/Inmind/Robotics-Session6-Assignment/Session6_ros2_ws/install/custom_interfaces/share/custom_interfaces/cmake/custom_interfaces__rosidl_typesupport_cppExport.cmake
[1.449s] -- Up-to-date: /home/mohamad/Inmind/Robotics-Session6-Assignment/Session6_ros2_ws/install/custom_interfaces/share/custom_interfaces/cmake/custom_interfaces__rosidl_typesupport_cppExport-noconfig.cmake
[1.449s] -- Up-to-date: /home/mohamad/Inmind/Robotics-Session6-Assignment/Session6_ros2_ws/install/custom_interfaces/share/custom_interfaces/cmake/export_custom_interfaces__rosidl_generator_pyExport.cmake
[1.450s] -- Up-to-date: /home/mohamad/Inmind/Robotics-Session6-Assignment/Session6_ros2_ws/install/custom_interfaces/share/custom_interfaces/cmake/export_custom_interfaces__rosidl_generator_pyExport-noconfig.cmake
[1.450s] -- Up-to-date: /home/mohamad/Inmind/Robotics-Session6-Assignment/Session6_ros2_ws/install/custom_interfaces/share/custom_interfaces/cmake/rosidl_cmake-extras.cmake
[1.450s] -- Up-to-date: /home/mohamad/Inmind/Robotics-Session6-Assignment/Session6_ros2_ws/install/custom_interfaces/share/custom_interfaces/cmake/ament_cmake_export_dependencies-extras.cmake
[1.450s] -- Up-to-date: /home/mohamad/Inmind/Robotics-Session6-Assignment/Session6_ros2_ws/install/custom_interfaces/share/custom_interfaces/cmake/ament_cmake_export_include_directories-extras.cmake
[1.450s] -- Up-to-date: /home/mohamad/Inmind/Robotics-Session6-Assignment/Session6_ros2_ws/install/custom_interfaces/share/custom_interfaces/cmake/ament_cmake_export_libraries-extras.cmake
[1.450s] -- Up-to-date: /home/mohamad/Inmind/Robotics-Session6-Assignment/Session6_ros2_ws/install/custom_interfaces/share/custom_interfaces/cmake/ament_cmake_export_targets-extras.cmake
[1.451s] -- Up-to-date: /home/mohamad/Inmind/Robotics-Session6-Assignment/Session6_ros2_ws/install/custom_interfaces/share/custom_interfaces/cmake/rosidl_cmake_export_typesupport_targets-extras.cmake
[1.451s] -- Up-to-date: /home/mohamad/Inmind/Robotics-Session6-Assignment/Session6_ros2_ws/install/custom_interfaces/share/custom_interfaces/cmake/rosidl_cmake_export_typesupport_libraries-extras.cmake
[1.451s] -- Up-to-date: /home/mohamad/Inmind/Robotics-Session6-Assignment/Session6_ros2_ws/install/custom_interfaces/share/custom_interfaces/cmake/custom_interfacesConfig.cmake
[1.451s] -- Up-to-date: /home/mohamad/Inmind/Robotics-Session6-Assignment/Session6_ros2_ws/install/custom_interfaces/share/custom_interfaces/cmake/custom_interfacesConfig-version.cmake
[1.451s] -- Up-to-date: /home/mohamad/Inmind/Robotics-Session6-Assignment/Session6_ros2_ws/install/custom_interfaces/share/custom_interfaces/package.xml
[1.451s] Invoked command in '/home/mohamad/Inmind/Robotics-Session6-Assignment/Session6_ros2_ws/build/custom_interfaces' returned '0': CMAKE_PREFIX_PATH=${CMAKE_PREFIX_PATH}:/home/mohamad/Inmind/Robotics-Session6-Assignment/Session6_ros2_ws/install/session6_assignment:/home/mohamad/Inmind/ros2_ws/install/session5_academy:/home/mohamad/Inmind/Robotics-Session5-Ros2/session5_ros2_ws/install/session5_assignment:/home/mohamad/ros2_ws/install/my_robot_controller:/opt/ros/humble /usr/bin/cmake --install /home/mohamad/Inmind/Robotics-Session6-Assignment/Session6_ros2_ws/build/custom_interfaces
