[0.044s] Invoking command in '/home/mohamad/Inmind/Robotics-Session6-Assignment/Session6_ros2_ws/build/custom_interfaces': CMAKE_PREFIX_PATH=/home/mohamad/Inmind/Robotics-Session6-Assignment/Session6_ros2_ws/install/session6_assignment:/home/mohamad/Inmind/ros2_ws/install/session5_academy:/home/mohamad/Inmind/Robotics-Session5-Ros2/session5_ros2_ws/install/session5_assignment:/home/mohamad/ros2_ws/install/my_robot_controller:/opt/ros/humble /usr/bin/cmake /home/mohamad/Inmind/Robotics-Session6-Assignment/Session6_ros2_ws/src/custom_interfaces -DCMAKE_INSTALL_PREFIX=/home/mohamad/Inmind/Robotics-Session6-Assignment/Session6_ros2_ws/install/custom_interfaces
[0.067s] -- Found ament_cmake: 1.3.9 (/opt/ros/humble/share/ament_cmake/cmake)
[0.264s] -- Found ament_lint_auto: 0.12.11 (/opt/ros/humble/share/ament_lint_auto/cmake)
[0.358s] -- Found rosidl_default_generators: 1.2.0 (/opt/ros/humble/share/rosidl_default_generators/cmake)
[0.378s] -- Using all available rosidl_typesupport_c: rosidl_typesupport_fastrtps_c;rosidl_typesupport_introspection_c
[0.388s] -- Found rosidl_adapter: 3.1.5 (/opt/ros/humble/share/rosidl_adapter/cmake)
[0.416s] -- Using all available rosidl_typesupport_cpp: rosidl_typesupport_fastrtps_cpp;rosidl_typesupport_introspection_cpp
[0.670s] -- Configuring incomplete, errors occurred!
[0.670s] See also "/home/mohamad/Inmind/Robotics-Session6-Assignment/Session6_ros2_ws/build/custom_interfaces/CMakeFiles/CMakeOutput.log".
[0.670s] [31mCMake Error at /opt/ros/humble/share/rosidl_adapter/cmake/rosidl_adapt_interfaces.cmake:59 (message):
[0.670s]   execute_process(/usr/bin/python3 -m rosidl_adapter --package-name
[0.670s]   custom_interfaces --arguments-file
[0.670s]   /home/mohamad/Inmind/Robotics-Session6-Assignment/Session6_ros2_ws/build/custom_interfaces/rosidl_adapter__arguments__custom_interfaces.json
[0.670s]   --output-dir
[0.670s]   /home/mohamad/Inmind/Robotics-Session6-Assignment/Session6_ros2_ws/build/custom_interfaces/rosidl_adapter/custom_interfaces
[0.670s]   --output-file
[0.670s]   /home/mohamad/Inmind/Robotics-Session6-Assignment/Session6_ros2_ws/build/custom_interfaces/rosidl_adapter/custom_interfaces.idls)
[0.670s]   returned error code 1:
[0.670s] 
[0.672s]   Traceback (most recent call last):
[0.672s] 
[0.673s]     File "/usr/lib/python3.10/runpy.py", line 196, in _run_module_as_main
[0.673s]       return _run_code(code, main_globals, None,
[0.673s]     File "/usr/lib/python3.10/runpy.py", line 86, in _run_code
[0.673s]       exec(code, run_globals)
[0.673s]     File "/opt/ros/humble/local/lib/python3.10/dist-packages/rosidl_adapter/__main__.py", line 19, in <module>
[0.673s]       sys.exit(main())
[0.673s]     File "/opt/ros/humble/local/lib/python3.10/dist-packages/rosidl_adapter/main.py", line 53, in main
[0.673s]       abs_idl_file = convert_to_idl(
[0.673s]     File "/opt/ros/humble/local/lib/python3.10/dist-packages/rosidl_adapter/__init__.py", line 24, in convert_to_idl
[0.673s]       return convert_srv_to_idl(
[0.673s]     File "/opt/ros/humble/local/lib/python3.10/dist-packages/rosidl_adapter/srv/__init__.py", line 28, in convert_srv_to_idl
[0.673s]       srv = parse_service_string(package_name, input_file.stem, content)
[0.673s]     File "/opt/ros/humble/local/lib/python3.10/dist-packages/rosidl_adapter/parser.py", line 859, in parse_service_string
[0.673s]       request_message = parse_message_string(
[0.673s]     File "/opt/ros/humble/local/lib/python3.10/dist-packages/rosidl_adapter/parser.py", line 544, in parse_message_string
[0.673s]       msg = MessageSpecification(pkg_name, msg_name, fields, constants)
[0.673s]     File "/opt/ros/humble/local/lib/python3.10/dist-packages/rosidl_adapter/parser.py", line 388, in __init__
[0.674s]       self.base_type = BaseType(
[0.674s]     File "/opt/ros/humble/local/lib/python3.10/dist-packages/rosidl_adapter/parser.py", line 205, in __init__
[0.674s]       raise InvalidResourceName(
[0.674s] 
[0.674s]   rosidl_adapter.parser.InvalidResourceName: 'Check_stock_Request' is an
[0.678s]   invalid message name.  It should have the pattern '^[A-Z][A-Za-z0-9]*$'
[0.678s] 
[0.679s] Call Stack (most recent call first):
[0.679s]   /opt/ros/humble/share/rosidl_cmake/cmake/rosidl_generate_interfaces.cmake:130 (rosidl_adapt_interfaces)
[0.679s]   CMakeLists.txt:29 (rosidl_generate_interfaces)
[0.679s] 
[0.679s] [0m
[0.685s] Invoked command in '/home/mohamad/Inmind/Robotics-Session6-Assignment/Session6_ros2_ws/build/custom_interfaces' returned '1': CMAKE_PREFIX_PATH=/home/mohamad/Inmind/Robotics-Session6-Assignment/Session6_ros2_ws/install/session6_assignment:/home/mohamad/Inmind/ros2_ws/install/session5_academy:/home/mohamad/Inmind/Robotics-Session5-Ros2/session5_ros2_ws/install/session5_assignment:/home/mohamad/ros2_ws/install/my_robot_controller:/opt/ros/humble /usr/bin/cmake /home/mohamad/Inmind/Robotics-Session6-Assignment/Session6_ros2_ws/src/custom_interfaces -DCMAKE_INSTALL_PREFIX=/home/mohamad/Inmind/Robotics-Session6-Assignment/Session6_ros2_ws/install/custom_interfaces
