[0.153s] DEBUG:colcon:Command line arguments: ['/usr/bin/colcon', 'build']
[0.153s] DEBUG:colcon:Parsed command line arguments: Namespace(log_base=None, log_level=None, verb_name='build', build_base='build', install_base='install', merge_install=False, symlink_install=False, test_result_base=None, continue_on_error=False, executor='parallel', parallel_workers=4, event_handlers=None, ignore_user_meta=False, metas=['./colcon.meta'], base_paths=['.'], packages_ignore=None, packages_ignore_regex=None, paths=None, packages_up_to=None, packages_up_to_regex=None, packages_above=None, packages_above_and_dependencies=None, packages_above_depth=None, packages_select_by_dep=None, packages_skip_by_dep=None, packages_skip_up_to=None, packages_select_build_failed=False, packages_skip_build_finished=False, packages_select_test_failures=False, packages_skip_test_passed=False, packages_select=None, packages_skip=None, packages_select_regex=None, packages_skip_regex=None, packages_start=None, packages_end=None, allow_overriding=[], cmake_args=None, cmake_target=None, cmake_target_skip_unavailable=False, cmake_clean_cache=False, cmake_clean_first=False, cmake_force_configure=False, ament_cmake_args=None, catkin_cmake_args=None, catkin_skip_building_tests=False, verb_parser=<colcon_defaults.argument_parser.defaults.DefaultArgumentsDecorator object at 0x72b4869383a0>, verb_extension=<colcon_core.verb.build.BuildVerb object at 0x72b486a30eb0>, main=<bound method BuildVerb.main of <colcon_core.verb.build.BuildVerb object at 0x72b486a30eb0>>)
[0.341s] Level 1:colcon.colcon_core.package_discovery:discover_packages(colcon_meta) check parameters
[0.342s] Level 1:colcon.colcon_core.package_discovery:discover_packages(recursive) check parameters
[0.342s] Level 1:colcon.colcon_core.package_discovery:discover_packages(ignore) check parameters
[0.342s] Level 1:colcon.colcon_core.package_discovery:discover_packages(path) check parameters
[0.342s] Level 1:colcon.colcon_core.package_discovery:discover_packages(colcon_meta) discover
[0.342s] Level 1:colcon.colcon_core.package_discovery:discover_packages(recursive) discover
[0.343s] INFO:colcon.colcon_core.package_discovery:Crawling recursively for packages in '/home/mohamad/Inmind/Robotics-Session6-Assignment/Session6_ros2_ws'
[0.343s] Level 1:colcon.colcon_core.package_identification:_identify(.) by extensions ['ignore', 'ignore_ament_install']
[0.343s] Level 1:colcon.colcon_core.package_identification:_identify(.) by extension 'ignore'
[0.344s] Level 1:colcon.colcon_core.package_identification:_identify(.) by extension 'ignore_ament_install'
[0.344s] Level 1:colcon.colcon_core.package_identification:_identify(.) by extensions ['colcon_pkg']
[0.344s] Level 1:colcon.colcon_core.package_identification:_identify(.) by extension 'colcon_pkg'
[0.344s] Level 1:colcon.colcon_core.package_identification:_identify(.) by extensions ['colcon_meta']
[0.344s] Level 1:colcon.colcon_core.package_identification:_identify(.) by extension 'colcon_meta'
[0.345s] Level 1:colcon.colcon_core.package_identification:_identify(.) by extensions ['ros']
[0.345s] Level 1:colcon.colcon_core.package_identification:_identify(.) by extension 'ros'
[0.357s] Level 1:colcon.colcon_core.package_identification:_identify(.) by extensions ['cmake', 'python']
[0.357s] Level 1:colcon.colcon_core.package_identification:_identify(.) by extension 'cmake'
[0.357s] Level 1:colcon.colcon_core.package_identification:_identify(.) by extension 'python'
[0.357s] Level 1:colcon.colcon_core.package_identification:_identify(.) by extensions ['python_setup_py']
[0.358s] Level 1:colcon.colcon_core.package_identification:_identify(.) by extension 'python_setup_py'
[0.358s] Level 1:colcon.colcon_core.package_identification:_identify(build) by extensions ['ignore', 'ignore_ament_install']
[0.358s] Level 1:colcon.colcon_core.package_identification:_identify(build) by extension 'ignore'
[0.358s] Level 1:colcon.colcon_core.package_identification:_identify(build) ignored
[0.359s] Level 1:colcon.colcon_core.package_identification:_identify(install) by extensions ['ignore', 'ignore_ament_install']
[0.359s] Level 1:colcon.colcon_core.package_identification:_identify(install) by extension 'ignore'
[0.359s] Level 1:colcon.colcon_core.package_identification:_identify(install) ignored
[0.359s] Level 1:colcon.colcon_core.package_identification:_identify(log) by extensions ['ignore', 'ignore_ament_install']
[0.360s] Level 1:colcon.colcon_core.package_identification:_identify(log) by extension 'ignore'
[0.360s] Level 1:colcon.colcon_core.package_identification:_identify(log) ignored
[0.360s] Level 1:colcon.colcon_core.package_identification:_identify(src) by extensions ['ignore', 'ignore_ament_install']
[0.360s] Level 1:colcon.colcon_core.package_identification:_identify(src) by extension 'ignore'
[0.361s] Level 1:colcon.colcon_core.package_identification:_identify(src) by extension 'ignore_ament_install'
[0.361s] Level 1:colcon.colcon_core.package_identification:_identify(src) by extensions ['colcon_pkg']
[0.361s] Level 1:colcon.colcon_core.package_identification:_identify(src) by extension 'colcon_pkg'
[0.361s] Level 1:colcon.colcon_core.package_identification:_identify(src) by extensions ['colcon_meta']
[0.361s] Level 1:colcon.colcon_core.package_identification:_identify(src) by extension 'colcon_meta'
[0.361s] Level 1:colcon.colcon_core.package_identification:_identify(src) by extensions ['ros']
[0.362s] Level 1:colcon.colcon_core.package_identification:_identify(src) by extension 'ros'
[0.362s] Level 1:colcon.colcon_core.package_identification:_identify(src) by extensions ['cmake', 'python']
[0.362s] Level 1:colcon.colcon_core.package_identification:_identify(src) by extension 'cmake'
[0.362s] Level 1:colcon.colcon_core.package_identification:_identify(src) by extension 'python'
[0.362s] Level 1:colcon.colcon_core.package_identification:_identify(src) by extensions ['python_setup_py']
[0.363s] Level 1:colcon.colcon_core.package_identification:_identify(src) by extension 'python_setup_py'
[0.363s] Level 1:colcon.colcon_core.package_identification:_identify(src/custom_interfaces) by extensions ['ignore', 'ignore_ament_install']
[0.363s] Level 1:colcon.colcon_core.package_identification:_identify(src/custom_interfaces) by extension 'ignore'
[0.363s] Level 1:colcon.colcon_core.package_identification:_identify(src/custom_interfaces) by extension 'ignore_ament_install'
[0.364s] Level 1:colcon.colcon_core.package_identification:_identify(src/custom_interfaces) by extensions ['colcon_pkg']
[0.364s] Level 1:colcon.colcon_core.package_identification:_identify(src/custom_interfaces) by extension 'colcon_pkg'
[0.364s] Level 1:colcon.colcon_core.package_identification:_identify(src/custom_interfaces) by extensions ['colcon_meta']
[0.364s] Level 1:colcon.colcon_core.package_identification:_identify(src/custom_interfaces) by extension 'colcon_meta'
[0.364s] Level 1:colcon.colcon_core.package_identification:_identify(src/custom_interfaces) by extensions ['ros']
[0.365s] Level 1:colcon.colcon_core.package_identification:_identify(src/custom_interfaces) by extension 'ros'
[0.367s] DEBUG:colcon.colcon_core.package_identification:Package 'src/custom_interfaces' with type 'ros.ament_cmake' and name 'custom_interfaces'
[0.367s] Level 1:colcon.colcon_core.package_identification:_identify(src/session6_assignment) by extensions ['ignore', 'ignore_ament_install']
[0.367s] Level 1:colcon.colcon_core.package_identification:_identify(src/session6_assignment) by extension 'ignore'
[0.368s] Level 1:colcon.colcon_core.package_identification:_identify(src/session6_assignment) by extension 'ignore_ament_install'
[0.368s] Level 1:colcon.colcon_core.package_identification:_identify(src/session6_assignment) by extensions ['colcon_pkg']
[0.368s] Level 1:colcon.colcon_core.package_identification:_identify(src/session6_assignment) by extension 'colcon_pkg'
[0.368s] Level 1:colcon.colcon_core.package_identification:_identify(src/session6_assignment) by extensions ['colcon_meta']
[0.369s] Level 1:colcon.colcon_core.package_identification:_identify(src/session6_assignment) by extension 'colcon_meta'
[0.369s] Level 1:colcon.colcon_core.package_identification:_identify(src/session6_assignment) by extensions ['ros']
[0.369s] Level 1:colcon.colcon_core.package_identification:_identify(src/session6_assignment) by extension 'ros'
[0.369s] DEBUG:colcon.colcon_core.package_identification:Package 'src/session6_assignment' with type 'ros.ament_python' and name 'session6_assignment'
[0.370s] Level 1:colcon.colcon_core.package_discovery:discover_packages(recursive) using defaults
[0.370s] Level 1:colcon.colcon_core.package_discovery:discover_packages(ignore) discover
[0.370s] Level 1:colcon.colcon_core.package_discovery:discover_packages(ignore) using defaults
[0.370s] Level 1:colcon.colcon_core.package_discovery:discover_packages(path) discover
[0.370s] Level 1:colcon.colcon_core.package_discovery:discover_packages(path) using defaults
[0.397s] Level 1:colcon.colcon_core.package_discovery:discover_packages(prefix_path) check parameters
[0.397s] Level 1:colcon.colcon_core.package_discovery:discover_packages(prefix_path) discover
[0.399s] DEBUG:colcon.colcon_installed_package_information.package_discovery:Found 2 installed packages in /home/mohamad/Inmind/Robotics-Session6-Assignment/Session6_ros2_ws/install
[0.400s] DEBUG:colcon.colcon_installed_package_information.package_discovery:Found 1 installed packages in /home/mohamad/Inmind/Robotics-Session5-Ros2/session5_ros2_ws/install
[0.401s] DEBUG:colcon.colcon_installed_package_information.package_discovery:Found 1 installed packages in /home/mohamad/Inmind/ros2_ws/install
[0.401s] DEBUG:colcon.colcon_installed_package_information.package_discovery:Found 1 installed packages in /home/mohamad/ros2_ws/install
[0.403s] DEBUG:colcon.colcon_installed_package_information.package_discovery:Found 270 installed packages in /opt/ros/humble
[0.405s] Level 1:colcon.colcon_core.package_discovery:discover_packages(prefix_path) using defaults
[0.455s] Level 5:colcon.colcon_core.verb:set package 'custom_interfaces' build argument 'cmake_args' from command line to 'None'
[0.455s] Level 5:colcon.colcon_core.verb:set package 'custom_interfaces' build argument 'cmake_target' from command line to 'None'
[0.456s] Level 5:colcon.colcon_core.verb:set package 'custom_interfaces' build argument 'cmake_target_skip_unavailable' from command line to 'False'
[0.456s] Level 5:colcon.colcon_core.verb:set package 'custom_interfaces' build argument 'cmake_clean_cache' from command line to 'False'
[0.456s] Level 5:colcon.colcon_core.verb:set package 'custom_interfaces' build argument 'cmake_clean_first' from command line to 'False'
[0.456s] Level 5:colcon.colcon_core.verb:set package 'custom_interfaces' build argument 'cmake_force_configure' from command line to 'False'
[0.456s] Level 5:colcon.colcon_core.verb:set package 'custom_interfaces' build argument 'ament_cmake_args' from command line to 'None'
[0.457s] Level 5:colcon.colcon_core.verb:set package 'custom_interfaces' build argument 'catkin_cmake_args' from command line to 'None'
[0.457s] Level 5:colcon.colcon_core.verb:set package 'custom_interfaces' build argument 'catkin_skip_building_tests' from command line to 'False'
[0.457s] DEBUG:colcon.colcon_core.verb:Building package 'custom_interfaces' with the following arguments: {'ament_cmake_args': None, 'build_base': '/home/mohamad/Inmind/Robotics-Session6-Assignment/Session6_ros2_ws/build/custom_interfaces', 'catkin_cmake_args': None, 'catkin_skip_building_tests': False, 'cmake_args': None, 'cmake_clean_cache': False, 'cmake_clean_first': False, 'cmake_force_configure': False, 'cmake_target': None, 'cmake_target_skip_unavailable': False, 'install_base': '/home/mohamad/Inmind/Robotics-Session6-Assignment/Session6_ros2_ws/install/custom_interfaces', 'merge_install': False, 'path': '/home/mohamad/Inmind/Robotics-Session6-Assignment/Session6_ros2_ws/src/custom_interfaces', 'symlink_install': False, 'test_result_base': None}
[0.457s] Level 5:colcon.colcon_core.verb:set package 'session6_assignment' build argument 'cmake_args' from command line to 'None'
[0.458s] Level 5:colcon.colcon_core.verb:set package 'session6_assignment' build argument 'cmake_target' from command line to 'None'
[0.458s] Level 5:colcon.colcon_core.verb:set package 'session6_assignment' build argument 'cmake_target_skip_unavailable' from command line to 'False'
[0.458s] Level 5:colcon.colcon_core.verb:set package 'session6_assignment' build argument 'cmake_clean_cache' from command line to 'False'
[0.458s] Level 5:colcon.colcon_core.verb:set package 'session6_assignment' build argument 'cmake_clean_first' from command line to 'False'
[0.458s] Level 5:colcon.colcon_core.verb:set package 'session6_assignment' build argument 'cmake_force_configure' from command line to 'False'
[0.459s] Level 5:colcon.colcon_core.verb:set package 'session6_assignment' build argument 'ament_cmake_args' from command line to 'None'
[0.459s] Level 5:colcon.colcon_core.verb:set package 'session6_assignment' build argument 'catkin_cmake_args' from command line to 'None'
[0.459s] Level 5:colcon.colcon_core.verb:set package 'session6_assignment' build argument 'catkin_skip_building_tests' from command line to 'False'
[0.459s] DEBUG:colcon.colcon_core.verb:Building package 'session6_assignment' with the following arguments: {'ament_cmake_args': None, 'build_base': '/home/mohamad/Inmind/Robotics-Session6-Assignment/Session6_ros2_ws/build/session6_assignment', 'catkin_cmake_args': None, 'catkin_skip_building_tests': False, 'cmake_args': None, 'cmake_clean_cache': False, 'cmake_clean_first': False, 'cmake_force_configure': False, 'cmake_target': None, 'cmake_target_skip_unavailable': False, 'install_base': '/home/mohamad/Inmind/Robotics-Session6-Assignment/Session6_ros2_ws/install/session6_assignment', 'merge_install': False, 'path': '/home/mohamad/Inmind/Robotics-Session6-Assignment/Session6_ros2_ws/src/session6_assignment', 'symlink_install': False, 'test_result_base': None}
[0.459s] INFO:colcon.colcon_core.executor:Executing jobs using 'parallel' executor
[0.461s] DEBUG:colcon.colcon_parallel_executor.executor.parallel:run_until_complete
[0.462s] INFO:colcon.colcon_ros.task.ament_cmake.build:Building ROS package in '/home/mohamad/Inmind/Robotics-Session6-Assignment/Session6_ros2_ws/src/custom_interfaces' with build type 'ament_cmake'
[0.462s] INFO:colcon.colcon_cmake.task.cmake.build:Building CMake package in '/home/mohamad/Inmind/Robotics-Session6-Assignment/Session6_ros2_ws/src/custom_interfaces'
[0.464s] INFO:colcon.colcon_core.plugin_system:Skipping extension 'colcon_core.shell.bat': Not used on non-Windows systems
[0.465s] INFO:colcon.colcon_core.shell:Skip shell extension 'powershell' for command environment: Not usable outside of PowerShell
[0.465s] DEBUG:colcon.colcon_core.shell:Skip shell extension 'dsv' for command environment
[0.470s] INFO:colcon.colcon_ros.task.ament_python.build:Building ROS package in '/home/mohamad/Inmind/Robotics-Session6-Assignment/Session6_ros2_ws/src/session6_assignment' with build type 'ament_python'
[0.470s] Level 1:colcon.colcon_core.shell:create_environment_hook('session6_assignment', 'ament_prefix_path')
[0.471s] INFO:colcon.colcon_core.shell:Creating environment hook '/home/mohamad/Inmind/Robotics-Session6-Assignment/Session6_ros2_ws/install/session6_assignment/share/session6_assignment/hook/ament_prefix_path.ps1'
[0.472s] INFO:colcon.colcon_core.shell:Creating environment descriptor '/home/mohamad/Inmind/Robotics-Session6-Assignment/Session6_ros2_ws/install/session6_assignment/share/session6_assignment/hook/ament_prefix_path.dsv'
[0.473s] INFO:colcon.colcon_core.shell:Creating environment hook '/home/mohamad/Inmind/Robotics-Session6-Assignment/Session6_ros2_ws/install/session6_assignment/share/session6_assignment/hook/ament_prefix_path.sh'
[0.474s] INFO:colcon.colcon_core.shell:Skip shell extension 'powershell' for command environment: Not usable outside of PowerShell
[0.474s] DEBUG:colcon.colcon_core.shell:Skip shell extension 'dsv' for command environment
[0.855s] INFO:colcon.colcon_core.task.python.build:Building Python package in '/home/mohamad/Inmind/Robotics-Session6-Assignment/Session6_ros2_ws/src/session6_assignment'
[0.858s] INFO:colcon.colcon_core.shell:Skip shell extension 'powershell' for command environment: Not usable outside of PowerShell
[0.858s] DEBUG:colcon.colcon_core.shell:Skip shell extension 'dsv' for command environment
[0.923s] DEBUG:colcon.colcon_core.event_handler.log_command:Invoking command in '/home/mohamad/Inmind/Robotics-Session6-Assignment/Session6_ros2_ws/build/custom_interfaces': CMAKE_PREFIX_PATH=${CMAKE_PREFIX_PATH}:/home/mohamad/Inmind/Robotics-Session6-Assignment/Session6_ros2_ws/install/session6_assignment:/home/mohamad/Inmind/ros2_ws/install/session5_academy:/home/mohamad/Inmind/Robotics-Session5-Ros2/session5_ros2_ws/install/session5_assignment:/home/mohamad/ros2_ws/install/my_robot_controller:/opt/ros/humble /usr/bin/cmake --build /home/mohamad/Inmind/Robotics-Session6-Assignment/Session6_ros2_ws/build/custom_interfaces -- -j4 -l4
[1.505s] DEBUG:colcon.colcon_core.event_handler.log_command:Invoking command in '/home/mohamad/Inmind/Robotics-Session6-Assignment/Session6_ros2_ws/src/session6_assignment': PYTHONPATH=/home/mohamad/Inmind/Robotics-Session6-Assignment/Session6_ros2_ws/build/session6_assignment/prefix_override:/home/mohamad/Inmind/Robotics-Session6-Assignment/Session6_ros2_ws/install/session6_assignment/lib/python3.10/site-packages:${PYTHONPATH} /usr/bin/python3 -W ignore:setup.py install is deprecated setup.py egg_info --egg-base ../../build/session6_assignment build --build-base /home/mohamad/Inmind/Robotics-Session6-Assignment/Session6_ros2_ws/build/session6_assignment/build install --record /home/mohamad/Inmind/Robotics-Session6-Assignment/Session6_ros2_ws/build/session6_assignment/install.log --single-version-externally-managed install_data
[1.643s] DEBUG:colcon.colcon_core.event_handler.log_command:Invoked command in '/home/mohamad/Inmind/Robotics-Session6-Assignment/Session6_ros2_ws/build/custom_interfaces' returned '0': CMAKE_PREFIX_PATH=${CMAKE_PREFIX_PATH}:/home/mohamad/Inmind/Robotics-Session6-Assignment/Session6_ros2_ws/install/session6_assignment:/home/mohamad/Inmind/ros2_ws/install/session5_academy:/home/mohamad/Inmind/Robotics-Session5-Ros2/session5_ros2_ws/install/session5_assignment:/home/mohamad/ros2_ws/install/my_robot_controller:/opt/ros/humble /usr/bin/cmake --build /home/mohamad/Inmind/Robotics-Session6-Assignment/Session6_ros2_ws/build/custom_interfaces -- -j4 -l4
[1.947s] DEBUG:colcon.colcon_core.event_handler.log_command:Invoked command in '/home/mohamad/Inmind/Robotics-Session6-Assignment/Session6_ros2_ws/src/session6_assignment' returned '0': PYTHONPATH=/home/mohamad/Inmind/Robotics-Session6-Assignment/Session6_ros2_ws/build/session6_assignment/prefix_override:/home/mohamad/Inmind/Robotics-Session6-Assignment/Session6_ros2_ws/install/session6_assignment/lib/python3.10/site-packages:${PYTHONPATH} /usr/bin/python3 -W ignore:setup.py install is deprecated setup.py egg_info --egg-base ../../build/session6_assignment build --build-base /home/mohamad/Inmind/Robotics-Session6-Assignment/Session6_ros2_ws/build/session6_assignment/build install --record /home/mohamad/Inmind/Robotics-Session6-Assignment/Session6_ros2_ws/build/session6_assignment/install.log --single-version-externally-managed install_data
[1.950s] Level 1:colcon.colcon_core.environment:checking '/home/mohamad/Inmind/Robotics-Session6-Assignment/Session6_ros2_ws/install/session6_assignment' for CMake module files
[1.950s] Level 1:colcon.colcon_core.environment:checking '/home/mohamad/Inmind/Robotics-Session6-Assignment/Session6_ros2_ws/install/session6_assignment' for CMake config files
[1.951s] Level 1:colcon.colcon_core.environment:checking '/home/mohamad/Inmind/Robotics-Session6-Assignment/Session6_ros2_ws/install/session6_assignment/lib'
[1.951s] Level 1:colcon.colcon_core.environment:checking '/home/mohamad/Inmind/Robotics-Session6-Assignment/Session6_ros2_ws/install/session6_assignment/bin'
[1.952s] Level 1:colcon.colcon_core.environment:checking '/home/mohamad/Inmind/Robotics-Session6-Assignment/Session6_ros2_ws/install/session6_assignment/lib/pkgconfig/session6_assignment.pc'
[1.952s] Level 1:colcon.colcon_core.environment:checking '/home/mohamad/Inmind/Robotics-Session6-Assignment/Session6_ros2_ws/install/session6_assignment/lib/python3.10/site-packages'
[1.952s] Level 1:colcon.colcon_core.shell:create_environment_hook('session6_assignment', 'pythonpath')
[1.952s] INFO:colcon.colcon_core.shell:Creating environment hook '/home/mohamad/Inmind/Robotics-Session6-Assignment/Session6_ros2_ws/install/session6_assignment/share/session6_assignment/hook/pythonpath.ps1'
[1.953s] INFO:colcon.colcon_core.shell:Creating environment descriptor '/home/mohamad/Inmind/Robotics-Session6-Assignment/Session6_ros2_ws/install/session6_assignment/share/session6_assignment/hook/pythonpath.dsv'
[1.953s] INFO:colcon.colcon_core.shell:Creating environment hook '/home/mohamad/Inmind/Robotics-Session6-Assignment/Session6_ros2_ws/install/session6_assignment/share/session6_assignment/hook/pythonpath.sh'
[1.953s] Level 1:colcon.colcon_core.environment:checking '/home/mohamad/Inmind/Robotics-Session6-Assignment/Session6_ros2_ws/install/session6_assignment/bin'
[1.954s] Level 1:colcon.colcon_core.environment:create_environment_scripts_only(session6_assignment)
[1.955s] INFO:colcon.colcon_core.shell:Creating package script '/home/mohamad/Inmind/Robotics-Session6-Assignment/Session6_ros2_ws/install/session6_assignment/share/session6_assignment/package.ps1'
[1.956s] INFO:colcon.colcon_core.shell:Creating package descriptor '/home/mohamad/Inmind/Robotics-Session6-Assignment/Session6_ros2_ws/install/session6_assignment/share/session6_assignment/package.dsv'
[1.957s] INFO:colcon.colcon_core.shell:Creating package script '/home/mohamad/Inmind/Robotics-Session6-Assignment/Session6_ros2_ws/install/session6_assignment/share/session6_assignment/package.sh'
[1.958s] INFO:colcon.colcon_core.shell:Creating package script '/home/mohamad/Inmind/Robotics-Session6-Assignment/Session6_ros2_ws/install/session6_assignment/share/session6_assignment/package.bash'
[1.958s] INFO:colcon.colcon_core.shell:Creating package script '/home/mohamad/Inmind/Robotics-Session6-Assignment/Session6_ros2_ws/install/session6_assignment/share/session6_assignment/package.zsh'
[1.960s] Level 1:colcon.colcon_core.environment:create_file_with_runtime_dependencies(/home/mohamad/Inmind/Robotics-Session6-Assignment/Session6_ros2_ws/install/session6_assignment/share/colcon-core/packages/session6_assignment)
[2.172s] DEBUG:colcon.colcon_core.event_handler.log_command:Invoking command in '/home/mohamad/Inmind/Robotics-Session6-Assignment/Session6_ros2_ws/build/custom_interfaces': CMAKE_PREFIX_PATH=${CMAKE_PREFIX_PATH}:/home/mohamad/Inmind/Robotics-Session6-Assignment/Session6_ros2_ws/install/session6_assignment:/home/mohamad/Inmind/ros2_ws/install/session5_academy:/home/mohamad/Inmind/Robotics-Session5-Ros2/session5_ros2_ws/install/session5_assignment:/home/mohamad/ros2_ws/install/my_robot_controller:/opt/ros/humble /usr/bin/cmake --install /home/mohamad/Inmind/Robotics-Session6-Assignment/Session6_ros2_ws/build/custom_interfaces
[2.266s] Level 1:colcon.colcon_core.environment:create_environment_scripts_only(custom_interfaces)
[2.266s] Level 1:colcon.colcon_core.environment:checking '/home/mohamad/Inmind/Robotics-Session6-Assignment/Session6_ros2_ws/install/custom_interfaces' for CMake module files
[2.268s] DEBUG:colcon.colcon_core.event_handler.log_command:Invoked command in '/home/mohamad/Inmind/Robotics-Session6-Assignment/Session6_ros2_ws/build/custom_interfaces' returned '0': CMAKE_PREFIX_PATH=${CMAKE_PREFIX_PATH}:/home/mohamad/Inmind/Robotics-Session6-Assignment/Session6_ros2_ws/install/session6_assignment:/home/mohamad/Inmind/ros2_ws/install/session5_academy:/home/mohamad/Inmind/Robotics-Session5-Ros2/session5_ros2_ws/install/session5_assignment:/home/mohamad/ros2_ws/install/my_robot_controller:/opt/ros/humble /usr/bin/cmake --install /home/mohamad/Inmind/Robotics-Session6-Assignment/Session6_ros2_ws/build/custom_interfaces
[2.269s] Level 1:colcon.colcon_core.environment:checking '/home/mohamad/Inmind/Robotics-Session6-Assignment/Session6_ros2_ws/install/custom_interfaces' for CMake config files
[2.269s] Level 1:colcon.colcon_core.shell:create_environment_hook('custom_interfaces', 'cmake_prefix_path')
[2.270s] INFO:colcon.colcon_core.shell:Creating environment hook '/home/mohamad/Inmind/Robotics-Session6-Assignment/Session6_ros2_ws/install/custom_interfaces/share/custom_interfaces/hook/cmake_prefix_path.ps1'
[2.270s] INFO:colcon.colcon_core.shell:Creating environment descriptor '/home/mohamad/Inmind/Robotics-Session6-Assignment/Session6_ros2_ws/install/custom_interfaces/share/custom_interfaces/hook/cmake_prefix_path.dsv'
[2.271s] INFO:colcon.colcon_core.shell:Creating environment hook '/home/mohamad/Inmind/Robotics-Session6-Assignment/Session6_ros2_ws/install/custom_interfaces/share/custom_interfaces/hook/cmake_prefix_path.sh'
[2.281s] Level 1:colcon.colcon_core.environment:checking '/home/mohamad/Inmind/Robotics-Session6-Assignment/Session6_ros2_ws/install/custom_interfaces/lib'
[2.290s] Level 1:colcon.colcon_core.shell:create_environment_hook('custom_interfaces', 'ld_library_path_lib')
[2.292s] INFO:colcon.colcon_core.shell:Creating environment hook '/home/mohamad/Inmind/Robotics-Session6-Assignment/Session6_ros2_ws/install/custom_interfaces/share/custom_interfaces/hook/ld_library_path_lib.ps1'
[2.293s] INFO:colcon.colcon_core.shell:Creating environment descriptor '/home/mohamad/Inmind/Robotics-Session6-Assignment/Session6_ros2_ws/install/custom_interfaces/share/custom_interfaces/hook/ld_library_path_lib.dsv'
[2.294s] INFO:colcon.colcon_core.shell:Creating environment hook '/home/mohamad/Inmind/Robotics-Session6-Assignment/Session6_ros2_ws/install/custom_interfaces/share/custom_interfaces/hook/ld_library_path_lib.sh'
[2.295s] Level 1:colcon.colcon_core.environment:checking '/home/mohamad/Inmind/Robotics-Session6-Assignment/Session6_ros2_ws/install/custom_interfaces/bin'
[2.295s] Level 1:colcon.colcon_core.environment:checking '/home/mohamad/Inmind/Robotics-Session6-Assignment/Session6_ros2_ws/install/custom_interfaces/lib/pkgconfig/custom_interfaces.pc'
[2.297s] Level 1:colcon.colcon_core.environment:checking '/home/mohamad/Inmind/Robotics-Session6-Assignment/Session6_ros2_ws/install/custom_interfaces/lib/python3.10/site-packages'
[2.297s] Level 1:colcon.colcon_core.environment:checking '/home/mohamad/Inmind/Robotics-Session6-Assignment/Session6_ros2_ws/install/custom_interfaces/bin'
[2.297s] INFO:colcon.colcon_core.shell:Creating package script '/home/mohamad/Inmind/Robotics-Session6-Assignment/Session6_ros2_ws/install/custom_interfaces/share/custom_interfaces/package.ps1'
[2.298s] INFO:colcon.colcon_core.shell:Creating package descriptor '/home/mohamad/Inmind/Robotics-Session6-Assignment/Session6_ros2_ws/install/custom_interfaces/share/custom_interfaces/package.dsv'
[2.299s] INFO:colcon.colcon_core.shell:Creating package script '/home/mohamad/Inmind/Robotics-Session6-Assignment/Session6_ros2_ws/install/custom_interfaces/share/custom_interfaces/package.sh'
[2.300s] INFO:colcon.colcon_core.shell:Creating package script '/home/mohamad/Inmind/Robotics-Session6-Assignment/Session6_ros2_ws/install/custom_interfaces/share/custom_interfaces/package.bash'
[2.301s] INFO:colcon.colcon_core.shell:Creating package script '/home/mohamad/Inmind/Robotics-Session6-Assignment/Session6_ros2_ws/install/custom_interfaces/share/custom_interfaces/package.zsh'
[2.302s] Level 1:colcon.colcon_core.environment:create_file_with_runtime_dependencies(/home/mohamad/Inmind/Robotics-Session6-Assignment/Session6_ros2_ws/install/custom_interfaces/share/colcon-core/packages/custom_interfaces)
[2.654s] Level 1:colcon.colcon_core.environment:create_environment_scripts_only(custom_interfaces)
[2.654s] Level 1:colcon.colcon_core.environment:checking '/home/mohamad/Inmind/Robotics-Session6-Assignment/Session6_ros2_ws/install/custom_interfaces' for CMake module files
[2.655s] Level 1:colcon.colcon_core.environment:checking '/home/mohamad/Inmind/Robotics-Session6-Assignment/Session6_ros2_ws/install/custom_interfaces' for CMake config files
[2.655s] Level 1:colcon.colcon_core.shell:create_environment_hook('custom_interfaces', 'cmake_prefix_path')
[2.655s] INFO:colcon.colcon_core.shell:Creating environment hook '/home/mohamad/Inmind/Robotics-Session6-Assignment/Session6_ros2_ws/install/custom_interfaces/share/custom_interfaces/hook/cmake_prefix_path.ps1'
[2.656s] INFO:colcon.colcon_core.shell:Creating environment descriptor '/home/mohamad/Inmind/Robotics-Session6-Assignment/Session6_ros2_ws/install/custom_interfaces/share/custom_interfaces/hook/cmake_prefix_path.dsv'
[2.657s] INFO:colcon.colcon_core.shell:Creating environment hook '/home/mohamad/Inmind/Robotics-Session6-Assignment/Session6_ros2_ws/install/custom_interfaces/share/custom_interfaces/hook/cmake_prefix_path.sh'
[2.658s] Level 1:colcon.colcon_core.environment:checking '/home/mohamad/Inmind/Robotics-Session6-Assignment/Session6_ros2_ws/install/custom_interfaces/lib'
[2.658s] Level 1:colcon.colcon_core.shell:create_environment_hook('custom_interfaces', 'ld_library_path_lib')
[2.658s] INFO:colcon.colcon_core.shell:Creating environment hook '/home/mohamad/Inmind/Robotics-Session6-Assignment/Session6_ros2_ws/install/custom_interfaces/share/custom_interfaces/hook/ld_library_path_lib.ps1'
[2.659s] INFO:colcon.colcon_core.shell:Creating environment descriptor '/home/mohamad/Inmind/Robotics-Session6-Assignment/Session6_ros2_ws/install/custom_interfaces/share/custom_interfaces/hook/ld_library_path_lib.dsv'
[2.660s] INFO:colcon.colcon_core.shell:Creating environment hook '/home/mohamad/Inmind/Robotics-Session6-Assignment/Session6_ros2_ws/install/custom_interfaces/share/custom_interfaces/hook/ld_library_path_lib.sh'
[2.660s] Level 1:colcon.colcon_core.environment:checking '/home/mohamad/Inmind/Robotics-Session6-Assignment/Session6_ros2_ws/install/custom_interfaces/bin'
[2.661s] Level 1:colcon.colcon_core.environment:checking '/home/mohamad/Inmind/Robotics-Session6-Assignment/Session6_ros2_ws/install/custom_interfaces/lib/pkgconfig/custom_interfaces.pc'
[2.661s] Level 1:colcon.colcon_core.environment:checking '/home/mohamad/Inmind/Robotics-Session6-Assignment/Session6_ros2_ws/install/custom_interfaces/lib/python3.10/site-packages'
[2.661s] Level 1:colcon.colcon_core.environment:checking '/home/mohamad/Inmind/Robotics-Session6-Assignment/Session6_ros2_ws/install/custom_interfaces/bin'
[2.662s] INFO:colcon.colcon_core.shell:Creating package script '/home/mohamad/Inmind/Robotics-Session6-Assignment/Session6_ros2_ws/install/custom_interfaces/share/custom_interfaces/package.ps1'
[2.662s] INFO:colcon.colcon_core.shell:Creating package descriptor '/home/mohamad/Inmind/Robotics-Session6-Assignment/Session6_ros2_ws/install/custom_interfaces/share/custom_interfaces/package.dsv'
[2.663s] INFO:colcon.colcon_core.shell:Creating package script '/home/mohamad/Inmind/Robotics-Session6-Assignment/Session6_ros2_ws/install/custom_interfaces/share/custom_interfaces/package.sh'
[2.664s] INFO:colcon.colcon_core.shell:Creating package script '/home/mohamad/Inmind/Robotics-Session6-Assignment/Session6_ros2_ws/install/custom_interfaces/share/custom_interfaces/package.bash'
[2.665s] INFO:colcon.colcon_core.shell:Creating package script '/home/mohamad/Inmind/Robotics-Session6-Assignment/Session6_ros2_ws/install/custom_interfaces/share/custom_interfaces/package.zsh'
[2.665s] Level 1:colcon.colcon_core.environment:create_file_with_runtime_dependencies(/home/mohamad/Inmind/Robotics-Session6-Assignment/Session6_ros2_ws/install/custom_interfaces/share/colcon-core/packages/custom_interfaces)
[2.666s] DEBUG:colcon.colcon_parallel_executor.executor.parallel:closing loop
[2.666s] DEBUG:colcon.colcon_parallel_executor.executor.parallel:loop closed
[2.667s] DEBUG:colcon.colcon_parallel_executor.executor.parallel:run_until_complete finished with '0'
[2.668s] DEBUG:colcon.colcon_core.event_reactor:joining thread
[2.675s] INFO:colcon.colcon_core.plugin_system:Skipping extension 'colcon_notification.desktop_notification.terminal_notifier': Not used on non-Darwin systems
[2.675s] INFO:colcon.colcon_core.plugin_system:Skipping extension 'colcon_notification.desktop_notification.win32': Not used on non-Windows systems
[2.675s] INFO:colcon.colcon_notification.desktop_notification:Sending desktop notification using 'notify2'
[2.718s] DEBUG:colcon.colcon_core.event_reactor:joined thread
[2.719s] INFO:colcon.colcon_core.shell:Creating prefix script '/home/mohamad/Inmind/Robotics-Session6-Assignment/Session6_ros2_ws/install/local_setup.ps1'
[2.720s] INFO:colcon.colcon_core.shell:Creating prefix util module '/home/mohamad/Inmind/Robotics-Session6-Assignment/Session6_ros2_ws/install/_local_setup_util_ps1.py'
[2.723s] INFO:colcon.colcon_core.shell:Creating prefix chain script '/home/mohamad/Inmind/Robotics-Session6-Assignment/Session6_ros2_ws/install/setup.ps1'
[2.726s] INFO:colcon.colcon_core.shell:Creating prefix script '/home/mohamad/Inmind/Robotics-Session6-Assignment/Session6_ros2_ws/install/local_setup.sh'
[2.728s] INFO:colcon.colcon_core.shell:Creating prefix util module '/home/mohamad/Inmind/Robotics-Session6-Assignment/Session6_ros2_ws/install/_local_setup_util_sh.py'
[2.729s] INFO:colcon.colcon_core.shell:Creating prefix chain script '/home/mohamad/Inmind/Robotics-Session6-Assignment/Session6_ros2_ws/install/setup.sh'
[2.731s] INFO:colcon.colcon_core.shell:Creating prefix script '/home/mohamad/Inmind/Robotics-Session6-Assignment/Session6_ros2_ws/install/local_setup.bash'
[2.734s] INFO:colcon.colcon_core.shell:Creating prefix chain script '/home/mohamad/Inmind/Robotics-Session6-Assignment/Session6_ros2_ws/install/setup.bash'
[2.738s] INFO:colcon.colcon_core.shell:Creating prefix script '/home/mohamad/Inmind/Robotics-Session6-Assignment/Session6_ros2_ws/install/local_setup.zsh'
[2.739s] INFO:colcon.colcon_core.shell:Creating prefix chain script '/home/mohamad/Inmind/Robotics-Session6-Assignment/Session6_ros2_ws/install/setup.zsh'
