running egg_info
writing ../../build/session6_assignment/session6_assignment.egg-info/PKG-INFO
writing dependency_links to ../../build/session6_assignment/session6_assignment.egg-info/dependency_links.txt
writing entry points to ../../build/session6_assignment/session6_assignment.egg-info/entry_points.txt
writing requirements to ../../build/session6_assignment/session6_assignment.egg-info/requires.txt
writing top-level names to ../../build/session6_assignment/session6_assignment.egg-info/top_level.txt
reading manifest file '../../build/session6_assignment/session6_assignment.egg-info/SOURCES.txt'
writing manifest file '../../build/session6_assignment/session6_assignment.egg-info/SOURCES.txt'
running build
running build_py
copying session6_assignment/check_stock_node.py -> /home/mohamad/Inmind/Robotics-Session6-Assignment/Session6_ros2_ws/build/session6_assignment/build/lib/session6_assignment
running install
running install_lib
copying /home/mohamad/Inmind/Robotics-Session6-Assignment/Session6_ros2_ws/build/session6_assignment/build/lib/session6_assignment/check_stock_node.py -> /home/mohamad/Inmind/Robotics-Session6-Assignment/Session6_ros2_ws/install/session6_assignment/lib/python3.10/site-packages/session6_assignment
byte-compiling /home/mohamad/Inmind/Robotics-Session6-Assignment/Session6_ros2_ws/install/session6_assignment/lib/python3.10/site-packages/session6_assignment/check_stock_node.py to check_stock_node.cpython-310.pyc
running install_data
running install_egg_info
removing '/home/mohamad/Inmind/Robotics-Session6-Assignment/Session6_ros2_ws/install/session6_assignment/lib/python3.10/site-packages/session6_assignment-0.0.0-py3.10.egg-info' (and everything under it)
Copying ../../build/session6_assignment/session6_assignment.egg-info to /home/mohamad/Inmind/Robotics-Session6-Assignment/Session6_ros2_ws/install/session6_assignment/lib/python3.10/site-packages/session6_assignment-0.0.0-py3.10.egg-info
running install_scripts
Installing check_stock script to /home/mohamad/Inmind/Robotics-Session6-Assignment/Session6_ros2_ws/install/session6_assignment/lib/session6_assignment
writing list of installed files to '/home/mohamad/Inmind/Robotics-Session6-Assignment/Session6_ros2_ws/build/session6_assignment/install.log'
