[0.078s] Invoking command in '/home/mohamad/Inmind/Robotics-Session6-Assignment/Session6_ros2_ws/build/custom_interfaces': CMAKE_PREFIX_PATH=${CMAKE_PREFIX_PATH}:/home/mohamad/Inmind/Robotics-Session6-Assignment/Session6_ros2_ws/install/session6_assignment:/home/mohamad/Inmind/ros2_ws/install/session5_academy:/home/mohamad/Inmind/Robotics-Session5-Ros2/session5_ros2_ws/install/session5_assignment:/home/mohamad/ros2_ws/install/my_robot_controller:/opt/ros/humble /usr/bin/cmake --build /home/mohamad/Inmind/Robotics-Session6-Assignment/Session6_ros2_ws/build/custom_interfaces -- -j4 -l4
[0.229s] [  7%] Built target custom_interfaces__cpp
[0.229s] [ 12%] Built target custom_interfaces__rosidl_generator_c
[0.389s] [ 12%] Built target ament_cmake_python_copy_custom_interfaces
[0.442s] [ 23%] Built target custom_interfaces__rosidl_typesupport_introspection_c
[0.446s] [ 33%] Built target custom_interfaces__rosidl_typesupport_cpp
[0.452s] [ 43%] Built target custom_interfaces__rosidl_typesupport_fastrtps_c
[0.484s] [ 53%] Built target custom_interfaces__rosidl_typesupport_c
[0.505s] [ 64%] Built target custom_interfaces__rosidl_typesupport_fastrtps_cpp
[0.515s] [ 74%] Built target custom_interfaces__rosidl_typesupport_introspection_cpp
[0.554s] [ 74%] Built target custom_interfaces
[0.609s] [ 76%] Built target custom_interfaces__py
[0.657s] [ 84%] Built target custom_interfaces__rosidl_generator_py
[0.715s] [ 89%] Built target custom_interfaces__rosidl_typesupport_fastrtps_c__pyext
[0.728s] [ 94%] Built target custom_interfaces__rosidl_typesupport_introspection_c__pyext
[0.738s] [100%] Built target custom_interfaces__rosidl_typesupport_c__pyext
[0.767s] running egg_info
[0.768s] writing custom_interfaces.egg-info/PKG-INFO
[0.768s] writing dependency_links to custom_interfaces.egg-info/dependency_links.txt
[0.769s] writing top-level names to custom_interfaces.egg-info/top_level.txt
[0.774s] reading manifest file 'custom_interfaces.egg-info/SOURCES.txt'
[0.774s] writing manifest file 'custom_interfaces.egg-info/SOURCES.txt'
[0.842s] [100%] Built target ament_cmake_python_build_custom_interfaces_egg
[0.870s] Invoked command in '/home/mohamad/Inmind/Robotics-Session6-Assignment/Session6_ros2_ws/build/custom_interfaces' returned '0': CMAKE_PREFIX_PATH=${CMAKE_PREFIX_PATH}:/home/mohamad/Inmind/Robotics-Session6-Assignment/Session6_ros2_ws/install/session6_assignment:/home/mohamad/Inmind/ros2_ws/install/session5_academy:/home/mohamad/Inmind/Robotics-Session5-Ros2/session5_ros2_ws/install/session5_assignment:/home/mohamad/ros2_ws/install/my_robot_controller:/opt/ros/humble /usr/bin/cmake --build /home/mohamad/Inmind/Robotics-Session6-Assignment/Session6_ros2_ws/build/custom_interfaces -- -j4 -l4
[1.143s] Invoking command in '/home/mohamad/Inmind/Robotics-Session6-Assignment/Session6_ros2_ws/build/custom_interfaces': CMAKE_PREFIX_PATH=${CMAKE_PREFIX_PATH}:/home/mohamad/Inmind/Robotics-Session6-Assignment/Session6_ros2_ws/install/session6_assignment:/home/mohamad/Inmind/ros2_ws/install/session5_academy:/home/mohamad/Inmind/Robotics-Session5-Ros2/session5_ros2_ws/install/session5_assignment:/home/mohamad/ros2_ws/install/my_robot_controller:/opt/ros/humble /usr/bin/cmake --install /home/mohamad/Inmind/Robotics-Session6-Assignment/Session6_ros2_ws/build/custom_interfaces
[1.185s] -- Install configuration: ""
[1.185s] -- Up-to-date: /home/mohamad/Inmind/Robotics-Session6-Assignment/Session6_ros2_ws/install/custom_interfaces/share/ament_index/resource_index/rosidl_interfaces/custom_interfaces
[1.186s] -- Up-to-date: /home/mohamad/Inmind/Robotics-Session6-Assignment/Session6_ros2_ws/install/custom_interfaces/include/custom_interfaces/custom_interfaces
[1.186s] -- Up-to-date: /home/mohamad/Inmind/Robotics-Session6-Assignment/Session6_ros2_ws/install/custom_interfaces/include/custom_interfaces/custom_interfaces/action
[1.186s] -- Up-to-date: /home/mohamad/Inmind/Robotics-Session6-Assignment/Session6_ros2_ws/install/custom_interfaces/include/custom_interfaces/custom_interfaces/action/detail
[1.186s] -- Up-to-date: /home/mohamad/Inmind/Robotics-Session6-Assignment/Session6_ros2_ws/install/custom_interfaces/include/custom_interfaces/custom_interfaces/action/detail/deliver_item__struct.h
[1.186s] -- Up-to-date: /home/mohamad/Inmind/Robotics-Session6-Assignment/Session6_ros2_ws/install/custom_interfaces/include/custom_interfaces/custom_interfaces/action/detail/deliver_item__functions.c
[1.186s] -- Up-to-date: /home/mohamad/Inmind/Robotics-Session6-Assignment/Session6_ros2_ws/install/custom_interfaces/include/custom_interfaces/custom_interfaces/action/detail/deliver_item__type_support.h
[1.187s] -- Up-to-date: /home/mohamad/Inmind/Robotics-Session6-Assignment/Session6_ros2_ws/install/custom_interfaces/include/custom_interfaces/custom_interfaces/action/detail/deliver_item__functions.h
[1.187s] -- Up-to-date: /home/mohamad/Inmind/Robotics-Session6-Assignment/Session6_ros2_ws/install/custom_interfaces/include/custom_interfaces/custom_interfaces/action/deliver_item.h
[1.187s] -- Up-to-date: /home/mohamad/Inmind/Robotics-Session6-Assignment/Session6_ros2_ws/install/custom_interfaces/include/custom_interfaces/custom_interfaces/srv
[1.187s] -- Up-to-date: /home/mohamad/Inmind/Robotics-Session6-Assignment/Session6_ros2_ws/install/custom_interfaces/include/custom_interfaces/custom_interfaces/srv/detail
[1.187s] -- Up-to-date: /home/mohamad/Inmind/Robotics-Session6-Assignment/Session6_ros2_ws/install/custom_interfaces/include/custom_interfaces/custom_interfaces/srv/detail/check_stock__functions.c
[1.187s] -- Up-to-date: /home/mohamad/Inmind/Robotics-Session6-Assignment/Session6_ros2_ws/install/custom_interfaces/include/custom_interfaces/custom_interfaces/srv/detail/check_stock__type_support.h
[1.187s] -- Up-to-date: /home/mohamad/Inmind/Robotics-Session6-Assignment/Session6_ros2_ws/install/custom_interfaces/include/custom_interfaces/custom_interfaces/srv/detail/check_stock__functions.h
[1.187s] -- Up-to-date: /home/mohamad/Inmind/Robotics-Session6-Assignment/Session6_ros2_ws/install/custom_interfaces/include/custom_interfaces/custom_interfaces/srv/detail/check_stock__struct.h
[1.187s] -- Up-to-date: /home/mohamad/Inmind/Robotics-Session6-Assignment/Session6_ros2_ws/install/custom_interfaces/include/custom_interfaces/custom_interfaces/srv/check_stock.h
[1.187s] -- Up-to-date: /home/mohamad/Inmind/Robotics-Session6-Assignment/Session6_ros2_ws/install/custom_interfaces/include/custom_interfaces/custom_interfaces/msg
[1.187s] -- Up-to-date: /home/mohamad/Inmind/Robotics-Session6-Assignment/Session6_ros2_ws/install/custom_interfaces/include/custom_interfaces/custom_interfaces/msg/rosidl_generator_c__visibility_control.h
[1.188s] -- Up-to-date: /home/mohamad/Inmind/Robotics-Session6-Assignment/Session6_ros2_ws/install/custom_interfaces/share/custom_interfaces/environment/library_path.sh
[1.188s] -- Up-to-date: /home/mohamad/Inmind/Robotics-Session6-Assignment/Session6_ros2_ws/install/custom_interfaces/share/custom_interfaces/environment/library_path.dsv
[1.188s] -- Up-to-date: /home/mohamad/Inmind/Robotics-Session6-Assignment/Session6_ros2_ws/install/custom_interfaces/lib/libcustom_interfaces__rosidl_generator_c.so
[1.188s] -- Up-to-date: /home/mohamad/Inmind/Robotics-Session6-Assignment/Session6_ros2_ws/install/custom_interfaces/include/custom_interfaces/custom_interfaces
[1.188s] -- Up-to-date: /home/mohamad/Inmind/Robotics-Session6-Assignment/Session6_ros2_ws/install/custom_interfaces/include/custom_interfaces/custom_interfaces/action
[1.188s] -- Up-to-date: /home/mohamad/Inmind/Robotics-Session6-Assignment/Session6_ros2_ws/install/custom_interfaces/include/custom_interfaces/custom_interfaces/action/detail
[1.188s] -- Up-to-date: /home/mohamad/Inmind/Robotics-Session6-Assignment/Session6_ros2_ws/install/custom_interfaces/include/custom_interfaces/custom_interfaces/action/detail/deliver_item__rosidl_typesupport_fastrtps_c.h
[1.194s] -- Up-to-date: /home/mohamad/Inmind/Robotics-Session6-Assignment/Session6_ros2_ws/install/custom_interfaces/include/custom_interfaces/custom_interfaces/srv
[1.194s] -- Up-to-date: /home/mohamad/Inmind/Robotics-Session6-Assignment/Session6_ros2_ws/install/custom_interfaces/include/custom_interfaces/custom_interfaces/srv/detail
[1.195s] -- Up-to-date: /home/mohamad/Inmind/Robotics-Session6-Assignment/Session6_ros2_ws/install/custom_interfaces/include/custom_interfaces/custom_interfaces/srv/detail/check_stock__rosidl_typesupport_fastrtps_c.h
[1.195s] -- Up-to-date: /home/mohamad/Inmind/Robotics-Session6-Assignment/Session6_ros2_ws/install/custom_interfaces/include/custom_interfaces/custom_interfaces/msg
[1.195s] -- Up-to-date: /home/mohamad/Inmind/Robotics-Session6-Assignment/Session6_ros2_ws/install/custom_interfaces/include/custom_interfaces/custom_interfaces/msg/rosidl_typesupport_fastrtps_c__visibility_control.h
[1.195s] -- Up-to-date: /home/mohamad/Inmind/Robotics-Session6-Assignment/Session6_ros2_ws/install/custom_interfaces/lib/libcustom_interfaces__rosidl_typesupport_fastrtps_c.so
[1.195s] -- Up-to-date: /home/mohamad/Inmind/Robotics-Session6-Assignment/Session6_ros2_ws/install/custom_interfaces/include/custom_interfaces/custom_interfaces
[1.195s] -- Up-to-date: /home/mohamad/Inmind/Robotics-Session6-Assignment/Session6_ros2_ws/install/custom_interfaces/include/custom_interfaces/custom_interfaces/action
[1.196s] -- Up-to-date: /home/mohamad/Inmind/Robotics-Session6-Assignment/Session6_ros2_ws/install/custom_interfaces/include/custom_interfaces/custom_interfaces/action/detail
[1.196s] -- Up-to-date: /home/mohamad/Inmind/Robotics-Session6-Assignment/Session6_ros2_ws/install/custom_interfaces/include/custom_interfaces/custom_interfaces/action/detail/deliver_item__rosidl_typesupport_introspection_c.h
[1.196s] -- Up-to-date: /home/mohamad/Inmind/Robotics-Session6-Assignment/Session6_ros2_ws/install/custom_interfaces/include/custom_interfaces/custom_interfaces/action/detail/deliver_item__type_support.c
[1.197s] -- Up-to-date: /home/mohamad/Inmind/Robotics-Session6-Assignment/Session6_ros2_ws/install/custom_interfaces/include/custom_interfaces/custom_interfaces/srv
[1.197s] -- Up-to-date: /home/mohamad/Inmind/Robotics-Session6-Assignment/Session6_ros2_ws/install/custom_interfaces/include/custom_interfaces/custom_interfaces/srv/detail
[1.197s] -- Up-to-date: /home/mohamad/Inmind/Robotics-Session6-Assignment/Session6_ros2_ws/install/custom_interfaces/include/custom_interfaces/custom_interfaces/srv/detail/check_stock__type_support.c
[1.198s] -- Up-to-date: /home/mohamad/Inmind/Robotics-Session6-Assignment/Session6_ros2_ws/install/custom_interfaces/include/custom_interfaces/custom_interfaces/srv/detail/check_stock__rosidl_typesupport_introspection_c.h
[1.198s] -- Up-to-date: /home/mohamad/Inmind/Robotics-Session6-Assignment/Session6_ros2_ws/install/custom_interfaces/include/custom_interfaces/custom_interfaces/msg
[1.198s] -- Up-to-date: /home/mohamad/Inmind/Robotics-Session6-Assignment/Session6_ros2_ws/install/custom_interfaces/include/custom_interfaces/custom_interfaces/msg/rosidl_typesupport_introspection_c__visibility_control.h
[1.198s] -- Up-to-date: /home/mohamad/Inmind/Robotics-Session6-Assignment/Session6_ros2_ws/install/custom_interfaces/lib/libcustom_interfaces__rosidl_typesupport_introspection_c.so
[1.198s] -- Up-to-date: /home/mohamad/Inmind/Robotics-Session6-Assignment/Session6_ros2_ws/install/custom_interfaces/lib/libcustom_interfaces__rosidl_typesupport_c.so
[1.202s] -- Up-to-date: /home/mohamad/Inmind/Robotics-Session6-Assignment/Session6_ros2_ws/install/custom_interfaces/include/custom_interfaces/custom_interfaces
[1.202s] -- Up-to-date: /home/mohamad/Inmind/Robotics-Session6-Assignment/Session6_ros2_ws/install/custom_interfaces/include/custom_interfaces/custom_interfaces/action
[1.202s] -- Up-to-date: /home/mohamad/Inmind/Robotics-Session6-Assignment/Session6_ros2_ws/install/custom_interfaces/include/custom_interfaces/custom_interfaces/action/detail
[1.203s] -- Up-to-date: /home/mohamad/Inmind/Robotics-Session6-Assignment/Session6_ros2_ws/install/custom_interfaces/include/custom_interfaces/custom_interfaces/action/detail/deliver_item__struct.hpp
[1.203s] -- Up-to-date: /home/mohamad/Inmind/Robotics-Session6-Assignment/Session6_ros2_ws/install/custom_interfaces/include/custom_interfaces/custom_interfaces/action/detail/deliver_item__traits.hpp
[1.203s] -- Up-to-date: /home/mohamad/Inmind/Robotics-Session6-Assignment/Session6_ros2_ws/install/custom_interfaces/include/custom_interfaces/custom_interfaces/action/detail/deliver_item__builder.hpp
[1.204s] -- Up-to-date: /home/mohamad/Inmind/Robotics-Session6-Assignment/Session6_ros2_ws/install/custom_interfaces/include/custom_interfaces/custom_interfaces/action/deliver_item.hpp
[1.204s] -- Up-to-date: /home/mohamad/Inmind/Robotics-Session6-Assignment/Session6_ros2_ws/install/custom_interfaces/include/custom_interfaces/custom_interfaces/srv
[1.208s] -- Up-to-date: /home/mohamad/Inmind/Robotics-Session6-Assignment/Session6_ros2_ws/install/custom_interfaces/include/custom_interfaces/custom_interfaces/srv/check_stock.hpp
[1.208s] -- Up-to-date: /home/mohamad/Inmind/Robotics-Session6-Assignment/Session6_ros2_ws/install/custom_interfaces/include/custom_interfaces/custom_interfaces/srv/detail
[1.209s] -- Up-to-date: /home/mohamad/Inmind/Robotics-Session6-Assignment/Session6_ros2_ws/install/custom_interfaces/include/custom_interfaces/custom_interfaces/srv/detail/check_stock__traits.hpp
[1.209s] -- Up-to-date: /home/mohamad/Inmind/Robotics-Session6-Assignment/Session6_ros2_ws/install/custom_interfaces/include/custom_interfaces/custom_interfaces/srv/detail/check_stock__struct.hpp
[1.211s] -- Up-to-date: /home/mohamad/Inmind/Robotics-Session6-Assignment/Session6_ros2_ws/install/custom_interfaces/include/custom_interfaces/custom_interfaces/srv/detail/check_stock__builder.hpp
[1.211s] -- Up-to-date: /home/mohamad/Inmind/Robotics-Session6-Assignment/Session6_ros2_ws/install/custom_interfaces/include/custom_interfaces/custom_interfaces
[1.212s] -- Up-to-date: /home/mohamad/Inmind/Robotics-Session6-Assignment/Session6_ros2_ws/install/custom_interfaces/include/custom_interfaces/custom_interfaces/action
[1.212s] -- Up-to-date: /home/mohamad/Inmind/Robotics-Session6-Assignment/Session6_ros2_ws/install/custom_interfaces/include/custom_interfaces/custom_interfaces/action/detail
[1.212s] -- Up-to-date: /home/mohamad/Inmind/Robotics-Session6-Assignment/Session6_ros2_ws/install/custom_interfaces/include/custom_interfaces/custom_interfaces/action/detail/dds_fastrtps
[1.212s] -- Up-to-date: /home/mohamad/Inmind/Robotics-Session6-Assignment/Session6_ros2_ws/install/custom_interfaces/include/custom_interfaces/custom_interfaces/action/detail/deliver_item__rosidl_typesupport_fastrtps_cpp.hpp
[1.212s] -- Up-to-date: /home/mohamad/Inmind/Robotics-Session6-Assignment/Session6_ros2_ws/install/custom_interfaces/include/custom_interfaces/custom_interfaces/srv
[1.212s] -- Up-to-date: /home/mohamad/Inmind/Robotics-Session6-Assignment/Session6_ros2_ws/install/custom_interfaces/include/custom_interfaces/custom_interfaces/srv/detail
[1.212s] -- Up-to-date: /home/mohamad/Inmind/Robotics-Session6-Assignment/Session6_ros2_ws/install/custom_interfaces/include/custom_interfaces/custom_interfaces/srv/detail/dds_fastrtps
[1.212s] -- Up-to-date: /home/mohamad/Inmind/Robotics-Session6-Assignment/Session6_ros2_ws/install/custom_interfaces/include/custom_interfaces/custom_interfaces/srv/detail/check_stock__rosidl_typesupport_fastrtps_cpp.hpp
[1.212s] -- Up-to-date: /home/mohamad/Inmind/Robotics-Session6-Assignment/Session6_ros2_ws/install/custom_interfaces/include/custom_interfaces/custom_interfaces/msg
[1.212s] -- Up-to-date: /home/mohamad/Inmind/Robotics-Session6-Assignment/Session6_ros2_ws/install/custom_interfaces/include/custom_interfaces/custom_interfaces/msg/rosidl_typesupport_fastrtps_cpp__visibility_control.h
[1.212s] -- Up-to-date: /home/mohamad/Inmind/Robotics-Session6-Assignment/Session6_ros2_ws/install/custom_interfaces/lib/libcustom_interfaces__rosidl_typesupport_fastrtps_cpp.so
[1.212s] -- Up-to-date: /home/mohamad/Inmind/Robotics-Session6-Assignment/Session6_ros2_ws/install/custom_interfaces/include/custom_interfaces/custom_interfaces
[1.212s] -- Up-to-date: /home/mohamad/Inmind/Robotics-Session6-Assignment/Session6_ros2_ws/install/custom_interfaces/include/custom_interfaces/custom_interfaces/action
[1.212s] -- Up-to-date: /home/mohamad/Inmind/Robotics-Session6-Assignment/Session6_ros2_ws/install/custom_interfaces/include/custom_interfaces/custom_interfaces/action/detail
[1.212s] -- Up-to-date: /home/mohamad/Inmind/Robotics-Session6-Assignment/Session6_ros2_ws/install/custom_interfaces/include/custom_interfaces/custom_interfaces/action/detail/deliver_item__rosidl_typesupport_introspection_cpp.hpp
[1.213s] -- Up-to-date: /home/mohamad/Inmind/Robotics-Session6-Assignment/Session6_ros2_ws/install/custom_interfaces/include/custom_interfaces/custom_interfaces/action/detail/deliver_item__type_support.cpp
[1.213s] -- Up-to-date: /home/mohamad/Inmind/Robotics-Session6-Assignment/Session6_ros2_ws/install/custom_interfaces/include/custom_interfaces/custom_interfaces/srv
[1.214s] -- Up-to-date: /home/mohamad/Inmind/Robotics-Session6-Assignment/Session6_ros2_ws/install/custom_interfaces/include/custom_interfaces/custom_interfaces/srv/detail
[1.214s] -- Up-to-date: /home/mohamad/Inmind/Robotics-Session6-Assignment/Session6_ros2_ws/install/custom_interfaces/include/custom_interfaces/custom_interfaces/srv/detail/check_stock__type_support.cpp
[1.214s] -- Up-to-date: /home/mohamad/Inmind/Robotics-Session6-Assignment/Session6_ros2_ws/install/custom_interfaces/include/custom_interfaces/custom_interfaces/srv/detail/check_stock__rosidl_typesupport_introspection_cpp.hpp
[1.214s] -- Up-to-date: /home/mohamad/Inmind/Robotics-Session6-Assignment/Session6_ros2_ws/install/custom_interfaces/lib/libcustom_interfaces__rosidl_typesupport_introspection_cpp.so
[1.214s] -- Up-to-date: /home/mohamad/Inmind/Robotics-Session6-Assignment/Session6_ros2_ws/install/custom_interfaces/lib/libcustom_interfaces__rosidl_typesupport_cpp.so
[1.214s] -- Up-to-date: /home/mohamad/Inmind/Robotics-Session6-Assignment/Session6_ros2_ws/install/custom_interfaces/share/custom_interfaces/environment/pythonpath.sh
[1.215s] -- Up-to-date: /home/mohamad/Inmind/Robotics-Session6-Assignment/Session6_ros2_ws/install/custom_interfaces/share/custom_interfaces/environment/pythonpath.dsv
[1.215s] -- Up-to-date: /home/mohamad/Inmind/Robotics-Session6-Assignment/Session6_ros2_ws/install/custom_interfaces/local/lib/python3.10/dist-packages/custom_interfaces-0.0.0-py3.10.egg-info
[1.215s] -- Installing: /home/mohamad/Inmind/Robotics-Session6-Assignment/Session6_ros2_ws/install/custom_interfaces/local/lib/python3.10/dist-packages/custom_interfaces-0.0.0-py3.10.egg-info/top_level.txt
[1.215s] -- Installing: /home/mohamad/Inmind/Robotics-Session6-Assignment/Session6_ros2_ws/install/custom_interfaces/local/lib/python3.10/dist-packages/custom_interfaces-0.0.0-py3.10.egg-info/dependency_links.txt
[1.215s] -- Installing: /home/mohamad/Inmind/Robotics-Session6-Assignment/Session6_ros2_ws/install/custom_interfaces/local/lib/python3.10/dist-packages/custom_interfaces-0.0.0-py3.10.egg-info/PKG-INFO
[1.215s] -- Installing: /home/mohamad/Inmind/Robotics-Session6-Assignment/Session6_ros2_ws/install/custom_interfaces/local/lib/python3.10/dist-packages/custom_interfaces-0.0.0-py3.10.egg-info/SOURCES.txt
[1.215s] -- Up-to-date: /home/mohamad/Inmind/Robotics-Session6-Assignment/Session6_ros2_ws/install/custom_interfaces/local/lib/python3.10/dist-packages/custom_interfaces
[1.215s] -- Up-to-date: /home/mohamad/Inmind/Robotics-Session6-Assignment/Session6_ros2_ws/install/custom_interfaces/local/lib/python3.10/dist-packages/custom_interfaces/action
[1.216s] -- Up-to-date: /home/mohamad/Inmind/Robotics-Session6-Assignment/Session6_ros2_ws/install/custom_interfaces/local/lib/python3.10/dist-packages/custom_interfaces/action/_deliver_item_s.c
[1.216s] -- Up-to-date: /home/mohamad/Inmind/Robotics-Session6-Assignment/Session6_ros2_ws/install/custom_interfaces/local/lib/python3.10/dist-packages/custom_interfaces/action/__init__.py
[1.216s] -- Up-to-date: /home/mohamad/Inmind/Robotics-Session6-Assignment/Session6_ros2_ws/install/custom_interfaces/local/lib/python3.10/dist-packages/custom_interfaces/action/_deliver_item.py
[1.216s] -- Up-to-date: /home/mohamad/Inmind/Robotics-Session6-Assignment/Session6_ros2_ws/install/custom_interfaces/local/lib/python3.10/dist-packages/custom_interfaces/custom_interfaces_s__rosidl_typesupport_fastrtps_c.cpython-310-x86_64-linux-gnu.so
[1.216s] -- Up-to-date: /home/mohamad/Inmind/Robotics-Session6-Assignment/Session6_ros2_ws/install/custom_interfaces/local/lib/python3.10/dist-packages/custom_interfaces/custom_interfaces_s__rosidl_typesupport_introspection_c.cpython-310-x86_64-linux-gnu.so
[1.216s] -- Up-to-date: /home/mohamad/Inmind/Robotics-Session6-Assignment/Session6_ros2_ws/install/custom_interfaces/local/lib/python3.10/dist-packages/custom_interfaces/libcustom_interfaces__rosidl_generator_py.so
[1.216s] -- Up-to-date: /home/mohamad/Inmind/Robotics-Session6-Assignment/Session6_ros2_ws/install/custom_interfaces/local/lib/python3.10/dist-packages/custom_interfaces/_custom_interfaces_s.ep.rosidl_typesupport_introspection_c.c
[1.216s] -- Up-to-date: /home/mohamad/Inmind/Robotics-Session6-Assignment/Session6_ros2_ws/install/custom_interfaces/local/lib/python3.10/dist-packages/custom_interfaces/srv
[1.216s] -- Up-to-date: /home/mohamad/Inmind/Robotics-Session6-Assignment/Session6_ros2_ws/install/custom_interfaces/local/lib/python3.10/dist-packages/custom_interfaces/srv/_check_stock.py
[1.216s] -- Up-to-date: /home/mohamad/Inmind/Robotics-Session6-Assignment/Session6_ros2_ws/install/custom_interfaces/local/lib/python3.10/dist-packages/custom_interfaces/srv/__init__.py
[1.216s] -- Up-to-date: /home/mohamad/Inmind/Robotics-Session6-Assignment/Session6_ros2_ws/install/custom_interfaces/local/lib/python3.10/dist-packages/custom_interfaces/srv/_check_stock_s.c
[1.217s] -- Up-to-date: /home/mohamad/Inmind/Robotics-Session6-Assignment/Session6_ros2_ws/install/custom_interfaces/local/lib/python3.10/dist-packages/custom_interfaces/_custom_interfaces_s.ep.rosidl_typesupport_c.c
[1.217s] -- Up-to-date: /home/mohamad/Inmind/Robotics-Session6-Assignment/Session6_ros2_ws/install/custom_interfaces/local/lib/python3.10/dist-packages/custom_interfaces/__init__.py
[1.217s] -- Up-to-date: /home/mohamad/Inmind/Robotics-Session6-Assignment/Session6_ros2_ws/install/custom_interfaces/local/lib/python3.10/dist-packages/custom_interfaces/_custom_interfaces_s.ep.rosidl_typesupport_fastrtps_c.c
[1.217s] -- Up-to-date: /home/mohamad/Inmind/Robotics-Session6-Assignment/Session6_ros2_ws/install/custom_interfaces/local/lib/python3.10/dist-packages/custom_interfaces/custom_interfaces_s__rosidl_typesupport_c.cpython-310-x86_64-linux-gnu.so
[1.250s] Listing '/home/mohamad/Inmind/Robotics-Session6-Assignment/Session6_ros2_ws/install/custom_interfaces/local/lib/python3.10/dist-packages/custom_interfaces'...
[1.250s] Listing '/home/mohamad/Inmind/Robotics-Session6-Assignment/Session6_ros2_ws/install/custom_interfaces/local/lib/python3.10/dist-packages/custom_interfaces/action'...
[1.250s] Listing '/home/mohamad/Inmind/Robotics-Session6-Assignment/Session6_ros2_ws/install/custom_interfaces/local/lib/python3.10/dist-packages/custom_interfaces/srv'...
[1.259s] -- Up-to-date: /home/mohamad/Inmind/Robotics-Session6-Assignment/Session6_ros2_ws/install/custom_interfaces/local/lib/python3.10/dist-packages/custom_interfaces/custom_interfaces_s__rosidl_typesupport_fastrtps_c.cpython-310-x86_64-linux-gnu.so
[1.259s] -- Up-to-date: /home/mohamad/Inmind/Robotics-Session6-Assignment/Session6_ros2_ws/install/custom_interfaces/local/lib/python3.10/dist-packages/custom_interfaces/custom_interfaces_s__rosidl_typesupport_introspection_c.cpython-310-x86_64-linux-gnu.so
[1.259s] -- Up-to-date: /home/mohamad/Inmind/Robotics-Session6-Assignment/Session6_ros2_ws/install/custom_interfaces/local/lib/python3.10/dist-packages/custom_interfaces/custom_interfaces_s__rosidl_typesupport_c.cpython-310-x86_64-linux-gnu.so
[1.261s] -- Up-to-date: /home/mohamad/Inmind/Robotics-Session6-Assignment/Session6_ros2_ws/install/custom_interfaces/lib/libcustom_interfaces__rosidl_generator_py.so
[1.285s] -- Up-to-date: /home/mohamad/Inmind/Robotics-Session6-Assignment/Session6_ros2_ws/install/custom_interfaces/share/custom_interfaces/srv/CheckStock.idl
[1.285s] -- Up-to-date: /home/mohamad/Inmind/Robotics-Session6-Assignment/Session6_ros2_ws/install/custom_interfaces/share/custom_interfaces/action/DeliverItem.idl
[1.285s] -- Up-to-date: /home/mohamad/Inmind/Robotics-Session6-Assignment/Session6_ros2_ws/install/custom_interfaces/share/custom_interfaces/srv/CheckStock.srv
[1.285s] -- Up-to-date: /home/mohamad/Inmind/Robotics-Session6-Assignment/Session6_ros2_ws/install/custom_interfaces/share/custom_interfaces/srv/CheckStock_Request.msg
[1.286s] -- Up-to-date: /home/mohamad/Inmind/Robotics-Session6-Assignment/Session6_ros2_ws/install/custom_interfaces/share/custom_interfaces/srv/CheckStock_Response.msg
[1.286s] -- Up-to-date: /home/mohamad/Inmind/Robotics-Session6-Assignment/Session6_ros2_ws/install/custom_interfaces/share/custom_interfaces/action/DeliverItem.action
[1.286s] -- Up-to-date: /home/mohamad/Inmind/Robotics-Session6-Assignment/Session6_ros2_ws/install/custom_interfaces/share/ament_index/resource_index/package_run_dependencies/custom_interfaces
[1.286s] -- Up-to-date: /home/mohamad/Inmind/Robotics-Session6-Assignment/Session6_ros2_ws/install/custom_interfaces/share/ament_index/resource_index/parent_prefix_path/custom_interfaces
[1.286s] -- Up-to-date: /home/mohamad/Inmind/Robotics-Session6-Assignment/Session6_ros2_ws/install/custom_interfaces/share/custom_interfaces/environment/ament_prefix_path.sh
[1.286s] -- Up-to-date: /home/mohamad/Inmind/Robotics-Session6-Assignment/Session6_ros2_ws/install/custom_interfaces/share/custom_interfaces/environment/ament_prefix_path.dsv
[1.286s] -- Up-to-date: /home/mohamad/Inmind/Robotics-Session6-Assignment/Session6_ros2_ws/install/custom_interfaces/share/custom_interfaces/environment/path.sh
[1.286s] -- Up-to-date: /home/mohamad/Inmind/Robotics-Session6-Assignment/Session6_ros2_ws/install/custom_interfaces/share/custom_interfaces/environment/path.dsv
[1.286s] -- Up-to-date: /home/mohamad/Inmind/Robotics-Session6-Assignment/Session6_ros2_ws/install/custom_interfaces/share/custom_interfaces/local_setup.bash
[1.286s] -- Up-to-date: /home/mohamad/Inmind/Robotics-Session6-Assignment/Session6_ros2_ws/install/custom_interfaces/share/custom_interfaces/local_setup.sh
[1.286s] -- Up-to-date: /home/mohamad/Inmind/Robotics-Session6-Assignment/Session6_ros2_ws/install/custom_interfaces/share/custom_interfaces/local_setup.zsh
[1.286s] -- Up-to-date: /home/mohamad/Inmind/Robotics-Session6-Assignment/Session6_ros2_ws/install/custom_interfaces/share/custom_interfaces/local_setup.dsv
[1.291s] -- Installing: /home/mohamad/Inmind/Robotics-Session6-Assignment/Session6_ros2_ws/install/custom_interfaces/share/custom_interfaces/package.dsv
[1.292s] -- Up-to-date: /home/mohamad/Inmind/Robotics-Session6-Assignment/Session6_ros2_ws/install/custom_interfaces/share/ament_index/resource_index/packages/custom_interfaces
[1.292s] -- Up-to-date: /home/mohamad/Inmind/Robotics-Session6-Assignment/Session6_ros2_ws/install/custom_interfaces/share/custom_interfaces/cmake/export_custom_interfaces__rosidl_generator_cExport.cmake
[1.292s] -- Up-to-date: /home/mohamad/Inmind/Robotics-Session6-Assignment/Session6_ros2_ws/install/custom_interfaces/share/custom_interfaces/cmake/export_custom_interfaces__rosidl_generator_cExport-noconfig.cmake
[1.292s] -- Up-to-date: /home/mohamad/Inmind/Robotics-Session6-Assignment/Session6_ros2_ws/install/custom_interfaces/share/custom_interfaces/cmake/export_custom_interfaces__rosidl_typesupport_fastrtps_cExport.cmake
[1.292s] -- Up-to-date: /home/mohamad/Inmind/Robotics-Session6-Assignment/Session6_ros2_ws/install/custom_interfaces/share/custom_interfaces/cmake/export_custom_interfaces__rosidl_typesupport_fastrtps_cExport-noconfig.cmake
[1.292s] -- Up-to-date: /home/mohamad/Inmind/Robotics-Session6-Assignment/Session6_ros2_ws/install/custom_interfaces/share/custom_interfaces/cmake/custom_interfaces__rosidl_typesupport_introspection_cExport.cmake
[1.293s] -- Up-to-date: /home/mohamad/Inmind/Robotics-Session6-Assignment/Session6_ros2_ws/install/custom_interfaces/share/custom_interfaces/cmake/custom_interfaces__rosidl_typesupport_introspection_cExport-noconfig.cmake
[1.293s] -- Up-to-date: /home/mohamad/Inmind/Robotics-Session6-Assignment/Session6_ros2_ws/install/custom_interfaces/share/custom_interfaces/cmake/custom_interfaces__rosidl_typesupport_cExport.cmake
[1.293s] -- Up-to-date: /home/mohamad/Inmind/Robotics-Session6-Assignment/Session6_ros2_ws/install/custom_interfaces/share/custom_interfaces/cmake/custom_interfaces__rosidl_typesupport_cExport-noconfig.cmake
[1.293s] -- Up-to-date: /home/mohamad/Inmind/Robotics-Session6-Assignment/Session6_ros2_ws/install/custom_interfaces/share/custom_interfaces/cmake/export_custom_interfaces__rosidl_generator_cppExport.cmake
[1.293s] -- Up-to-date: /home/mohamad/Inmind/Robotics-Session6-Assignment/Session6_ros2_ws/install/custom_interfaces/share/custom_interfaces/cmake/export_custom_interfaces__rosidl_typesupport_fastrtps_cppExport.cmake
[1.293s] -- Up-to-date: /home/mohamad/Inmind/Robotics-Session6-Assignment/Session6_ros2_ws/install/custom_interfaces/share/custom_interfaces/cmake/export_custom_interfaces__rosidl_typesupport_fastrtps_cppExport-noconfig.cmake
[1.293s] -- Up-to-date: /home/mohamad/Inmind/Robotics-Session6-Assignment/Session6_ros2_ws/install/custom_interfaces/share/custom_interfaces/cmake/custom_interfaces__rosidl_typesupport_introspection_cppExport.cmake
[1.294s] -- Up-to-date: /home/mohamad/Inmind/Robotics-Session6-Assignment/Session6_ros2_ws/install/custom_interfaces/share/custom_interfaces/cmake/custom_interfaces__rosidl_typesupport_introspection_cppExport-noconfig.cmake
[1.294s] -- Up-to-date: /home/mohamad/Inmind/Robotics-Session6-Assignment/Session6_ros2_ws/install/custom_interfaces/share/custom_interfaces/cmake/custom_interfaces__rosidl_typesupport_cppExport.cmake
[1.294s] -- Up-to-date: /home/mohamad/Inmind/Robotics-Session6-Assignment/Session6_ros2_ws/install/custom_interfaces/share/custom_interfaces/cmake/custom_interfaces__rosidl_typesupport_cppExport-noconfig.cmake
[1.295s] -- Up-to-date: /home/mohamad/Inmind/Robotics-Session6-Assignment/Session6_ros2_ws/install/custom_interfaces/share/custom_interfaces/cmake/export_custom_interfaces__rosidl_generator_pyExport.cmake
[1.295s] -- Up-to-date: /home/mohamad/Inmind/Robotics-Session6-Assignment/Session6_ros2_ws/install/custom_interfaces/share/custom_interfaces/cmake/export_custom_interfaces__rosidl_generator_pyExport-noconfig.cmake
[1.295s] -- Up-to-date: /home/mohamad/Inmind/Robotics-Session6-Assignment/Session6_ros2_ws/install/custom_interfaces/share/custom_interfaces/cmake/rosidl_cmake-extras.cmake
[1.295s] -- Up-to-date: /home/mohamad/Inmind/Robotics-Session6-Assignment/Session6_ros2_ws/install/custom_interfaces/share/custom_interfaces/cmake/ament_cmake_export_dependencies-extras.cmake
[1.295s] -- Up-to-date: /home/mohamad/Inmind/Robotics-Session6-Assignment/Session6_ros2_ws/install/custom_interfaces/share/custom_interfaces/cmake/ament_cmake_export_include_directories-extras.cmake
[1.295s] -- Up-to-date: /home/mohamad/Inmind/Robotics-Session6-Assignment/Session6_ros2_ws/install/custom_interfaces/share/custom_interfaces/cmake/ament_cmake_export_libraries-extras.cmake
[1.296s] -- Up-to-date: /home/mohamad/Inmind/Robotics-Session6-Assignment/Session6_ros2_ws/install/custom_interfaces/share/custom_interfaces/cmake/ament_cmake_export_targets-extras.cmake
[1.296s] -- Up-to-date: /home/mohamad/Inmind/Robotics-Session6-Assignment/Session6_ros2_ws/install/custom_interfaces/share/custom_interfaces/cmake/rosidl_cmake_export_typesupport_targets-extras.cmake
[1.296s] -- Up-to-date: /home/mohamad/Inmind/Robotics-Session6-Assignment/Session6_ros2_ws/install/custom_interfaces/share/custom_interfaces/cmake/rosidl_cmake_export_typesupport_libraries-extras.cmake
[1.296s] -- Up-to-date: /home/mohamad/Inmind/Robotics-Session6-Assignment/Session6_ros2_ws/install/custom_interfaces/share/custom_interfaces/cmake/custom_interfacesConfig.cmake
[1.296s] -- Up-to-date: /home/mohamad/Inmind/Robotics-Session6-Assignment/Session6_ros2_ws/install/custom_interfaces/share/custom_interfaces/cmake/custom_interfacesConfig-version.cmake
[1.297s] -- Up-to-date: /home/mohamad/Inmind/Robotics-Session6-Assignment/Session6_ros2_ws/install/custom_interfaces/share/custom_interfaces/package.xml
[1.315s] Invoked command in '/home/mohamad/Inmind/Robotics-Session6-Assignment/Session6_ros2_ws/build/custom_interfaces' returned '0': CMAKE_PREFIX_PATH=${CMAKE_PREFIX_PATH}:/home/mohamad/Inmind/Robotics-Session6-Assignment/Session6_ros2_ws/install/session6_assignment:/home/mohamad/Inmind/ros2_ws/install/session5_academy:/home/mohamad/Inmind/Robotics-Session5-Ros2/session5_ros2_ws/install/session5_assignment:/home/mohamad/ros2_ws/install/my_robot_controller:/opt/ros/humble /usr/bin/cmake --install /home/mohamad/Inmind/Robotics-Session6-Assignment/Session6_ros2_ws/build/custom_interfaces
