[0.985s] Invoking command in '/home/mohamad/Inmind/Robotics-Session6-Assignment/Session6_ros2_ws/src/session6_assignment': PYTHONPATH=/home/mohamad/Inmind/Robotics-Session6-Assignment/Session6_ros2_ws/build/session6_assignment/prefix_override:/home/mohamad/Inmind/Robotics-Session6-Assignment/Session6_ros2_ws/install/session6_assignment/lib/python3.10/site-packages:${PYTHONPATH} /usr/bin/python3 -W ignore:setup.py install is deprecated setup.py egg_info --egg-base ../../build/session6_assignment build --build-base /home/mohamad/Inmind/Robotics-Session6-Assignment/Session6_ros2_ws/build/session6_assignment/build install --record /home/mohamad/Inmind/Robotics-Session6-Assignment/Session6_ros2_ws/build/session6_assignment/install.log --single-version-externally-managed install_data
[1.286s] running egg_info
[1.289s] writing ../../build/session6_assignment/session6_assignment.egg-info/PKG-INFO
[1.293s] writing dependency_links to ../../build/session6_assignment/session6_assignment.egg-info/dependency_links.txt
[1.293s] writing entry points to ../../build/session6_assignment/session6_assignment.egg-info/entry_points.txt
[1.295s] writing requirements to ../../build/session6_assignment/session6_assignment.egg-info/requires.txt
[1.297s] writing top-level names to ../../build/session6_assignment/session6_assignment.egg-info/top_level.txt
[1.298s] reading manifest file '../../build/session6_assignment/session6_assignment.egg-info/SOURCES.txt'
[1.301s] writing manifest file '../../build/session6_assignment/session6_assignment.egg-info/SOURCES.txt'
[1.303s] running build
[1.304s] running build_py
[1.304s] running install
[1.304s] running install_lib
[1.323s] running install_data
[1.323s] running install_egg_info
[1.330s] removing '/home/mohamad/Inmind/Robotics-Session6-Assignment/Session6_ros2_ws/install/session6_assignment/lib/python3.10/site-packages/session6_assignment-0.0.0-py3.10.egg-info' (and everything under it)
[1.330s] Copying ../../build/session6_assignment/session6_assignment.egg-info to /home/mohamad/Inmind/Robotics-Session6-Assignment/Session6_ros2_ws/install/session6_assignment/lib/python3.10/site-packages/session6_assignment-0.0.0-py3.10.egg-info
[1.331s] running install_scripts
[1.355s] Installing check_stock_client script to /home/mohamad/Inmind/Robotics-Session6-Assignment/Session6_ros2_ws/install/session6_assignment/lib/session6_assignment
[1.369s] Installing check_stock_service script to /home/mohamad/Inmind/Robotics-Session6-Assignment/Session6_ros2_ws/install/session6_assignment/lib/session6_assignment
[1.371s] writing list of installed files to '/home/mohamad/Inmind/Robotics-Session6-Assignment/Session6_ros2_ws/build/session6_assignment/install.log'
